#
# There is insufficient memory for the Java Runtime Environment to continue.
# Native memory allocation (mmap) failed to map 595591168 bytes. Error detail: G1 virtual space
# Possible reasons:
#   The system is out of physical RAM or swap space
#   This process is running with CompressedOops enabled, and the Java Heap may be blocking the growth of the native heap
# Possible solutions:
#   Reduce memory load on the system
#   Increase physical memory or swap space
#   Check if swap backing store is full
#   Decrease Java heap size (-Xmx/-Xms)
#   Decrease number of Java threads
#   Decrease Java thread stack sizes (-Xss)
#   Set larger code cache with -XX:ReservedCodeCacheSize=
#   JVM is running with Zero Based Compressed Oops mode in which the Java heap is
#     placed in the first 32GB address space. The Java Heap base address is the
#     maximum limit for the native heap growth. Please use -XX:HeapBaseMinAddress
#     to set the Java Heap base and to place the Java Heap above 32GB virtual address.
# This output file may be truncated or incomplete.
#
#  Out of Memory Error (os_windows.cpp:3618), pid=6448, tid=5116
#
# JRE version: OpenJDK Runtime Environment Temurin-17.0.14+7 (17.0.14+7) (build 17.0.14+7)
# Java VM: OpenJDK 64-Bit Server VM Temurin-17.0.14+7 (17.0.14+7, mixed mode, sharing, tiered, compressed oops, compressed class ptrs, g1 gc, windows-amd64)
# No core dump will be written. Minidumps are not enabled by default on client versions of Windows
#

---------------  S U M M A R Y ------------

Command Line: -XX:MaxMetaspaceSize=4G -XX:ReservedCodeCacheSize=512m -XX:+HeapDumpOnOutOfMemoryError --add-opens=java.base/java.util=ALL-UNNAMED --add-opens=java.base/java.lang=ALL-UNNAMED --add-opens=java.base/java.lang.invoke=ALL-UNNAMED --add-opens=java.prefs/java.util.prefs=ALL-UNNAMED --add-exports=jdk.compiler/com.sun.tools.javac.api=ALL-UNNAMED --add-exports=jdk.compiler/com.sun.tools.javac.util=ALL-UNNAMED --add-opens=java.base/java.nio.charset=ALL-UNNAMED --add-opens=java.base/java.net=ALL-UNNAMED --add-opens=java.base/java.util.concurrent.atomic=ALL-UNNAMED -Xmx8G -Dfile.encoding=utf8 -Duser.country=FR -Duser.language=fr -Duser.variant -javaagent:C:\Users\hp\.gradle\wrapper\dists\gradle-8.10.2-all\7iv73wktx1xtkvlq19urqw1wm\gradle-8.10.2\lib\agents\gradle-instrumentation-agent-8.10.2.jar org.gradle.launcher.daemon.bootstrap.GradleDaemon 8.10.2

Host: Intel(R) Core(TM) i7-4510U CPU @ 2.00GHz, 4 cores, 7G,  Windows 10 , 64 bit Build 19041 (10.0.19041.5915)
Time: Mon Jul 21 15:57:34 2025 Maroc (heure d64 bit Build 19041 (10.0.19041.5915) elapsed time: 2224.364720 seconds (0d 0h 37m 4s)

---------------  T H R E A D  ---------------

Current thread (0x0000016dfa292c90):  VMThread "VM Thread" [stack: 0x0000001083d00000,0x0000001083e00000] [id=5116]

Stack: [0x0000001083d00000,0x0000001083e00000]
Native frames: (J=compiled Java code, j=interpreted, Vv=VM code, C=native code)
V  [jvm.dll+0x682eb9]
V  [jvm.dll+0x8399c8]
V  [jvm.dll+0x83b473]
V  [jvm.dll+0x83bae3]
V  [jvm.dll+0x24715f]
V  [jvm.dll+0x67fc99]
V  [jvm.dll+0x674b8a]
V  [jvm.dll+0x304c06]
V  [jvm.dll+0x30c0c6]
V  [jvm.dll+0x35dc3e]
V  [jvm.dll+0x35de7d]
V  [jvm.dll+0x2dbfcc]
V  [jvm.dll+0x2da36f]
V  [jvm.dll+0x2d9adc]
V  [jvm.dll+0x31d2bb]
V  [jvm.dll+0x84031d]
V  [jvm.dll+0x841053]
V  [jvm.dll+0x84157f]
V  [jvm.dll+0x841964]
V  [jvm.dll+0x841a2e]
V  [jvm.dll+0x7e948c]
V  [jvm.dll+0x681d97]
C  [ucrtbase.dll+0x21bb2]
C  [KERNEL32.DLL+0x17374]
C  [ntdll.dll+0x4cc91]

VM_Operation (0x00000010882f6780): G1CollectForAllocation, mode: safepoint, requested by thread 0x0000016e46ded5f0


---------------  P R O C E S S  ---------------

Threads class SMR info:
_java_thread_list=0x0000016e47737300, length=86, elements={
0x0000016de74a9b90, 0x0000016dfa29aaf0, 0x0000016dfa29b970, 0x0000016dfa2b3d80,
0x0000016dfa2b6760, 0x0000016dfa2b78c0, 0x0000016dfa2b8280, 0x0000016dfa2bb030,
0x0000016dfa2bca20, 0x0000016dfa2c9120, 0x0000016dfa287660, 0x0000016dfca24830,
0x0000016dfca75420, 0x0000016dfcc22030, 0x0000016dfcbefda0, 0x0000016e42969970,
0x0000016dfc953a80, 0x0000016dfc8754b0, 0x0000016dfc874fa0, 0x0000016dfc8768f0,
0x0000016dfc8759c0, 0x0000016dfc874580, 0x0000016dfc874a90, 0x0000016dfc875ed0,
0x0000016dfc8763e0, 0x0000016dfc877820, 0x0000016dfc876e00, 0x0000016dfc877310,
0x0000016dfc874070, 0x0000016e448c3b60, 0x0000016e448c63e0, 0x0000016e448c4fa0,
0x0000016e448c08c0, 0x0000016e448c0dd0, 0x0000016e448c2c30, 0x0000016e448c6e00,
0x0000016e448bfea0, 0x0000016e448c3140, 0x0000016e448c4a90, 0x0000016e48551960,
0x0000016e48550520, 0x0000016e4854cd70, 0x0000016e4854d280, 0x0000016e4854d790,
0x0000016e48550a30, 0x0000016e48550f40, 0x0000016e4854e1b0, 0x0000016e48551450,
0x0000016e48552380, 0x0000016e4854f0e0, 0x0000016e4854e6c0, 0x0000016e4854ebd0,
0x0000016e4854f5f0, 0x0000016e4854af10, 0x0000016e48552890, 0x0000016e4854b420,
0x0000016e4854b930, 0x0000016e4849be30, 0x0000016e4849c340, 0x0000016e4849af00,
0x0000016e484990a0, 0x0000016e4849a9f0, 0x0000016e484995b0, 0x0000016e4849b410,
0x0000016e485ac060, 0x0000016e46ded5f0, 0x0000016e46dea350, 0x0000016e46dee010,
0x0000016e46dee520, 0x0000016e46dec6c0, 0x0000016e46deb790, 0x0000016e46decbd0,
0x0000016e46dea860, 0x0000016e46debca0, 0x0000016e46dedb00, 0x0000016e46deef40,
0x0000016e46dead70, 0x0000016e46ded0e0, 0x0000016e46deea30, 0x0000016e46def450,
0x0000016e46de8f10, 0x0000016e46de7fe0, 0x0000016e46de8a00, 0x0000016e46de84f0,
0x0000016e46de9420, 0x0000016e46ee5730
}

Java Threads: ( => current thread )
  0x0000016de74a9b90 JavaThread "main" [_thread_blocked, id=8264, stack(0x0000001083700000,0x0000001083800000)]
  0x0000016dfa29aaf0 JavaThread "Reference Handler" daemon [_thread_blocked, id=6524, stack(0x0000001083e00000,0x0000001083f00000)]
  0x0000016dfa29b970 JavaThread "Finalizer" daemon [_thread_blocked, id=4660, stack(0x0000001083f00000,0x0000001084000000)]
  0x0000016dfa2b3d80 JavaThread "Signal Dispatcher" daemon [_thread_blocked, id=3256, stack(0x0000001084000000,0x0000001084100000)]
  0x0000016dfa2b6760 JavaThread "Attach Listener" daemon [_thread_blocked, id=8796, stack(0x0000001084100000,0x0000001084200000)]
  0x0000016dfa2b78c0 JavaThread "Service Thread" daemon [_thread_blocked, id=5744, stack(0x0000001084200000,0x0000001084300000)]
  0x0000016dfa2b8280 JavaThread "Monitor Deflation Thread" daemon [_thread_blocked, id=7492, stack(0x0000001084300000,0x0000001084400000)]
  0x0000016dfa2bb030 JavaThread "C2 CompilerThread0" daemon [_thread_blocked, id=9240, stack(0x0000001084400000,0x0000001084500000)]
  0x0000016dfa2bca20 JavaThread "C1 CompilerThread0" daemon [_thread_blocked, id=9896, stack(0x0000001084500000,0x0000001084600000)]
  0x0000016dfa2c9120 JavaThread "Sweeper thread" daemon [_thread_blocked, id=684, stack(0x0000001084600000,0x0000001084700000)]
  0x0000016dfa287660 JavaThread "Common-Cleaner" daemon [_thread_blocked, id=10192, stack(0x0000001084700000,0x0000001084800000)]
  0x0000016dfca24830 JavaThread "Notification Thread" daemon [_thread_blocked, id=7220, stack(0x0000001084800000,0x0000001084900000)]
  0x0000016dfca75420 JavaThread "Daemon health stats" [_thread_blocked, id=9352, stack(0x0000001084d00000,0x0000001084e00000)]
  0x0000016dfcc22030 JavaThread "Incoming local TCP Connector on port 50391" [_thread_in_native, id=9588, stack(0x0000001084e00000,0x0000001084f00000)]
  0x0000016dfcbefda0 JavaThread "Daemon periodic checks" [_thread_blocked, id=2868, stack(0x0000001084f00000,0x0000001085000000)]
  0x0000016e42969970 JavaThread "Daemon" [_thread_blocked, id=10060, stack(0x0000001085000000,0x0000001085100000)]
  0x0000016dfc953a80 JavaThread "Handler for socket connection from /127.0.0.1:50391 to /127.0.0.1:50395" [_thread_in_native, id=9908, stack(0x0000001085100000,0x0000001085200000)]
  0x0000016dfc8754b0 JavaThread "Cancel handler" [_thread_blocked, id=9956, stack(0x0000001085200000,0x0000001085300000)]
  0x0000016dfc874fa0 JavaThread "Daemon worker" [_thread_blocked, id=9984, stack(0x0000001085300000,0x0000001085400000)]
  0x0000016dfc8768f0 JavaThread "Asynchronous log dispatcher for DefaultDaemonConnection: socket connection from /127.0.0.1:50391 to /127.0.0.1:50395" [_thread_blocked, id=10000, stack(0x0000001085400000,0x0000001085500000)]
  0x0000016dfc8759c0 JavaThread "Stdin handler" [_thread_blocked, id=9952, stack(0x0000001085500000,0x0000001085600000)]
  0x0000016dfc874580 JavaThread "Daemon client event forwarder" [_thread_blocked, id=5568, stack(0x0000001085600000,0x0000001085700000)]
  0x0000016dfc874a90 JavaThread "Cache worker for journal cache (C:\Users\hp\.gradle\caches\journal-1)" [_thread_blocked, id=9444, stack(0x0000001085700000,0x0000001085800000)]
  0x0000016dfc875ed0 JavaThread "File lock request listener" [_thread_in_native, id=6484, stack(0x0000001085800000,0x0000001085900000)]
  0x0000016dfc8763e0 JavaThread "Cache worker for file hash cache (C:\Users\hp\.gradle\caches\8.10.2\fileHashes)" [_thread_blocked, id=6840, stack(0x0000001085900000,0x0000001085a00000)]
  0x0000016dfc877820 JavaThread "Cache worker for file hash cache (C:\Users\hp\Tiforama_v8\android\.gradle\8.10.2\fileHashes)" [_thread_blocked, id=8696, stack(0x0000001085a00000,0x0000001085b00000)]
  0x0000016dfc876e00 JavaThread "Cache worker for Build Output Cleanup Cache (C:\Users\hp\Tiforama_v8\android\.gradle\buildOutputCleanup)" [_thread_blocked, id=3820, stack(0x0000001085b00000,0x0000001085c00000)]
  0x0000016dfc877310 JavaThread "File watcher server" daemon [_thread_in_native, id=9388, stack(0x0000001085c00000,0x0000001085d00000)]
  0x0000016dfc874070 JavaThread "File watcher consumer" daemon [_thread_blocked, id=9316, stack(0x0000001085d00000,0x0000001085e00000)]
  0x0000016e448c3b60 JavaThread "jar transforms" [_thread_blocked, id=9560, stack(0x0000001085e00000,0x0000001085f00000)]
  0x0000016e448c63e0 JavaThread "jar transforms Thread 2" [_thread_blocked, id=9976, stack(0x0000001085f00000,0x0000001086000000)]
  0x0000016e448c4fa0 JavaThread "jar transforms Thread 3" [_thread_blocked, id=7336, stack(0x0000001086000000,0x0000001086100000)]
  0x0000016e448c08c0 JavaThread "Cache worker for checksums cache (C:\Users\hp\Tiforama_v8\android\.gradle\8.10.2\checksums)" [_thread_blocked, id=9796, stack(0x0000001086100000,0x0000001086200000)]
  0x0000016e448c0dd0 JavaThread "Cache worker for file content cache (C:\Users\hp\.gradle\caches\8.10.2\fileContent)" [_thread_blocked, id=9612, stack(0x0000001086300000,0x0000001086400000)]
  0x0000016e448c2c30 JavaThread "Cache worker for cache directory md-rule (C:\Users\hp\.gradle\caches\8.10.2\md-rule)" [_thread_blocked, id=6848, stack(0x0000001086400000,0x0000001086500000)]
  0x0000016e448c6e00 JavaThread "Cache worker for cache directory md-supplier (C:\Users\hp\.gradle\caches\8.10.2\md-supplier)" [_thread_blocked, id=8380, stack(0x0000001086500000,0x0000001086600000)]
  0x0000016e448bfea0 JavaThread "jar transforms Thread 4" [_thread_blocked, id=9624, stack(0x0000001083400000,0x0000001083500000)]
  0x0000016e448c3140 JavaThread "Cache worker for Build Output Cleanup Cache (C:\src\flutter\packages\flutter_tools\gradle\.gradle\buildOutputCleanup)" [_thread_blocked, id=2988, stack(0x0000001083500000,0x0000001083600000)]
  0x0000016e448c4a90 JavaThread "Kotlin DSL Writer" [_thread_blocked, id=8156, stack(0x0000001083600000,0x0000001083700000)]
  0x0000016e48551960 JavaThread "Unconstrained build operations" [_thread_blocked, id=7232, stack(0x0000001086700000,0x0000001086800000)]
  0x0000016e48550520 JavaThread "Unconstrained build operations Thread 2" [_thread_blocked, id=10084, stack(0x0000001086800000,0x0000001086900000)]
  0x0000016e4854cd70 JavaThread "Unconstrained build operations Thread 3" [_thread_blocked, id=6072, stack(0x0000001086900000,0x0000001086a00000)]
  0x0000016e4854d280 JavaThread "Unconstrained build operations Thread 4" [_thread_blocked, id=5940, stack(0x0000001086a00000,0x0000001086b00000)]
  0x0000016e4854d790 JavaThread "Unconstrained build operations Thread 5" [_thread_blocked, id=9692, stack(0x0000001086b00000,0x0000001086c00000)]
  0x0000016e48550a30 JavaThread "Unconstrained build operations Thread 6" [_thread_blocked, id=6860, stack(0x0000001086c00000,0x0000001086d00000)]
  0x0000016e48550f40 JavaThread "Unconstrained build operations Thread 7" [_thread_blocked, id=9424, stack(0x0000001086e00000,0x0000001086f00000)]
  0x0000016e4854e1b0 JavaThread "Unconstrained build operations Thread 8" [_thread_blocked, id=2396, stack(0x0000001086f00000,0x0000001087000000)]
  0x0000016e48551450 JavaThread "Unconstrained build operations Thread 9" [_thread_blocked, id=10052, stack(0x0000001087000000,0x0000001087100000)]
  0x0000016e48552380 JavaThread "Unconstrained build operations Thread 10" [_thread_blocked, id=1376, stack(0x0000001087100000,0x0000001087200000)]
  0x0000016e4854f0e0 JavaThread "Unconstrained build operations Thread 11" [_thread_blocked, id=3592, stack(0x0000001087200000,0x0000001087300000)]
  0x0000016e4854e6c0 JavaThread "Unconstrained build operations Thread 12" [_thread_blocked, id=10068, stack(0x0000001087400000,0x0000001087500000)]
  0x0000016e4854ebd0 JavaThread "Unconstrained build operations Thread 13" [_thread_blocked, id=8548, stack(0x0000001087500000,0x0000001087600000)]
  0x0000016e4854f5f0 JavaThread "Unconstrained build operations Thread 14" [_thread_blocked, id=3140, stack(0x0000001087600000,0x0000001087700000)]
  0x0000016e4854af10 JavaThread "Unconstrained build operations Thread 15" [_thread_blocked, id=6704, stack(0x0000001087700000,0x0000001087800000)]
  0x0000016e48552890 JavaThread "Unconstrained build operations Thread 16" [_thread_blocked, id=3144, stack(0x0000001087800000,0x0000001087900000)]
  0x0000016e4854b420 JavaThread "Unconstrained build operations Thread 17" [_thread_blocked, id=9068, stack(0x0000001087900000,0x0000001087a00000)]
  0x0000016e4854b930 JavaThread "Unconstrained build operations Thread 18" [_thread_blocked, id=1744, stack(0x0000001087a00000,0x0000001087b00000)]
  0x0000016e4849be30 JavaThread "Unconstrained build operations Thread 19" [_thread_blocked, id=10080, stack(0x0000001086600000,0x0000001086700000)]
  0x0000016e4849c340 JavaThread "Unconstrained build operations Thread 20" [_thread_blocked, id=7688, stack(0x0000001086d00000,0x0000001086e00000)]
  0x0000016e4849af00 JavaThread "Unconstrained build operations Thread 21" [_thread_blocked, id=468, stack(0x0000001087300000,0x0000001087400000)]
  0x0000016e484990a0 JavaThread "Unconstrained build operations Thread 22" [_thread_blocked, id=2744, stack(0x0000001087b00000,0x0000001087c00000)]
  0x0000016e4849a9f0 JavaThread "Unconstrained build operations Thread 23" [_thread_blocked, id=6200, stack(0x0000001087c00000,0x0000001087d00000)]
  0x0000016e484995b0 JavaThread "Unconstrained build operations Thread 24" [_thread_blocked, id=8288, stack(0x0000001087d00000,0x0000001087e00000)]
  0x0000016e4849b410 JavaThread "Memory manager" [_thread_blocked, id=9140, stack(0x0000001087e00000,0x0000001087f00000)]
  0x0000016e485ac060 JavaThread "build event listener" [_thread_blocked, id=6264, stack(0x0000001087f00000,0x0000001088000000)]
  0x0000016e46ded5f0 JavaThread "included builds" [_thread_blocked, id=5316, stack(0x0000001088200000,0x0000001088300000)]
  0x0000016e46dea350 JavaThread "Execution worker" [_thread_blocked, id=8308, stack(0x0000001088300000,0x0000001088400000)]
  0x0000016e46dee010 JavaThread "Execution worker Thread 2" [_thread_blocked, id=1552, stack(0x0000001088400000,0x0000001088500000)]
  0x0000016e46dee520 JavaThread "Execution worker Thread 3" [_thread_blocked, id=9168, stack(0x0000001088500000,0x0000001088600000)]
  0x0000016e46dec6c0 JavaThread "Cache worker for execution history cache (C:\src\flutter\packages\flutter_tools\gradle\.gradle\8.10.2\executionHistory)" [_thread_blocked, id=9324, stack(0x0000001088600000,0x0000001088700000)]
  0x0000016e46deb790 JavaThread "Unconstrained build operations Thread 25" [_thread_blocked, id=4676, stack(0x0000001088000000,0x0000001088100000)]
  0x0000016e46decbd0 JavaThread "Unconstrained build operations Thread 26" [_thread_blocked, id=3532, stack(0x0000001088700000,0x0000001088800000)]
  0x0000016e46dea860 JavaThread "Unconstrained build operations Thread 27" [_thread_blocked, id=6936, stack(0x0000001088800000,0x0000001088900000)]
  0x0000016e46debca0 JavaThread "Unconstrained build operations Thread 28" [_thread_blocked, id=6400, stack(0x0000001088900000,0x0000001088a00000)]
  0x0000016e46dedb00 JavaThread "Unconstrained build operations Thread 29" [_thread_blocked, id=9820, stack(0x0000001088a00000,0x0000001088b00000)]
  0x0000016e46deef40 JavaThread "Unconstrained build operations Thread 30" [_thread_blocked, id=9872, stack(0x0000001088b00000,0x0000001088c00000)]
  0x0000016e46dead70 JavaThread "Unconstrained build operations Thread 31" [_thread_blocked, id=8780, stack(0x0000001088c00000,0x0000001088d00000)]
  0x0000016e46ded0e0 JavaThread "Unconstrained build operations Thread 32" [_thread_blocked, id=4612, stack(0x0000001088d00000,0x0000001088e00000)]
  0x0000016e46deea30 JavaThread "Unconstrained build operations Thread 33" [_thread_blocked, id=9548, stack(0x0000001088e00000,0x0000001088f00000)]
  0x0000016e46def450 JavaThread "Unconstrained build operations Thread 34" [_thread_blocked, id=4156, stack(0x0000001088f00000,0x0000001089000000)]
  0x0000016e46de8f10 JavaThread "Unconstrained build operations Thread 35" [_thread_blocked, id=9696, stack(0x0000001089000000,0x0000001089100000)]
  0x0000016e46de7fe0 JavaThread "Unconstrained build operations Thread 36" [_thread_blocked, id=7860, stack(0x0000001089100000,0x0000001089200000)]
  0x0000016e46de8a00 JavaThread "Unconstrained build operations Thread 37" [_thread_blocked, id=11240, stack(0x0000001089200000,0x0000001089300000)]
  0x0000016e46de84f0 JavaThread "Unconstrained build operations Thread 38" [_thread_blocked, id=11244, stack(0x0000001089300000,0x0000001089400000)]
  0x0000016e46de9420 JavaThread "Unconstrained build operations Thread 39" [_thread_blocked, id=11248, stack(0x0000001089400000,0x0000001089500000)]
  0x0000016e46ee5730 JavaThread "C2 CompilerThread1" daemon [_thread_blocked, id=8304, stack(0x0000001089500000,0x0000001089600000)]

Other Threads:
=>0x0000016dfa292c90 VMThread "VM Thread" [stack: 0x0000001083d00000,0x0000001083e00000] [id=5116]
  0x0000016de74aab50 WatcherThread [stack: 0x0000001084900000,0x0000001084a00000] [id=6636]
  0x0000016de7557dc0 GCTaskThread "GC Thread#0" [stack: 0x0000001083800000,0x0000001083900000] [id=5448]
  0x0000016e4202cb20 GCTaskThread "GC Thread#1" [stack: 0x0000001084b00000,0x0000001084c00000] [id=9332]
  0x0000016dfcc49700 GCTaskThread "GC Thread#2" [stack: 0x0000001084c00000,0x0000001084d00000] [id=7272]
  0x0000016e42adf850 GCTaskThread "GC Thread#3" [stack: 0x0000001084a00000,0x0000001084b00000] [id=9816]
  0x0000016dfa0fd2f0 ConcurrentGCThread "G1 Main Marker" [stack: 0x0000001083900000,0x0000001083a00000] [id=7924]
  0x0000016dfa0fe4b0 ConcurrentGCThread "G1 Conc#0" [stack: 0x0000001083a00000,0x0000001083b00000] [id=10164]
  0x0000016dfa152a30 ConcurrentGCThread "G1 Refine#0" [stack: 0x0000001083b00000,0x0000001083c00000] [id=9372]
  0x0000016e44f133e0 ConcurrentGCThread "G1 Refine#1" [stack: 0x0000001086200000,0x0000001086300000] [id=6600]
  0x0000016dfa153460 ConcurrentGCThread "G1 Service" [stack: 0x0000001083c00000,0x0000001083d00000] [id=8972]

Threads with active compile tasks:
C2 CompilerThread0  2224698 25589       4       org.jetbrains.org.objectweb.asm.tree.ClassNode::accept (723 bytes)
C2 CompilerThread1  2224698 25567       4       org.jetbrains.org.objectweb.asm.ClassReader::accept (1381 bytes)

VM state: at safepoint (normal execution)

VM Mutex/Monitor currently owned by a thread:  ([mutex/lock_event])
[0x0000016de74a5ef0] Threads_lock - owner thread: 0x0000016dfa292c90
[0x0000016de74a70f0] Heap_lock - owner thread: 0x0000016e46ded5f0

Heap address: 0x0000000600000000, size: 8192 MB, Compressed Oops mode: Zero based, Oop shift amount: 3

CDS archive(s) mapped at: [0x0000016dfd000000-0x0000016dfdbb0000-0x0000016dfdbb0000), size 12255232, SharedBaseAddress: 0x0000016dfd000000, ArchiveRelocationMode: 1.
Compressed class space mapped at: 0x0000016dfe000000-0x0000016e3e000000, reserved size: 1073741824
Narrow klass base: 0x0000016dfd000000, Narrow klass shift: 0, Narrow klass range: 0x100000000

GC Precious Log:
 CPUs: 4 total, 4 available
 Memory: 8122M
 Large Page Support: Disabled
 NUMA Support: Disabled
 Compressed Oops: Enabled (Zero based)
 Heap Region Size: 4M
 Heap Min Capacity: 8M
 Heap Initial Capacity: 128M
 Heap Max Capacity: 8G
 Pre-touch: Disabled
 Parallel Workers: 4
 Concurrent Workers: 1
 Concurrent Refinement Workers: 4
 Periodic GC: Disabled

Heap:
 garbage-first heap   total 581632K, used 247084K [0x0000000600000000, 0x0000000800000000)
  region size 4096K, 6 young (24576K), 6 survivors (24576K)
 Metaspace       used 153492K, committed 154432K, reserved 1245184K
  class space    used 19281K, committed 19712K, reserved 1048576K

Heap Regions: E=young(eden), S=young(survivor), O=old, HS=humongous(starts), HC=humongous(continues), CS=collection set, F=free, OA=open archive, CA=closed archive, TAMS=top-at-mark-start (previous, next)
|   0|0x0000000600000000, 0x0000000600400000, 0x0000000600400000|100%|HS|  |TAMS 0x0000000600400000, 0x0000000600000000| Complete 
|   1|0x0000000600400000, 0x0000000600800000, 0x0000000600800000|100%| O|  |TAMS 0x0000000600800000, 0x0000000600400000| Untracked 
|   2|0x0000000600800000, 0x0000000600c00000, 0x0000000600c00000|100%| O|  |TAMS 0x0000000600c00000, 0x0000000600800000| Untracked 
|   3|0x0000000600c00000, 0x0000000601000000, 0x0000000601000000|100%| O|  |TAMS 0x0000000601000000, 0x0000000600c00000| Untracked 
|   4|0x0000000601000000, 0x0000000601400000, 0x0000000601400000|100%| O|  |TAMS 0x0000000601400000, 0x0000000601000000| Untracked 
|   5|0x0000000601400000, 0x0000000601800000, 0x0000000601800000|100%| O|  |TAMS 0x0000000601800000, 0x0000000601400000| Untracked 
|   6|0x0000000601800000, 0x0000000601c00000, 0x0000000601c00000|100%| O|  |TAMS 0x0000000601c00000, 0x0000000601800000| Untracked 
|   7|0x0000000601c00000, 0x0000000602000000, 0x0000000602000000|100%| O|  |TAMS 0x0000000602000000, 0x0000000601c00000| Untracked 
|   8|0x0000000602000000, 0x0000000602400000, 0x0000000602400000|100%| O|  |TAMS 0x0000000602400000, 0x0000000602000000| Untracked 
|   9|0x0000000602400000, 0x0000000602800000, 0x0000000602800000|100%| O|  |TAMS 0x0000000602800000, 0x0000000602400000| Untracked 
|  10|0x0000000602800000, 0x0000000602c00000, 0x0000000602c00000|100%| O|  |TAMS 0x0000000602c00000, 0x0000000602800000| Untracked 
|  11|0x0000000602c00000, 0x0000000603000000, 0x0000000603000000|100%| O|  |TAMS 0x0000000603000000, 0x0000000602c00000| Untracked 
|  12|0x0000000603000000, 0x0000000603400000, 0x0000000603400000|100%| O|  |TAMS 0x0000000603400000, 0x0000000603000000| Untracked 
|  13|0x0000000603400000, 0x0000000603800000, 0x0000000603800000|100%| O|  |TAMS 0x0000000603800000, 0x0000000603400000| Untracked 
|  14|0x0000000603800000, 0x0000000603c00000, 0x0000000603c00000|100%| O|  |TAMS 0x0000000603c00000, 0x0000000603800000| Untracked 
|  15|0x0000000603c00000, 0x0000000603c00000, 0x0000000604000000|  0%| F|  |TAMS 0x0000000603c00000, 0x0000000603c00000| Untracked 
|  16|0x0000000604000000, 0x0000000604400000, 0x0000000604400000|100%| O|  |TAMS 0x0000000604400000, 0x0000000604000000| Untracked 
|  17|0x0000000604400000, 0x0000000604400000, 0x0000000604800000|  0%| F|  |TAMS 0x0000000604400000, 0x0000000604400000| Untracked 
|  18|0x0000000604800000, 0x0000000604c00000, 0x0000000604c00000|100%| O|  |TAMS 0x0000000604c00000, 0x0000000604800000| Untracked 
|  19|0x0000000604c00000, 0x0000000605000000, 0x0000000605000000|100%| O|  |TAMS 0x0000000605000000, 0x0000000604c00000| Untracked 
|  20|0x0000000605000000, 0x0000000605400000, 0x0000000605400000|100%|HS|  |TAMS 0x0000000605400000, 0x0000000605000000| Complete 
|  21|0x0000000605400000, 0x0000000605800000, 0x0000000605800000|100%|HC|  |TAMS 0x0000000605800000, 0x0000000605400000| Complete 
|  22|0x0000000605800000, 0x0000000605c00000, 0x0000000605c00000|100%| O|  |TAMS 0x0000000605c00000, 0x0000000605800000| Untracked 
|  23|0x0000000605c00000, 0x0000000606000000, 0x0000000606000000|100%| O|  |TAMS 0x0000000606000000, 0x0000000605c00000| Untracked 
|  24|0x0000000606000000, 0x0000000606400000, 0x0000000606400000|100%| O|  |TAMS 0x0000000606400000, 0x0000000606000000| Untracked 
|  25|0x0000000606400000, 0x0000000606800000, 0x0000000606800000|100%| O|  |TAMS 0x0000000606800000, 0x0000000606400000| Untracked 
|  26|0x0000000606800000, 0x0000000606c00000, 0x0000000606c00000|100%| O|  |TAMS 0x0000000606c00000, 0x0000000606800000| Untracked 
|  27|0x0000000606c00000, 0x0000000607000000, 0x0000000607000000|100%| O|  |TAMS 0x0000000607000000, 0x0000000606c00000| Untracked 
|  28|0x0000000607000000, 0x0000000607400000, 0x0000000607400000|100%| O|  |TAMS 0x0000000607400000, 0x0000000607000000| Untracked 
|  29|0x0000000607400000, 0x0000000607800000, 0x0000000607800000|100%| O|  |TAMS 0x0000000607800000, 0x0000000607400000| Untracked 
|  30|0x0000000607800000, 0x0000000607c00000, 0x0000000607c00000|100%| O|  |TAMS 0x0000000607c00000, 0x0000000607800000| Untracked 
|  31|0x0000000607c00000, 0x0000000608000000, 0x0000000608000000|100%| O|  |TAMS 0x0000000608000000, 0x0000000607c00000| Untracked 
|  32|0x0000000608000000, 0x0000000608400000, 0x0000000608400000|100%| O|  |TAMS 0x0000000608400000, 0x0000000608000000| Untracked 
|  33|0x0000000608400000, 0x0000000608800000, 0x0000000608800000|100%| O|  |TAMS 0x0000000608800000, 0x0000000608400000| Untracked 
|  34|0x0000000608800000, 0x0000000608c00000, 0x0000000608c00000|100%| O|  |TAMS 0x0000000608c00000, 0x0000000608800000| Untracked 
|  35|0x0000000608c00000, 0x0000000609000000, 0x0000000609000000|100%| O|  |TAMS 0x0000000609000000, 0x0000000608c00000| Untracked 
|  36|0x0000000609000000, 0x0000000609400000, 0x0000000609400000|100%| O|  |TAMS 0x0000000609400000, 0x0000000609000000| Untracked 
|  37|0x0000000609400000, 0x0000000609800000, 0x0000000609800000|100%| O|  |TAMS 0x0000000609800000, 0x0000000609400000| Untracked 
|  38|0x0000000609800000, 0x0000000609c00000, 0x0000000609c00000|100%| O|  |TAMS 0x0000000609c00000, 0x0000000609800000| Untracked 
|  39|0x0000000609c00000, 0x000000060a000000, 0x000000060a000000|100%| O|  |TAMS 0x000000060a000000, 0x0000000609c00000| Untracked 
|  40|0x000000060a000000, 0x000000060a400000, 0x000000060a400000|100%|HS|  |TAMS 0x000000060a400000, 0x000000060a000000| Complete 
|  41|0x000000060a400000, 0x000000060a800000, 0x000000060a800000|100%|HS|  |TAMS 0x000000060a800000, 0x000000060a400000| Complete 
|  42|0x000000060a800000, 0x000000060ac00000, 0x000000060ac00000|100%| O|  |TAMS 0x000000060ac00000, 0x000000060a800000| Untracked 
|  43|0x000000060ac00000, 0x000000060b000000, 0x000000060b000000|100%| O|  |TAMS 0x000000060b000000, 0x000000060ac00000| Untracked 
|  44|0x000000060b000000, 0x000000060b400000, 0x000000060b400000|100%| O|  |TAMS 0x000000060b400000, 0x000000060b000000| Untracked 
|  45|0x000000060b400000, 0x000000060b800000, 0x000000060b800000|100%| O|  |TAMS 0x000000060b800000, 0x000000060b400000| Untracked 
|  46|0x000000060b800000, 0x000000060bc00000, 0x000000060bc00000|100%| O|  |TAMS 0x000000060bc00000, 0x000000060b800000| Untracked 
|  47|0x000000060bc00000, 0x000000060c000000, 0x000000060c000000|100%| O|  |TAMS 0x000000060c000000, 0x000000060bc00000| Untracked 
|  48|0x000000060c000000, 0x000000060c400000, 0x000000060c400000|100%| O|  |TAMS 0x000000060c400000, 0x000000060c000000| Untracked 
|  49|0x000000060c400000, 0x000000060c800000, 0x000000060c800000|100%| O|  |TAMS 0x000000060c800000, 0x000000060c400000| Untracked 
|  50|0x000000060c800000, 0x000000060cc00000, 0x000000060cc00000|100%| O|  |TAMS 0x000000060cc00000, 0x000000060c800000| Untracked 
|  51|0x000000060cc00000, 0x000000060d000000, 0x000000060d000000|100%| O|  |TAMS 0x000000060d000000, 0x000000060cc00000| Untracked 
|  52|0x000000060d000000, 0x000000060d400000, 0x000000060d400000|100%| O|  |TAMS 0x000000060d400000, 0x000000060d000000| Untracked 
|  53|0x000000060d400000, 0x000000060d800000, 0x000000060d800000|100%| O|  |TAMS 0x000000060d79d600, 0x000000060d400000| Untracked 
|  54|0x000000060d800000, 0x000000060dc00000, 0x000000060dc00000|100%| O|  |TAMS 0x000000060d800000, 0x000000060d800000| Untracked 
|  55|0x000000060dc00000, 0x000000060e000000, 0x000000060e000000|100%| O|  |TAMS 0x000000060dc00000, 0x000000060dc00000| Untracked 
|  56|0x000000060e000000, 0x000000060e236400, 0x000000060e400000| 55%| O|  |TAMS 0x000000060e000000, 0x000000060e000000| Untracked 
|  57|0x000000060e400000, 0x000000060e400000, 0x000000060e800000|  0%| F|  |TAMS 0x000000060e400000, 0x000000060e400000| Untracked 
|  58|0x000000060e800000, 0x000000060e800000, 0x000000060ec00000|  0%| F|  |TAMS 0x000000060e800000, 0x000000060e800000| Untracked 
|  59|0x000000060ec00000, 0x000000060ec00000, 0x000000060f000000|  0%| F|  |TAMS 0x000000060ec00000, 0x000000060ec00000| Untracked 
|  60|0x000000060f000000, 0x000000060f000000, 0x000000060f400000|  0%| F|  |TAMS 0x000000060f000000, 0x000000060f000000| Untracked 
|  61|0x000000060f400000, 0x000000060f400000, 0x000000060f800000|  0%| F|  |TAMS 0x000000060f400000, 0x000000060f400000| Untracked 
|  62|0x000000060f800000, 0x000000060f800000, 0x000000060fc00000|  0%| F|  |TAMS 0x000000060f800000, 0x000000060f800000| Untracked 
|  63|0x000000060fc00000, 0x000000060fc00000, 0x0000000610000000|  0%| F|  |TAMS 0x000000060fc00000, 0x000000060fc00000| Untracked 
|  64|0x0000000610000000, 0x0000000610000000, 0x0000000610400000|  0%| F|  |TAMS 0x0000000610000000, 0x0000000610000000| Untracked 
|  65|0x0000000610400000, 0x0000000610400000, 0x0000000610800000|  0%| F|  |TAMS 0x0000000610400000, 0x0000000610400000| Untracked 
|  66|0x0000000610800000, 0x0000000610800000, 0x0000000610c00000|  0%| F|  |TAMS 0x0000000610800000, 0x0000000610800000| Untracked 
|  67|0x0000000610c00000, 0x0000000610c00000, 0x0000000611000000|  0%| F|  |TAMS 0x0000000610c00000, 0x0000000610c00000| Untracked 
|  68|0x0000000611000000, 0x0000000611000000, 0x0000000611400000|  0%| F|  |TAMS 0x0000000611000000, 0x0000000611000000| Untracked 
|  69|0x0000000611400000, 0x0000000611400000, 0x0000000611800000|  0%| F|  |TAMS 0x0000000611400000, 0x0000000611400000| Untracked 
|  70|0x0000000611800000, 0x0000000611800000, 0x0000000611c00000|  0%| F|  |TAMS 0x0000000611800000, 0x0000000611800000| Untracked 
|  71|0x0000000611c00000, 0x0000000611f14d80, 0x0000000612000000| 77%| S|CS|TAMS 0x0000000611c00000, 0x0000000611c00000| Complete 
|  72|0x0000000612000000, 0x0000000612400000, 0x0000000612400000|100%| S|CS|TAMS 0x0000000612000000, 0x0000000612000000| Complete 
|  73|0x0000000612400000, 0x0000000612800000, 0x0000000612800000|100%| S|CS|TAMS 0x0000000612400000, 0x0000000612400000| Complete 
|  74|0x0000000612800000, 0x0000000612c00000, 0x0000000612c00000|100%| S|CS|TAMS 0x0000000612800000, 0x0000000612800000| Complete 
|  75|0x0000000612c00000, 0x0000000613000000, 0x0000000613000000|100%| S|CS|TAMS 0x0000000612c00000, 0x0000000612c00000| Complete 
|  76|0x0000000613000000, 0x0000000613400000, 0x0000000613400000|100%| S|CS|TAMS 0x0000000613000000, 0x0000000613000000| Complete 
|  77|0x0000000613400000, 0x0000000613400000, 0x0000000613800000|  0%| F|  |TAMS 0x0000000613400000, 0x0000000613400000| Untracked 
|  78|0x0000000613800000, 0x0000000613800000, 0x0000000613c00000|  0%| F|  |TAMS 0x0000000613800000, 0x0000000613800000| Untracked 
|  79|0x0000000613c00000, 0x0000000613c00000, 0x0000000614000000|  0%| F|  |TAMS 0x0000000613c00000, 0x0000000613c00000| Untracked 
|  80|0x0000000614000000, 0x0000000614000000, 0x0000000614400000|  0%| F|  |TAMS 0x0000000614000000, 0x0000000614000000| Untracked 
|  81|0x0000000614400000, 0x0000000614400000, 0x0000000614800000|  0%| F|  |TAMS 0x0000000614400000, 0x0000000614400000| Untracked 
|  82|0x0000000614800000, 0x0000000614800000, 0x0000000614c00000|  0%| F|  |TAMS 0x0000000614800000, 0x0000000614800000| Untracked 
|  83|0x0000000614c00000, 0x0000000614c00000, 0x0000000615000000|  0%| F|  |TAMS 0x0000000614c00000, 0x0000000614c00000| Untracked 
|  84|0x0000000615000000, 0x0000000615000000, 0x0000000615400000|  0%| F|  |TAMS 0x0000000615000000, 0x0000000615000000| Untracked 
|  85|0x0000000615400000, 0x0000000615400000, 0x0000000615800000|  0%| F|  |TAMS 0x0000000615400000, 0x0000000615400000| Untracked 
|  86|0x0000000615800000, 0x0000000615800000, 0x0000000615c00000|  0%| F|  |TAMS 0x0000000615800000, 0x0000000615800000| Untracked 
|  87|0x0000000615c00000, 0x0000000615c00000, 0x0000000616000000|  0%| F|  |TAMS 0x0000000615c00000, 0x0000000615c00000| Untracked 
|  88|0x0000000616000000, 0x0000000616000000, 0x0000000616400000|  0%| F|  |TAMS 0x0000000616000000, 0x0000000616000000| Untracked 
|  89|0x0000000616400000, 0x0000000616400000, 0x0000000616800000|  0%| F|  |TAMS 0x0000000616400000, 0x0000000616400000| Untracked 
|  90|0x0000000616800000, 0x0000000616800000, 0x0000000616c00000|  0%| F|  |TAMS 0x0000000616800000, 0x0000000616800000| Untracked 
|  91|0x0000000616c00000, 0x0000000616c00000, 0x0000000617000000|  0%| F|  |TAMS 0x0000000616c00000, 0x0000000616c00000| Untracked 
|  92|0x0000000617000000, 0x0000000617000000, 0x0000000617400000|  0%| F|  |TAMS 0x0000000617000000, 0x0000000617000000| Untracked 
|  93|0x0000000617400000, 0x0000000617400000, 0x0000000617800000|  0%| F|  |TAMS 0x0000000617400000, 0x0000000617400000| Untracked 
|  94|0x0000000617800000, 0x0000000617800000, 0x0000000617c00000|  0%| F|  |TAMS 0x0000000617800000, 0x0000000617800000| Untracked 
|  95|0x0000000617c00000, 0x0000000617c00000, 0x0000000618000000|  0%| F|  |TAMS 0x0000000617c00000, 0x0000000617c00000| Untracked 
|  96|0x0000000618000000, 0x0000000618000000, 0x0000000618400000|  0%| F|  |TAMS 0x0000000618000000, 0x0000000618000000| Untracked 
|  97|0x0000000618400000, 0x0000000618400000, 0x0000000618800000|  0%| F|  |TAMS 0x0000000618400000, 0x0000000618400000| Untracked 
|  98|0x0000000618800000, 0x0000000618800000, 0x0000000618c00000|  0%| F|  |TAMS 0x0000000618800000, 0x0000000618800000| Untracked 
|  99|0x0000000618c00000, 0x0000000618c00000, 0x0000000619000000|  0%| F|  |TAMS 0x0000000618c00000, 0x0000000618c00000| Untracked 
| 100|0x0000000619000000, 0x0000000619000000, 0x0000000619400000|  0%| F|  |TAMS 0x0000000619000000, 0x0000000619000000| Untracked 
| 101|0x0000000619400000, 0x0000000619400000, 0x0000000619800000|  0%| F|  |TAMS 0x0000000619400000, 0x0000000619400000| Untracked 
| 102|0x0000000619800000, 0x0000000619800000, 0x0000000619c00000|  0%| F|  |TAMS 0x0000000619800000, 0x0000000619800000| Untracked 
| 103|0x0000000619c00000, 0x0000000619c00000, 0x000000061a000000|  0%| F|  |TAMS 0x0000000619c00000, 0x0000000619c00000| Untracked 
| 104|0x000000061a000000, 0x000000061a000000, 0x000000061a400000|  0%| F|  |TAMS 0x000000061a000000, 0x000000061a000000| Untracked 
| 105|0x000000061a400000, 0x000000061a400000, 0x000000061a800000|  0%| F|  |TAMS 0x000000061a400000, 0x000000061a400000| Untracked 
| 106|0x000000061a800000, 0x000000061a800000, 0x000000061ac00000|  0%| F|  |TAMS 0x000000061a800000, 0x000000061a800000| Untracked 
| 107|0x000000061ac00000, 0x000000061ac00000, 0x000000061b000000|  0%| F|  |TAMS 0x000000061ac00000, 0x000000061ac00000| Untracked 
| 108|0x000000061b000000, 0x000000061b000000, 0x000000061b400000|  0%| F|  |TAMS 0x000000061b000000, 0x000000061b000000| Untracked 
| 109|0x000000061b400000, 0x000000061b400000, 0x000000061b800000|  0%| F|  |TAMS 0x000000061b400000, 0x000000061b400000| Untracked 
| 110|0x000000061b800000, 0x000000061b800000, 0x000000061bc00000|  0%| F|  |TAMS 0x000000061b800000, 0x000000061b800000| Untracked 
| 111|0x000000061bc00000, 0x000000061bc00000, 0x000000061c000000|  0%| F|  |TAMS 0x000000061bc00000, 0x000000061bc00000| Untracked 
| 112|0x000000061c000000, 0x000000061c000000, 0x000000061c400000|  0%| F|  |TAMS 0x000000061c000000, 0x000000061c000000| Untracked 
| 113|0x000000061c400000, 0x000000061c400000, 0x000000061c800000|  0%| F|  |TAMS 0x000000061c400000, 0x000000061c400000| Untracked 
| 114|0x000000061c800000, 0x000000061c800000, 0x000000061cc00000|  0%| F|  |TAMS 0x000000061c800000, 0x000000061c800000| Untracked 
| 115|0x000000061cc00000, 0x000000061cc00000, 0x000000061d000000|  0%| F|  |TAMS 0x000000061cc00000, 0x000000061cc00000| Untracked 
| 116|0x000000061d000000, 0x000000061d000000, 0x000000061d400000|  0%| F|  |TAMS 0x000000061d000000, 0x000000061d000000| Untracked 
| 117|0x000000061d400000, 0x000000061d400000, 0x000000061d800000|  0%| F|  |TAMS 0x000000061d400000, 0x000000061d400000| Untracked 
| 118|0x000000061d800000, 0x000000061d800000, 0x000000061dc00000|  0%| F|  |TAMS 0x000000061d800000, 0x000000061d800000| Untracked 
| 119|0x000000061dc00000, 0x000000061dc00000, 0x000000061e000000|  0%| F|  |TAMS 0x000000061dc00000, 0x000000061dc00000| Untracked 
| 120|0x000000061e000000, 0x000000061e000000, 0x000000061e400000|  0%| F|  |TAMS 0x000000061e000000, 0x000000061e000000| Untracked 
| 121|0x000000061e400000, 0x000000061e400000, 0x000000061e800000|  0%| F|  |TAMS 0x000000061e400000, 0x000000061e400000| Untracked 
| 122|0x000000061e800000, 0x000000061e800000, 0x000000061ec00000|  0%| F|  |TAMS 0x000000061e800000, 0x000000061e800000| Untracked 
| 123|0x000000061ec00000, 0x000000061ec00000, 0x000000061f000000|  0%| F|  |TAMS 0x000000061ec00000, 0x000000061ec00000| Untracked 
| 124|0x000000061f000000, 0x000000061f000000, 0x000000061f400000|  0%| F|  |TAMS 0x000000061f000000, 0x000000061f000000| Untracked 
| 125|0x000000061f400000, 0x000000061f400000, 0x000000061f800000|  0%| F|  |TAMS 0x000000061f400000, 0x000000061f400000| Untracked 
| 126|0x000000061f800000, 0x000000061f800000, 0x000000061fc00000|  0%| F|  |TAMS 0x000000061f800000, 0x000000061f800000| Untracked 
| 127|0x000000061fc00000, 0x000000061fc00000, 0x0000000620000000|  0%| F|  |TAMS 0x000000061fc00000, 0x000000061fc00000| Untracked 
| 128|0x0000000620000000, 0x0000000620000000, 0x0000000620400000|  0%| F|  |TAMS 0x0000000620000000, 0x0000000620000000| Untracked 
| 129|0x0000000620400000, 0x0000000620400000, 0x0000000620800000|  0%| F|  |TAMS 0x0000000620400000, 0x0000000620400000| Untracked 
| 130|0x0000000620800000, 0x0000000620800000, 0x0000000620c00000|  0%| F|  |TAMS 0x0000000620800000, 0x0000000620800000| Untracked 
| 131|0x0000000620c00000, 0x0000000620c00000, 0x0000000621000000|  0%| F|  |TAMS 0x0000000620c00000, 0x0000000620c00000| Untracked 
| 132|0x0000000621000000, 0x0000000621000000, 0x0000000621400000|  0%| F|  |TAMS 0x0000000621000000, 0x0000000621000000| Untracked 
| 133|0x0000000621400000, 0x0000000621400000, 0x0000000621800000|  0%| F|  |TAMS 0x0000000621400000, 0x0000000621400000| Untracked 
| 134|0x0000000621800000, 0x0000000621800000, 0x0000000621c00000|  0%| F|  |TAMS 0x0000000621800000, 0x0000000621800000| Untracked 
| 135|0x0000000621c00000, 0x0000000621c00000, 0x0000000622000000|  0%| F|  |TAMS 0x0000000621c00000, 0x0000000621c00000| Untracked 
| 136|0x0000000622000000, 0x0000000622000000, 0x0000000622400000|  0%| F|  |TAMS 0x0000000622000000, 0x0000000622000000| Untracked 
| 137|0x0000000622400000, 0x0000000622400000, 0x0000000622800000|  0%| F|  |TAMS 0x0000000622400000, 0x0000000622400000| Untracked 
| 138|0x0000000622800000, 0x0000000622800000, 0x0000000622c00000|  0%| F|  |TAMS 0x0000000622800000, 0x0000000622800000| Untracked 
| 139|0x0000000622c00000, 0x0000000622c00000, 0x0000000623000000|  0%| F|  |TAMS 0x0000000622c00000, 0x0000000622c00000| Untracked 
| 140|0x0000000623000000, 0x0000000623000000, 0x0000000623400000|  0%| F|  |TAMS 0x0000000623000000, 0x0000000623000000| Untracked 
| 141|0x0000000623400000, 0x0000000623400000, 0x0000000623800000|  0%| F|  |TAMS 0x0000000623400000, 0x0000000623400000| Untracked 

Card table byte_map: [0x0000016df00f0000,0x0000016df10f0000] _byte_map_base: 0x0000016ded0f0000

Marking Bits (Prev, Next): (CMBitMap*) 0x0000016de7558420, (CMBitMap*) 0x0000016de75583e0
 Prev Bits: [0x0000016da0000000, 0x0000016da8000000)
 Next Bits: [0x0000016df20f0000, 0x0000016dfa0f0000)

Polling page: 0x0000016de52d0000

Metaspace:

Usage:
  Non-class:    131.07 MB used.
      Class:     18.83 MB used.
       Both:    149.89 MB used.

Virtual space:
  Non-class space:      192.00 MB reserved,     131.56 MB ( 69%) committed,  3 nodes.
      Class space:        1.00 GB reserved,      19.25 MB (  2%) committed,  1 nodes.
             Both:        1.19 GB reserved,     150.81 MB ( 12%) committed. 

Chunk freelists:
   Non-Class:  11.92 MB
       Class:  12.72 MB
        Both:  24.64 MB

MaxMetaspaceSize: 4.00 GB
CompressedClassSpaceSize: 1.00 GB
Initial GC threshold: 21.00 MB
Current GC threshold: 249.94 MB
CDS: on
MetaspaceReclaimPolicy: balanced
 - commit_granule_bytes: 65536.
 - commit_granule_words: 8192.
 - virtual_space_node_default_size: 8388608.
 - enlarge_chunks_in_place: 1.
 - new_chunks_are_fully_committed: 0.
 - uncommit_free_chunks: 1.
 - use_allocation_guard: 0.
 - handle_deallocations: 1.


Internal statistics:

num_allocs_failed_limit: 12.
num_arena_births: 1178.
num_arena_deaths: 8.
num_vsnodes_births: 4.
num_vsnodes_deaths: 0.
num_space_committed: 2411.
num_space_uncommitted: 0.
num_chunks_returned_to_freelist: 28.
num_chunks_taken_from_freelist: 6858.
num_chunk_merges: 13.
num_chunk_splits: 5083.
num_chunks_enlarged: 3944.
num_inconsistent_stats: 0.

CodeHeap 'non-profiled nmethods': size=259264Kb used=16710Kb max_used=16710Kb free=242553Kb
 bounds [0x0000016d902d0000, 0x0000016d91330000, 0x0000016da0000000]
CodeHeap 'profiled nmethods': size=259264Kb used=46535Kb max_used=46535Kb free=212728Kb
 bounds [0x0000016d80000000, 0x0000016d82d80000, 0x0000016d8fd30000]
CodeHeap 'non-nmethods': size=5760Kb used=2613Kb max_used=2702Kb free=3146Kb
 bounds [0x0000016d8fd30000, 0x0000016d8ffe0000, 0x0000016d902d0000]
 total_blobs=21594 nmethods=20414 adapters=1089
 compilation: enabled
              stopped_count=0, restarted_count=0
 full_count=0

Compilation events (20 events):
Event: 2223.866 Thread 0x0000016dfa2bca20 25586       2       org.jetbrains.kotlin.name.FqName::child (26 bytes)
Event: 2223.866 Thread 0x0000016dfa2bca20 nmethod 25586 0x0000016d80db9d90 code [0x0000016d80db9f60, 0x0000016d80dba248]
Event: 2223.866 Thread 0x0000016dfa2bca20 25587       2       org.jetbrains.kotlin.name.FqNameUnsafe::child (65 bytes)
Event: 2223.867 Thread 0x0000016dfa2bca20 nmethod 25587 0x0000016d82d6e710 code [0x0000016d82d6e940, 0x0000016d82d6eeb8]
Event: 2223.867 Thread 0x0000016dfa2bca20 25588       2       org.jetbrains.kotlin.name.FqName::<init> (23 bytes)
Event: 2223.867 Thread 0x0000016dfa2bca20 nmethod 25588 0x0000016d82d6f190 code [0x0000016d82d6f340, 0x0000016d82d6f548]
Event: 2223.927 Thread 0x0000016dfa2bb030 nmethod 25568 0x0000016d9131d190 code [0x0000016d9131d9e0, 0x0000016d91324900]
Event: 2223.928 Thread 0x0000016dfa2bb030 25589       4       org.jetbrains.org.objectweb.asm.tree.ClassNode::accept (723 bytes)
Event: 2223.962 Thread 0x0000016dfa2bca20 25590       3       org.jetbrains.org.objectweb.asm.SymbolTable::addConstantUtf8 (98 bytes)
Event: 2223.963 Thread 0x0000016dfa2bca20 nmethod 25590 0x0000016d82d6f610 code [0x0000016d82d6f840, 0x0000016d82d6fe18]
Event: 2224.044 Thread 0x0000016dfa2bca20 25592       3       org.jetbrains.org.objectweb.asm.SymbolTable::addConstantUtf8Reference (101 bytes)
Event: 2224.045 Thread 0x0000016dfa2bca20 nmethod 25592 0x0000016d82d70190 code [0x0000016d82d703a0, 0x0000016d82d70998]
Event: 2224.084 Thread 0x0000016dfa2bca20 25593       2       org.jetbrains.kotlin.name.Name::getIdentifier (47 bytes)
Event: 2224.085 Thread 0x0000016dfa2bca20 nmethod 25593 0x0000016d82d70d10 code [0x0000016d82d70f20, 0x0000016d82d712d8]
Event: 2224.104 Thread 0x0000016dfa2bca20 25595       2       org.jetbrains.kotlin.name.ClassId::createNestedClassId (33 bytes)
Event: 2224.104 Thread 0x0000016dfa2bca20 nmethod 25595 0x0000016d82d71510 code [0x0000016d82d71700, 0x0000016d82d71b38]
Event: 2224.110 Thread 0x0000016dfa2bca20 25596       3       org.jetbrains.org.objectweb.asm.tree.ClassNode::visitNestMember (13 bytes)
Event: 2224.110 Thread 0x0000016dfa2bca20 nmethod 25596 0x0000016d82d71d90 code [0x0000016d82d71f60, 0x0000016d82d722f8]
Event: 2224.111 Thread 0x0000016dfa2bca20 25597       3       org.jetbrains.org.objectweb.asm.ClassWriter::visitNestMember (48 bytes)
Event: 2224.111 Thread 0x0000016dfa2bca20 nmethod 25597 0x0000016d82d72490 code [0x0000016d82d72660, 0x0000016d82d72b58]

GC Heap History (20 events):
Event: 2096.467 GC heap after
{Heap after GC invocations=118 (full 0):
 garbage-first heap   total 483328K, used 181724K [0x0000000600000000, 0x0000000800000000)
  region size 4096K, 2 young (8192K), 2 survivors (8192K)
 Metaspace       used 150311K, committed 151168K, reserved 1245184K
  class space    used 19000K, committed 19392K, reserved 1048576K
}
Event: 2215.304 GC heap before
{Heap before GC invocations=118 (full 0):
 garbage-first heap   total 483328K, used 407004K [0x0000000600000000, 0x0000000800000000)
  region size 4096K, 56 young (229376K), 2 survivors (8192K)
 Metaspace       used 151408K, committed 152320K, reserved 1245184K
  class space    used 19091K, committed 19520K, reserved 1048576K
}
Event: 2215.348 GC heap after
{Heap after GC invocations=119 (full 0):
 garbage-first heap   total 483328K, used 216856K [0x0000000600000000, 0x0000000800000000)
  region size 4096K, 7 young (28672K), 7 survivors (28672K)
 Metaspace       used 151408K, committed 152320K, reserved 1245184K
  class space    used 19091K, committed 19520K, reserved 1048576K
}
Event: 2216.353 GC heap before
{Heap before GC invocations=119 (full 0):
 garbage-first heap   total 483328K, used 376600K [0x0000000600000000, 0x0000000800000000)
  region size 4096K, 47 young (192512K), 7 survivors (28672K)
 Metaspace       used 151455K, committed 152384K, reserved 1245184K
  class space    used 19094K, committed 19520K, reserved 1048576K
}
Event: 2216.388 GC heap after
{Heap after GC invocations=120 (full 0):
 garbage-first heap   total 483328K, used 221308K [0x0000000600000000, 0x0000000800000000)
  region size 4096K, 1 young (4096K), 1 survivors (4096K)
 Metaspace       used 151455K, committed 152384K, reserved 1245184K
  class space    used 19094K, committed 19520K, reserved 1048576K
}
Event: 2218.680 GC heap before
{Heap before GC invocations=120 (full 0):
 garbage-first heap   total 483328K, used 385148K [0x0000000600000000, 0x0000000800000000)
  region size 4096K, 42 young (172032K), 1 survivors (4096K)
 Metaspace       used 152496K, committed 153408K, reserved 1245184K
  class space    used 19201K, committed 19648K, reserved 1048576K
}
Event: 2218.689 GC heap after
{Heap after GC invocations=121 (full 0):
 garbage-first heap   total 483328K, used 222683K [0x0000000600000000, 0x0000000800000000)
  region size 4096K, 2 young (8192K), 2 survivors (8192K)
 Metaspace       used 152496K, committed 153408K, reserved 1245184K
  class space    used 19201K, committed 19648K, reserved 1048576K
}
Event: 2220.763 GC heap before
{Heap before GC invocations=122 (full 0):
 garbage-first heap   total 483328K, used 394715K [0x0000000600000000, 0x0000000800000000)
  region size 4096K, 44 young (180224K), 2 survivors (8192K)
 Metaspace       used 153447K, committed 154368K, reserved 1245184K
  class space    used 19280K, committed 19712K, reserved 1048576K
}
Event: 2220.778 GC heap after
{Heap after GC invocations=123 (full 0):
 garbage-first heap   total 483328K, used 227954K [0x0000000600000000, 0x0000000800000000)
  region size 4096K, 3 young (12288K), 3 survivors (12288K)
 Metaspace       used 153447K, committed 154368K, reserved 1245184K
  class space    used 19280K, committed 19712K, reserved 1048576K
}
Event: 2220.797 GC heap before
{Heap before GC invocations=123 (full 0):
 garbage-first heap   total 483328K, used 236146K [0x0000000600000000, 0x0000000800000000)
  region size 4096K, 5 young (20480K), 3 survivors (12288K)
 Metaspace       used 153447K, committed 154368K, reserved 1245184K
  class space    used 19280K, committed 19712K, reserved 1048576K
}
Event: 2220.810 GC heap after
{Heap after GC invocations=124 (full 0):
 garbage-first heap   total 581632K, used 224868K [0x0000000600000000, 0x0000000800000000)
  region size 4096K, 1 young (4096K), 1 survivors (4096K)
 Metaspace       used 153447K, committed 154368K, reserved 1245184K
  class space    used 19280K, committed 19712K, reserved 1048576K
}
Event: 2221.521 GC heap before
{Heap before GC invocations=124 (full 0):
 garbage-first heap   total 581632K, used 482916K [0x0000000600000000, 0x0000000800000000)
  region size 4096K, 65 young (266240K), 1 survivors (4096K)
 Metaspace       used 153473K, committed 154368K, reserved 1245184K
  class space    used 19280K, committed 19712K, reserved 1048576K
}
Event: 2221.532 GC heap after
{Heap after GC invocations=125 (full 0):
 garbage-first heap   total 581632K, used 230685K [0x0000000600000000, 0x0000000800000000)
  region size 4096K, 2 young (8192K), 2 survivors (8192K)
 Metaspace       used 153473K, committed 154368K, reserved 1245184K
  class space    used 19280K, committed 19712K, reserved 1048576K
}
Event: 2222.704 GC heap before
{Heap before GC invocations=125 (full 0):
 garbage-first heap   total 581632K, used 476445K [0x0000000600000000, 0x0000000800000000)
  region size 4096K, 63 young (258048K), 2 survivors (8192K)
 Metaspace       used 153487K, committed 154432K, reserved 1245184K
  class space    used 19280K, committed 19712K, reserved 1048576K
}
Event: 2222.715 GC heap after
{Heap after GC invocations=126 (full 0):
 garbage-first heap   total 581632K, used 233473K [0x0000000600000000, 0x0000000800000000)
  region size 4096K, 3 young (12288K), 3 survivors (12288K)
 Metaspace       used 153487K, committed 154432K, reserved 1245184K
  class space    used 19280K, committed 19712K, reserved 1048576K
}
Event: 2223.353 GC heap before
{Heap before GC invocations=126 (full 0):
 garbage-first heap   total 581632K, used 487425K [0x0000000600000000, 0x0000000800000000)
  region size 4096K, 65 young (266240K), 3 survivors (12288K)
 Metaspace       used 153490K, committed 154432K, reserved 1245184K
  class space    used 19281K, committed 19712K, reserved 1048576K
}
Event: 2223.369 GC heap after
{Heap after GC invocations=127 (full 0):
 garbage-first heap   total 581632K, used 239939K [0x0000000600000000, 0x0000000800000000)
  region size 4096K, 5 young (20480K), 5 survivors (20480K)
 Metaspace       used 153490K, committed 154432K, reserved 1245184K
  class space    used 19281K, committed 19712K, reserved 1048576K
}
Event: 2223.784 GC heap before
{Heap before GC invocations=127 (full 0):
 garbage-first heap   total 581632K, used 485699K [0x0000000600000000, 0x0000000800000000)
  region size 4096K, 65 young (266240K), 5 survivors (20480K)
 Metaspace       used 153490K, committed 154432K, reserved 1245184K
  class space    used 19281K, committed 19712K, reserved 1048576K
}
Event: 2223.803 GC heap after
{Heap after GC invocations=128 (full 0):
 garbage-first heap   total 581632K, used 242725K [0x0000000600000000, 0x0000000800000000)
  region size 4096K, 5 young (20480K), 5 survivors (20480K)
 Metaspace       used 153490K, committed 154432K, reserved 1245184K
  class space    used 19281K, committed 19712K, reserved 1048576K
}
Event: 2224.171 GC heap before
{Heap before GC invocations=128 (full 0):
 garbage-first heap   total 581632K, used 488485K [0x0000000600000000, 0x0000000800000000)
  region size 4096K, 65 young (266240K), 5 survivors (20480K)
 Metaspace       used 153492K, committed 154432K, reserved 1245184K
  class space    used 19281K, committed 19712K, reserved 1048576K
}

Dll operation events (15 events):
Event: 0.205 Loaded shared library C:\Users\hp\java\jdk-17.0.14+7\bin\java.dll
Event: 0.252 Loaded shared library C:\Users\hp\java\jdk-17.0.14+7\bin\jsvml.dll
Event: 1.210 Loaded shared library C:\Users\hp\java\jdk-17.0.14+7\bin\zip.dll
Event: 1.874 Loaded shared library C:\Users\hp\java\jdk-17.0.14+7\bin\instrument.dll
Event: 2.121 Loaded shared library C:\Users\hp\java\jdk-17.0.14+7\bin\net.dll
Event: 2.364 Loaded shared library C:\Users\hp\java\jdk-17.0.14+7\bin\nio.dll
Event: 2.367 Loaded shared library C:\Users\hp\java\jdk-17.0.14+7\bin\zip.dll
Event: 5.941 Loaded shared library C:\Users\hp\java\jdk-17.0.14+7\bin\jimage.dll
Event: 7.284 Loaded shared library C:\Users\hp\java\jdk-17.0.14+7\bin\verify.dll
Event: 10.125 Loaded shared library C:\Users\hp\.gradle\native\c067742578af261105cb4f569cf0c3c89f3d7b1fecec35dd04571415982c5e48\windows-amd64\native-platform.dll
Event: 11.445 Loaded shared library C:\Users\hp\.gradle\native\100fb08df4bc3b14c8652ba06237920a3bd2aa13389f12d3474272988ae205f9\windows-amd64\native-platform-file-events.dll
Event: 17.280 Loaded shared library C:\Users\hp\java\jdk-17.0.14+7\bin\management.dll
Event: 17.424 Loaded shared library C:\Users\hp\java\jdk-17.0.14+7\bin\management_ext.dll
Event: 24.401 Loaded shared library C:\Users\hp\java\jdk-17.0.14+7\bin\extnet.dll
Event: 28.158 Loaded shared library C:\Users\hp\java\jdk-17.0.14+7\bin\sunmscapi.dll

Deoptimization events (20 events):
Event: 2223.401 Thread 0x0000016e46ded5f0 Uncommon trap: trap_request=0xffffff45 fr.pc=0x0000016d90320634 relative=0x0000000000000754
Event: 2223.401 Thread 0x0000016e46ded5f0 Uncommon trap: reason=unstable_if action=reinterpret pc=0x0000016d90320634 method=java.util.zip.ZipFile$Source.getEntryPos(Ljava/lang/String;Z)I @ 113 c2
Event: 2223.401 Thread 0x0000016e46ded5f0 DEOPT PACKING pc=0x0000016d90320634 sp=0x00000010882f68e0
Event: 2223.401 Thread 0x0000016e46ded5f0 DEOPT UNPACKING pc=0x0000016d8fd869a3 sp=0x00000010882f6870 mode 2
Event: 2223.507 Thread 0x0000016e46ded5f0 Uncommon trap: trap_request=0xffffffde fr.pc=0x0000016d912ef01c relative=0x000000000000257c
Event: 2223.507 Thread 0x0000016e46ded5f0 Uncommon trap: reason=class_check action=maybe_recompile pc=0x0000016d912ef01c method=org.jetbrains.org.objectweb.asm.tree.AnnotationNode.visit(Ljava/lang/String;Ljava/lang/Object;)V @ 189 c2
Event: 2223.507 Thread 0x0000016e46ded5f0 DEOPT PACKING pc=0x0000016d912ef01c sp=0x00000010882f63a0
Event: 2223.507 Thread 0x0000016e46ded5f0 DEOPT UNPACKING pc=0x0000016d8fd869a3 sp=0x00000010882f63a0 mode 2
Event: 2223.520 Thread 0x0000016e46ded5f0 DEOPT PACKING pc=0x0000016d82c7750c sp=0x00000010882f6460
Event: 2223.520 Thread 0x0000016e46ded5f0 DEOPT UNPACKING pc=0x0000016d8fd87143 sp=0x00000010882f5978 mode 0
Event: 2223.962 Thread 0x0000016e46ded5f0 Uncommon trap: trap_request=0xffffff45 fr.pc=0x0000016d90a460fc relative=0x00000000000015fc
Event: 2223.962 Thread 0x0000016e46ded5f0 Uncommon trap: reason=unstable_if action=reinterpret pc=0x0000016d90a460fc method=org.jetbrains.org.objectweb.asm.SymbolTable.addConstantUtf8(Ljava/lang/String;)I @ 40 c2
Event: 2223.962 Thread 0x0000016e46ded5f0 DEOPT PACKING pc=0x0000016d90a460fc sp=0x00000010882f6720
Event: 2223.962 Thread 0x0000016e46ded5f0 DEOPT UNPACKING pc=0x0000016d8fd869a3 sp=0x00000010882f6720 mode 2
Event: 2224.042 Thread 0x0000016e46ded5f0 Uncommon trap: trap_request=0xffffff45 fr.pc=0x0000016d9058e850 relative=0x00000000000001f0
Event: 2224.042 Thread 0x0000016e46ded5f0 Uncommon trap: reason=unstable_if action=reinterpret pc=0x0000016d9058e850 method=org.jetbrains.org.objectweb.asm.SymbolTable.addConstantUtf8Reference(ILjava/lang/String;)Lorg/jetbrains/org/objectweb/asm/Symbol; @ 45 c2
Event: 2224.042 Thread 0x0000016e46ded5f0 DEOPT PACKING pc=0x0000016d9058e850 sp=0x00000010882f67c0
Event: 2224.042 Thread 0x0000016e46ded5f0 DEOPT UNPACKING pc=0x0000016d8fd869a3 sp=0x00000010882f67a8 mode 2
Event: 2224.112 Thread 0x0000016e46ded5f0 DEOPT PACKING pc=0x0000016d8107d749 sp=0x00000010882f65f0
Event: 2224.112 Thread 0x0000016e46ded5f0 DEOPT UNPACKING pc=0x0000016d8fd87143 sp=0x00000010882f5ae0 mode 0

Classes loaded (20 events):
Event: 1932.114 Loading class sun/security/ssl/SSLEngineOutputRecord$HandshakeFragment
Event: 1932.115 Loading class sun/security/ssl/SSLEngineOutputRecord$HandshakeFragment done
Event: 1932.115 Loading class sun/security/ssl/SSLEngineOutputRecord$HandshakeMemo
Event: 1932.115 Loading class sun/security/ssl/SSLEngineOutputRecord$RecordMemo
Event: 1932.115 Loading class sun/security/ssl/SSLEngineOutputRecord$RecordMemo done
Event: 1932.115 Loading class sun/security/ssl/SSLEngineOutputRecord$HandshakeMemo done
Event: 1932.203 Loading class sun/security/ssl/PreSharedKeyExtension$SHPreSharedKeySpec
Event: 1932.203 Loading class sun/security/ssl/PreSharedKeyExtension$SHPreSharedKeySpec done
Event: 1933.429 Loading class sun/reflect/annotation/AnnotationInvocationHandler$1
Event: 1933.441 Loading class sun/reflect/annotation/AnnotationInvocationHandler$1 done
Event: 1934.063 Loading class java/util/TreeMap$KeySpliterator
Event: 1934.090 Loading class java/util/TreeMap$TreeMapSpliterator
Event: 1934.090 Loading class java/util/TreeMap$TreeMapSpliterator done
Event: 1934.090 Loading class java/util/TreeMap$KeySpliterator done
Event: 1934.325 Loading class java/util/stream/ReduceOps$6
Event: 1934.342 Loading class java/util/stream/ReduceOps$6 done
Event: 1934.342 Loading class java/util/stream/ReduceOps$5ReducingSink
Event: 1934.342 Loading class java/util/stream/ReduceOps$5ReducingSink done
Event: 1986.703 Loading class java/time/Instant$1
Event: 1986.709 Loading class java/time/Instant$1 done

Classes unloaded (15 events):
Event: 179.317 Thread 0x0000016dfa292c90 Unloading class 0x0000016dfe63c000 '_BuildScript_'
Event: 179.317 Thread 0x0000016dfa292c90 Unloading class 0x0000016dfe631918 '_BuildScript_$_run_closure1$_closure2'
Event: 179.317 Thread 0x0000016dfa292c90 Unloading class 0x0000016dfe631530 '_BuildScript_$_run_closure1'
Event: 179.317 Thread 0x0000016dfa292c90 Unloading class 0x0000016dfe631000 '_BuildScript_'
Event: 179.317 Thread 0x0000016dfa292c90 Unloading class 0x0000016dfe62e000 '_BuildScript_$_run_closure1$_closure2'
Event: 179.317 Thread 0x0000016dfa292c90 Unloading class 0x0000016dfe62d918 '_BuildScript_$_run_closure1'
Event: 179.317 Thread 0x0000016dfa292c90 Unloading class 0x0000016dfe62d3e8 '_BuildScript_'
Event: 179.317 Thread 0x0000016dfa292c90 Unloading class 0x0000016dfe62d000 'ProtobufPatchPlugin$_apply_closure1$_closure2$_closure3$_closure4'
Event: 179.317 Thread 0x0000016dfa292c90 Unloading class 0x0000016dfe62ca98 'ProtobufPatchPlugin$_apply_closure1$_closure2$_closure3'
Event: 179.317 Thread 0x0000016dfa292c90 Unloading class 0x0000016dfe62c6b0 'ProtobufPatchPlugin$_apply_closure1$_closure2'
Event: 179.317 Thread 0x0000016dfa292c90 Unloading class 0x0000016dfe62c2c8 'ProtobufPatchPlugin$_apply_closure1'
Event: 179.317 Thread 0x0000016dfa292c90 Unloading class 0x0000016dfe62c000 'ProtobufPatchPlugin'
Event: 179.317 Thread 0x0000016dfa292c90 Unloading class 0x0000016dfe5983e8 '_BuildScript_$_run_closure1$_closure2'
Event: 179.317 Thread 0x0000016dfa292c90 Unloading class 0x0000016dfe598000 '_BuildScript_$_run_closure1'
Event: 179.317 Thread 0x0000016dfa292c90 Unloading class 0x0000016dfe588800 '_BuildScript_'

Classes redefined (0 events):
No events

Internal exceptions (20 events):
Event: 1933.364 Thread 0x0000016dfc874fa0 Exception <a 'java/lang/NoSuchMethodError'{0x00000006174ebfb8}: 'java.lang.Object java.lang.invoke.DirectMethodHandle$Holder.invokeSpecial(java.lang.Object, java.lang.Object, java.lang.Object, java.lang.Object, java.lang.Object, java.lang.Object, java.lang.Object, int)'> (0x00000006174ebfb8) 
thrown [s\src\hotspot\share\interpreter\linkResolver.cpp, line 759]
Event: 1933.364 Thread 0x0000016dfc874fa0 Exception <a 'java/lang/NoSuchMethodError'{0x00000006174f1b88}: 'java.lang.Object java.lang.invoke.Invokers$Holder.linkToTargetMethod(java.lang.Object, java.lang.Object, java.lang.Object, java.lang.Object, java.lang.Object, int, java.lang.Object)'> (0x00000006174f1b88) 
thrown [s\src\hotspot\share\interpreter\linkResolver.cpp, line 759]
Event: 1933.666 Thread 0x0000016e46ded5f0 Exception <a 'java/lang/NoSuchMethodError'{0x0000000616e4a6d0}: 'java.lang.Object java.lang.invoke.DirectMethodHandle$Holder.newInvokeSpecial(java.lang.Object, java.lang.Object, int, java.lang.Object, java.lang.Object)'> (0x0000000616e4a6d0) 
thrown [s\src\hotspot\share\interpreter\linkResolver.cpp, line 759]
Event: 1934.096 Thread 0x0000016e46ded5f0 Implicit null exception at 0x0000016d90ef0658 to 0x0000016d90ef0b28
Event: 1934.097 Thread 0x0000016dfc874580 Exception <a 'java/lang/NoSuchMethodError'{0x0000000616b4dcc0}: static Lorg/gradle/internal/build/event/types/DefaultTaskStartedProgressEvent;.<clinit>()V> (0x0000000616b4dcc0) 
thrown [s\src\hotspot\share\prims\jni.cpp, line 1112]
Event: 1934.098 Thread 0x0000016dfc874580 Exception <a 'java/lang/NoSuchMethodError'{0x0000000616b5a7b8}: static Lorg/gradle/internal/build/event/types/DefaultTaskDescriptor;.<clinit>()V> (0x0000000616b5a7b8) 
thrown [s\src\hotspot\share\prims\jni.cpp, line 1112]
Event: 1934.149 Thread 0x0000016dfc874580 Exception <a 'java/lang/NoSuchMethodError'{0x00000006165527e0}: static Lorg/gradle/internal/build/event/types/DefaultTaskFinishedProgressEvent;.<clinit>()V> (0x00000006165527e0) 
thrown [s\src\hotspot\share\prims\jni.cpp, line 1112]
Event: 1934.153 Thread 0x0000016dfc874580 Exception <a 'java/lang/NoSuchMethodError'{0x00000006165682f8}: static Lorg/gradle/internal/build/event/types/DefaultTaskSuccessResult;.<clinit>()V> (0x00000006165682f8) 
thrown [s\src\hotspot\share\prims\jni.cpp, line 1112]
Event: 1934.153 Thread 0x0000016dfc874580 Exception <a 'java/lang/NoSuchMethodError'{0x0000000616569a18}: static Lorg/gradle/internal/build/event/types/AbstractTaskResult;.<clinit>()V> (0x0000000616569a18) 
thrown [s\src\hotspot\share\prims\jni.cpp, line 1112]
Event: 1934.155 Thread 0x0000016e46ded5f0 Exception <a 'java/lang/NoSuchMethodError'{0x00000006164c62e8}: 'void java.lang.invoke.DirectMethodHandle$Holder.invokeSpecial(java.lang.Object, java.lang.Object, java.lang.Object, java.lang.Object, int, java.lang.Object, java.lang.Object)'> (0x00000006164c62e8) 
thrown [s\src\hotspot\share\interpreter\linkResolver.cpp, line 759]
Event: 1934.155 Thread 0x0000016dfc874580 Exception <a 'java/lang/NoSuchMethodError'{0x0000000616584e50}: static [Ljava/lang/Object;.<clinit>()V> (0x0000000616584e50) 
thrown [s\src\hotspot\share\prims\jni.cpp, line 1112]
Event: 1934.298 Thread 0x0000016e448c3140 Implicit null exception at 0x0000016d910aa336 to 0x0000016d910aab94
Event: 1934.364 Thread 0x0000016e46ded5f0 Exception <a 'java/lang/NoSuchMethodError'{0x00000006167b09e0}: 'int java.lang.invoke.DirectMethodHandle$Holder.invokeSpecial(java.lang.Object, java.lang.Object, java.lang.Object, java.lang.Object, java.lang.Object)'> (0x00000006167b09e0) 
thrown [s\src\hotspot\share\interpreter\linkResolver.cpp, line 759]
Event: 1937.479 Thread 0x0000016e46ded5f0 Exception <a 'java/lang/NoSuchMethodError'{0x0000000615b09940}: 'int java.lang.invoke.DirectMethodHandle$Holder.invokeSpecialIFC(java.lang.Object, java.lang.Object, java.lang.Object)'> (0x0000000615b09940) 
thrown [s\src\hotspot\share\interpreter\linkResolver.cpp, line 759]
Event: 2214.417 Thread 0x0000016e46de8a00 Implicit null exception at 0x0000016d90f44915 to 0x0000016d90f46d40
Event: 2214.417 Thread 0x0000016e46de8a00 Implicit null exception at 0x0000016d903dbb97 to 0x0000016d903dc210
Event: 2214.490 Thread 0x0000016e46de84f0 Implicit null exception at 0x0000016d90a33aa0 to 0x0000016d90a34288
Event: 2214.495 Thread 0x0000016e46de84f0 Implicit null exception at 0x0000016d9037ef97 to 0x0000016d9037f6bc
Event: 2219.270 Thread 0x0000016dfa29b970 Implicit null exception at 0x0000016d9073dab5 to 0x0000016d9073e048
Event: 2219.270 Thread 0x0000016dfa29b970 Implicit null exception at 0x0000016d903dbbb9 to 0x0000016d903dc2d0

VM Operations (20 events):
Event: 2220.506 Executing VM operation: Cleanup done
Event: 2220.763 Executing VM operation: G1CollectForAllocation
Event: 2220.778 Executing VM operation: G1CollectForAllocation done
Event: 2220.797 Executing VM operation: G1CollectForAllocation
Event: 2220.810 Executing VM operation: G1CollectForAllocation done
Event: 2221.520 Executing VM operation: G1CollectForAllocation
Event: 2221.520 Executing VM operation: G1CollectForAllocation done
Event: 2221.521 Executing VM operation: G1CollectForAllocation
Event: 2221.532 Executing VM operation: G1CollectForAllocation done
Event: 2222.704 Executing VM operation: G1CollectForAllocation
Event: 2222.715 Executing VM operation: G1CollectForAllocation done
Event: 2223.054 Executing VM operation: HandshakeAllThreads
Event: 2223.054 Executing VM operation: HandshakeAllThreads done
Event: 2223.353 Executing VM operation: G1CollectForAllocation
Event: 2223.353 Executing VM operation: G1CollectForAllocation done
Event: 2223.353 Executing VM operation: G1CollectForAllocation
Event: 2223.369 Executing VM operation: G1CollectForAllocation done
Event: 2223.784 Executing VM operation: G1CollectForAllocation
Event: 2223.803 Executing VM operation: G1CollectForAllocation done
Event: 2224.171 Executing VM operation: G1CollectForAllocation

Memory protections (0 events):
No events

Nmethod flushes (20 events):
Event: 2223.060 Thread 0x0000016dfa2c9120 flushing  nmethod 0x0000016d90a33890
Event: 2223.062 Thread 0x0000016dfa2c9120 flushing  nmethod 0x0000016d90ea5810
Event: 2223.064 Thread 0x0000016dfa2c9120 flushing  nmethod 0x0000016d911daf10
Event: 2223.064 Thread 0x0000016dfa2c9120 flushing  nmethod 0x0000016d911dcc90
Event: 2223.064 Thread 0x0000016dfa2c9120 flushing  nmethod 0x0000016d911de290
Event: 2223.065 Thread 0x0000016dfa2c9120 flushing  nmethod 0x0000016d911f7510
Event: 2223.067 Thread 0x0000016dfa2c9120 flushing  nmethod 0x0000016d80225910
Event: 2223.071 Thread 0x0000016dfa2c9120 flushing  nmethod 0x0000016d80621c10
Event: 2223.076 Thread 0x0000016dfa2c9120 flushing  nmethod 0x0000016d80b9d010
Event: 2223.078 Thread 0x0000016dfa2c9120 flushing  nmethod 0x0000016d80db9d90
Event: 2223.083 Thread 0x0000016dfa2c9120 flushing  nmethod 0x0000016d812cce90
Event: 2223.105 Thread 0x0000016dfa2c9120 flushing  nmethod 0x0000016d82b21c90
Event: 2223.105 Thread 0x0000016dfa2c9120 flushing  nmethod 0x0000016d82b24010
Event: 2223.105 Thread 0x0000016dfa2c9120 flushing  nmethod 0x0000016d82b25a10
Event: 2223.105 Thread 0x0000016dfa2c9120 flushing  nmethod 0x0000016d82b26090
Event: 2223.105 Thread 0x0000016dfa2c9120 flushing  nmethod 0x0000016d82b45a10
Event: 2223.106 Thread 0x0000016dfa2c9120 flushing  nmethod 0x0000016d82b58b10
Event: 2223.106 Thread 0x0000016dfa2c9120 flushing  nmethod 0x0000016d82b63610
Event: 2223.106 Thread 0x0000016dfa2c9120 flushing  nmethod 0x0000016d82bc0710
Event: 2223.106 Thread 0x0000016dfa2c9120 flushing  nmethod 0x0000016d82bc1910

Events (20 events):
Event: 1935.833 Thread 0x0000016e46ded5f0 Thread added: 0x0000016e46dea860
Event: 1936.783 Thread 0x0000016e46ded5f0 Thread added: 0x0000016e46debca0
Event: 1936.791 Thread 0x0000016e46ded5f0 Thread added: 0x0000016e46dedb00
Event: 1936.798 Thread 0x0000016e46ded5f0 Thread added: 0x0000016e46deef40
Event: 1937.528 Thread 0x0000016e46ded5f0 Thread added: 0x0000016e46dead70
Event: 1937.536 Thread 0x0000016e46ded5f0 Thread added: 0x0000016e46ded0e0
Event: 1937.544 Thread 0x0000016e46ded5f0 Thread added: 0x0000016e46deea30
Event: 1938.839 Thread 0x0000016e46ded5f0 Thread added: 0x0000016e46def450
Event: 1938.846 Thread 0x0000016e46ded5f0 Thread added: 0x0000016e46de8f10
Event: 1938.856 Thread 0x0000016e46ded5f0 Thread added: 0x0000016e46de7fe0
Event: 2209.287 Thread 0x0000016e46ded5f0 Thread added: 0x0000016e46de8a00
Event: 2209.293 Thread 0x0000016e46ded5f0 Thread added: 0x0000016e46de84f0
Event: 2209.302 Thread 0x0000016e46ded5f0 Thread added: 0x0000016e46de9420
Event: 2211.414 Thread 0x0000016dfa2bb030 Thread added: 0x0000016e440f21f0
Event: 2212.944 Thread 0x0000016e440f21f0 Thread exited: 0x0000016e440f21f0
Event: 2214.045 Thread 0x0000016dfa2bca20 Thread added: 0x0000016e440f0210
Event: 2218.614 Thread 0x0000016e440f0210 Thread exited: 0x0000016e440f0210
Event: 2218.622 Thread 0x0000016dfa2bca20 Thread added: 0x0000016e43f0e570
Event: 2219.801 Thread 0x0000016e43f0e570 Thread exited: 0x0000016e43f0e570
Event: 2220.119 Thread 0x0000016dfa2bca20 Thread added: 0x0000016e46ee5730


Dynamic libraries:
0x00007ff70f430000 - 0x00007ff70f43e000 	C:\Users\hp\java\jdk-17.0.14+7\bin\java.exe
0x00007ff8a9b50000 - 0x00007ff8a9d48000 	C:\WINDOWS\SYSTEM32\ntdll.dll
0x00007ff896360000 - 0x00007ff896380000 	C:\Program Files\Avast Software\Avast\aswhook.dll
0x00007ff8a9a30000 - 0x00007ff8a9af2000 	C:\WINDOWS\System32\KERNEL32.DLL
0x00007ff8a72c0000 - 0x00007ff8a75b6000 	C:\WINDOWS\System32\KERNELBASE.dll
0x00007ff8a7890000 - 0x00007ff8a7990000 	C:\WINDOWS\System32\ucrtbase.dll
0x00007ff88aef0000 - 0x00007ff88af07000 	C:\Users\hp\java\jdk-17.0.14+7\bin\jli.dll
0x00007ff88aed0000 - 0x00007ff88aeee000 	C:\Users\hp\java\jdk-17.0.14+7\bin\VCRUNTIME140.dll
0x00007ff8a9810000 - 0x00007ff8a99ad000 	C:\WINDOWS\System32\USER32.dll
0x00007ff8a7290000 - 0x00007ff8a72b2000 	C:\WINDOWS\System32\win32u.dll
0x00007ff896a70000 - 0x00007ff896d0a000 	C:\WINDOWS\WinSxS\amd64_microsoft.windows.common-controls_6595b64144ccf1df_6.0.19041.5915_none_60b4b9d171f9c7c7\COMCTL32.dll
0x00007ff8a9060000 - 0x00007ff8a908b000 	C:\WINDOWS\System32\GDI32.dll
0x00007ff8a9090000 - 0x00007ff8a912e000 	C:\WINDOWS\System32\msvcrt.dll
0x00007ff8a79c0000 - 0x00007ff8a7ad9000 	C:\WINDOWS\System32\gdi32full.dll
0x00007ff8a75c0000 - 0x00007ff8a765d000 	C:\WINDOWS\System32\msvcp_win.dll
0x00007ff8a9740000 - 0x00007ff8a976f000 	C:\WINDOWS\System32\IMM32.DLL
0x00007ff88ccd0000 - 0x00007ff88ccdc000 	C:\Users\hp\java\jdk-17.0.14+7\bin\vcruntime140_1.dll
0x00007ff8771b0000 - 0x00007ff87723d000 	C:\Users\hp\java\jdk-17.0.14+7\bin\msvcp140.dll
0x00007ff847df0000 - 0x00007ff848a5b000 	C:\Users\hp\java\jdk-17.0.14+7\bin\server\jvm.dll
0x00007ff8a7bd0000 - 0x00007ff8a7c81000 	C:\WINDOWS\System32\ADVAPI32.dll
0x00007ff8a9770000 - 0x00007ff8a980f000 	C:\WINDOWS\System32\sechost.dll
0x00007ff8a84b0000 - 0x00007ff8a85d3000 	C:\WINDOWS\System32\RPCRT4.dll
0x00007ff8a7990000 - 0x00007ff8a79b7000 	C:\WINDOWS\System32\bcrypt.dll
0x00007ff8a9260000 - 0x00007ff8a92cb000 	C:\WINDOWS\System32\WS2_32.dll
0x00007ff8a7040000 - 0x00007ff8a708b000 	C:\WINDOWS\SYSTEM32\POWRPROF.dll
0x00007ff89ac30000 - 0x00007ff89ac57000 	C:\WINDOWS\SYSTEM32\WINMM.dll
0x00007ff89d760000 - 0x00007ff89d76a000 	C:\WINDOWS\SYSTEM32\VERSION.dll
0x00007ff8a7020000 - 0x00007ff8a7032000 	C:\WINDOWS\SYSTEM32\UMPDC.dll
0x00007ff8a4f80000 - 0x00007ff8a4f92000 	C:\WINDOWS\SYSTEM32\kernel.appcore.dll
0x00007ff88c400000 - 0x00007ff88c40a000 	C:\Users\hp\java\jdk-17.0.14+7\bin\jimage.dll
0x00007ff89c160000 - 0x00007ff89c361000 	C:\WINDOWS\SYSTEM32\DBGHELP.DLL
0x00007ff89bb00000 - 0x00007ff89bb34000 	C:\WINDOWS\SYSTEM32\dbgcore.DLL
0x00007ff8a7ae0000 - 0x00007ff8a7b62000 	C:\WINDOWS\System32\bcryptPrimitives.dll
0x00007ff88a910000 - 0x00007ff88a91e000 	C:\Users\hp\java\jdk-17.0.14+7\bin\instrument.dll
0x00007ff88a8e0000 - 0x00007ff88a905000 	C:\Users\hp\java\jdk-17.0.14+7\bin\java.dll
0x00007ff8728c0000 - 0x00007ff872997000 	C:\Users\hp\java\jdk-17.0.14+7\bin\jsvml.dll
0x00007ff8a85e0000 - 0x00007ff8a8d4e000 	C:\WINDOWS\System32\SHELL32.dll
0x00007ff8a5260000 - 0x00007ff8a5a04000 	C:\WINDOWS\SYSTEM32\windows.storage.dll
0x00007ff8a9330000 - 0x00007ff8a9683000 	C:\WINDOWS\System32\combase.dll
0x00007ff8a6b40000 - 0x00007ff8a6b6b000 	C:\WINDOWS\SYSTEM32\Wldp.dll
0x00007ff8a7c90000 - 0x00007ff8a7d5d000 	C:\WINDOWS\System32\OLEAUT32.dll
0x00007ff8a7f30000 - 0x00007ff8a7fdd000 	C:\WINDOWS\System32\SHCORE.dll
0x00007ff8a92d0000 - 0x00007ff8a932b000 	C:\WINDOWS\System32\shlwapi.dll
0x00007ff8a7110000 - 0x00007ff8a7134000 	C:\WINDOWS\SYSTEM32\profapi.dll
0x00007ff88a8c0000 - 0x00007ff88a8d8000 	C:\Users\hp\java\jdk-17.0.14+7\bin\zip.dll
0x00007ff888700000 - 0x00007ff888719000 	C:\Users\hp\java\jdk-17.0.14+7\bin\net.dll
0x00007ff8a02b0000 - 0x00007ff8a03ba000 	C:\WINDOWS\SYSTEM32\WINHTTP.dll
0x00007ff8a68a0000 - 0x00007ff8a690a000 	C:\WINDOWS\system32\mswsock.dll
0x00007ff8882d0000 - 0x00007ff8882e6000 	C:\Users\hp\java\jdk-17.0.14+7\bin\nio.dll
0x00007ff889cb0000 - 0x00007ff889cc0000 	C:\Users\hp\java\jdk-17.0.14+7\bin\verify.dll
0x00007ff888b90000 - 0x00007ff888bb7000 	C:\Users\hp\.gradle\native\c067742578af261105cb4f569cf0c3c89f3d7b1fecec35dd04571415982c5e48\windows-amd64\native-platform.dll
0x00007ff870e30000 - 0x00007ff870f74000 	C:\Users\hp\.gradle\native\100fb08df4bc3b14c8652ba06237920a3bd2aa13389f12d3474272988ae205f9\windows-amd64\native-platform-file-events.dll
0x00007ff895cd0000 - 0x00007ff895cda000 	C:\Users\hp\java\jdk-17.0.14+7\bin\management.dll
0x00007ff895ae0000 - 0x00007ff895aeb000 	C:\Users\hp\java\jdk-17.0.14+7\bin\management_ext.dll
0x00007ff8a9b00000 - 0x00007ff8a9b08000 	C:\WINDOWS\System32\PSAPI.DLL
0x00007ff8a6a90000 - 0x00007ff8a6aa8000 	C:\WINDOWS\SYSTEM32\CRYPTSP.dll
0x00007ff8a61c0000 - 0x00007ff8a61f8000 	C:\WINDOWS\system32\rsaenh.dll
0x00007ff8a7090000 - 0x00007ff8a70be000 	C:\WINDOWS\SYSTEM32\USERENV.dll
0x00007ff8a6ab0000 - 0x00007ff8a6abc000 	C:\WINDOWS\SYSTEM32\CRYPTBASE.dll
0x00007ff8a6580000 - 0x00007ff8a65bb000 	C:\WINDOWS\SYSTEM32\IPHLPAPI.DLL
0x00007ff8a9130000 - 0x00007ff8a9138000 	C:\WINDOWS\System32\NSI.dll
0x00007ff8a0b00000 - 0x00007ff8a0b17000 	C:\WINDOWS\SYSTEM32\dhcpcsvc6.DLL
0x00007ff8a0de0000 - 0x00007ff8a0dfd000 	C:\WINDOWS\SYSTEM32\dhcpcsvc.DLL
0x00007ff8a65c0000 - 0x00007ff8a668a000 	C:\WINDOWS\SYSTEM32\DNSAPI.dll
0x00007ff895ad0000 - 0x00007ff895ad9000 	C:\Users\hp\java\jdk-17.0.14+7\bin\extnet.dll
0x00007ff88cd90000 - 0x00007ff88cd9e000 	C:\Users\hp\java\jdk-17.0.14+7\bin\sunmscapi.dll
0x00007ff8a76b0000 - 0x00007ff8a780d000 	C:\WINDOWS\System32\CRYPT32.dll
0x00007ff8a6bb0000 - 0x00007ff8a6bd7000 	C:\WINDOWS\SYSTEM32\ncrypt.dll
0x00007ff8a6b70000 - 0x00007ff8a6bab000 	C:\WINDOWS\SYSTEM32\NTASN1.dll
0x00007ff88cda0000 - 0x00007ff88cda7000 	C:\WINDOWS\system32\wshunix.dll
0x00007ff8a6410000 - 0x00007ff8a6443000 	C:\WINDOWS\SYSTEM32\ntmarta.dll
0x00000000616e0000 - 0x0000000061706000 	C:\Program Files\Bonjour\mdnsNSP.dll
0x00007ff8965d0000 - 0x00007ff8965da000 	C:\Windows\System32\rasadhlp.dll
0x00007ff897050000 - 0x00007ff8970d0000 	C:\WINDOWS\System32\fwpuclnt.dll
0x00007ff889de0000 - 0x00007ff889df7000 	C:\WINDOWS\system32\napinsp.dll
0x00007ff889e00000 - 0x00007ff889e1b000 	C:\WINDOWS\system32\pnrpnsp.dll
0x00007ff889f20000 - 0x00007ff889f3d000 	C:\WINDOWS\system32\wshbth.dll
0x00007ff8a33a0000 - 0x00007ff8a33bd000 	C:\WINDOWS\system32\NLAapi.dll
0x00007ff889f80000 - 0x00007ff889f92000 	C:\WINDOWS\System32\winrnr.dll

dbghelp: loaded successfully - version: 4.0.5 - missing functions: none
symbol engine: initialized successfully - sym options: 0x614 - pdb path: .;C:\Users\hp\java\jdk-17.0.14+7\bin;C:\WINDOWS\SYSTEM32;C:\Program Files\Avast Software\Avast;C:\WINDOWS\WinSxS\amd64_microsoft.windows.common-controls_6595b64144ccf1df_6.0.19041.5915_none_60b4b9d171f9c7c7;C:\Users\hp\java\jdk-17.0.14+7\bin\server;C:\Users\hp\.gradle\native\c067742578af261105cb4f569cf0c3c89f3d7b1fecec35dd04571415982c5e48\windows-amd64;C:\Users\hp\.gradle\native\100fb08df4bc3b14c8652ba06237920a3bd2aa13389f12d3474272988ae205f9\windows-amd64;C:\Program Files\Bonjour

VM Arguments:
jvm_args: -XX:MaxMetaspaceSize=4G -XX:ReservedCodeCacheSize=512m -XX:+HeapDumpOnOutOfMemoryError --add-opens=java.base/java.util=ALL-UNNAMED --add-opens=java.base/java.lang=ALL-UNNAMED --add-opens=java.base/java.lang.invoke=ALL-UNNAMED --add-opens=java.prefs/java.util.prefs=ALL-UNNAMED --add-exports=jdk.compiler/com.sun.tools.javac.api=ALL-UNNAMED --add-exports=jdk.compiler/com.sun.tools.javac.util=ALL-UNNAMED --add-opens=java.base/java.nio.charset=ALL-UNNAMED --add-opens=java.base/java.net=ALL-UNNAMED --add-opens=java.base/java.util.concurrent.atomic=ALL-UNNAMED -Xmx8G -Dfile.encoding=utf8 -Duser.country=FR -Duser.language=fr -Duser.variant -javaagent:C:\Users\hp\.gradle\wrapper\dists\gradle-8.10.2-all\7iv73wktx1xtkvlq19urqw1wm\gradle-8.10.2\lib\agents\gradle-instrumentation-agent-8.10.2.jar 
java_command: org.gradle.launcher.daemon.bootstrap.GradleDaemon 8.10.2
java_class_path (initial): C:\Users\hp\.gradle\wrapper\dists\gradle-8.10.2-all\7iv73wktx1xtkvlq19urqw1wm\gradle-8.10.2\lib\gradle-daemon-main-8.10.2.jar
Launcher Type: SUN_STANDARD

[Global flags]
     intx CICompilerCount                          = 3                                         {product} {ergonomic}
     uint ConcGCThreads                            = 1                                         {product} {ergonomic}
     uint G1ConcRefinementThreads                  = 4                                         {product} {ergonomic}
   size_t G1HeapRegionSize                         = 4194304                                   {product} {ergonomic}
    uintx GCDrainStackTargetSize                   = 64                                        {product} {ergonomic}
     bool HeapDumpOnOutOfMemoryError               = true                                   {manageable} {command line}
   size_t InitialHeapSize                          = 134217728                                 {product} {ergonomic}
   size_t MarkStackSize                            = 4194304                                   {product} {ergonomic}
   size_t MaxHeapSize                              = 8589934592                                {product} {command line}
   size_t MaxMetaspaceSize                         = 4294967296                                {product} {command line}
   size_t MaxNewSize                               = 5150605312                                {product} {ergonomic}
   size_t MinHeapDeltaBytes                        = 4194304                                   {product} {ergonomic}
   size_t MinHeapSize                              = 8388608                                   {product} {ergonomic}
    uintx NonNMethodCodeHeapSize                   = 5832780                                {pd product} {ergonomic}
    uintx NonProfiledCodeHeapSize                  = 265519066                              {pd product} {ergonomic}
    uintx ProfiledCodeHeapSize                     = 265519066                              {pd product} {ergonomic}
    uintx ReservedCodeCacheSize                    = 536870912                              {pd product} {command line}
     bool SegmentedCodeCache                       = true                                      {product} {ergonomic}
   size_t SoftMaxHeapSize                          = 8589934592                             {manageable} {ergonomic}
   double SweeperThreshold                         = 0.234375                                  {product} {ergonomic}
     bool UseCompressedClassPointers               = true                           {product lp64_product} {ergonomic}
     bool UseCompressedOops                        = true                           {product lp64_product} {ergonomic}
     bool UseG1GC                                  = true                                      {product} {ergonomic}
     bool UseLargePagesIndividualAllocation        = false                                  {pd product} {ergonomic}

Logging:
Log output configuration:
 #0: stdout all=warning uptime,level,tags
 #1: stderr all=off uptime,level,tags

Environment Variables:
PATH=C:\Program Files\Python313\Scripts\;C:\Program Files\Python313\;C:\Python312\Scripts\;C:\Python312\;C:\WINDOWS\system32;C:\WINDOWS;C:\WINDOWS\System32\Wbem;C:\WINDOWS\System32\WindowsPowerShell\v1.0\;C:\WINDOWS\System32\OpenSSH\;C:\Program Files (x86)\NVIDIA Corporation\PhysX\Common;C:\mongosh\bin;C:\Program Files\MongoDB\Server\7.0\bin;C:\ProgramData\chocolatey\bin;C:\Program Files\PuTTY\;C:\Users\hp\AppData\Roaming\nvm;C:\Program Files\nodejs;C:\Program Files\Git\cmd;C:\Program Files\NVIDIA Corporation\NVIDIA app\NvDLISR;C:\Users\hp\AppData\Local\Programs\Python\Python310\Scripts\;C:\Users\hp\AppData\Local\Programs\Python\Python310\;C:\Users\hp\AppData\Local\Microsoft\WindowsApps;C:\Users\hp\AppData\Local\Programs\Microsoft VS Code\bin;C:\dart;C:\src\flutter\bin;C:\Users\hp\AppData\Roaming\npm;C:\Program Files\MySQL\MySQL;C:\Android\platform-tools;%JAVA_HOME%\bin;C:\Program Files\nodejs\;C:\Program Files\MySQL\MySQL Server 8.0\bin;C:\Users\hp\java\jdk-17.0.14+7\bin;C:\msys64\mingw64\bin;C:\msys64\ucrt64\bin;C:\Users\hp\AppData\Local\Android\Sdk\build-tools\35.0.0-rc4\apksigner.exe;C:\Program Files (x86)\GTK2-Runtime\bin;C:\Program Files\Python313\Scripts\;C:\Program Files\Python313\;C:\Python312\Scripts\;C:\Python312\;C:\WINDOWS\system32;C:\WINDOWS;C:\WINDOWS\System32\Wbem;C:\WINDOWS\System32\WindowsPowerShell\v1.0\;C:\WINDOWS\System32\OpenSSH\;C:\Program Files (x86)\NVIDIA Corporation\PhysX\Common;C:\Program Files\ACE Studio;C:\mongosh\bin;C:\Program Files\MongoDB\Server\7.0\bin;C:\ProgramData\chocolatey\bin;C:\Program Files\PuTTY\;C:\Users\hp\AppData\Roaming\nvm;C:\Program Files\nodejs;C:\Program Files\Git\cmd;C:\Program Files\NVIDIA Corporation\NVIDIA app\NvDLISR;C:\Users\hp\AppData\Local\Programs\Python\Python310\Scripts\;C:\Users\hp\AppData\Local\Programs\Python\Python310\;C:\Users\hp\AppData\Local\Microsoft\WindowsApps;C:\Users\hp\AppData\Local\Programs\Microsoft VS Code\bin;C:\dart;C:\src\flutter\bin;C:\Users\hp\AppData\Roaming\npm;C:\Program Files\MySQL\MySQL;C:\Android\platform-tools;%JAVA_HOME%\bin;C:\Program Files\nodejs\;C:\Program Files\MySQL\MySQL Server 8.0\bin;C:\Users\hp\java\jdk-17.0.14+7\bin;C:\msys64\ming
USERNAME=hp
OS=Windows_NT
PROCESSOR_IDENTIFIER=Intel64 Family 6 Model 69 Stepping 1, GenuineIntel
TMP=C:\WINDOWS\TEMP
TEMP=C:\WINDOWS\TEMP



Periodic native trim disabled


---------------  S Y S T E M  ---------------

OS:
 Windows 10 , 64 bit Build 19041 (10.0.19041.5915)
OS uptime: 0 days 1:25 hours

CPU: total 4 (initial active 4) (2 cores per cpu, 2 threads per core) family 6 model 69 stepping 1 microcode 0x25, cx8, cmov, fxsr, ht, mmx, sse, sse2, sse3, ssse3, sse4.1, sse4.2, popcnt, lzcnt, tsc, tscinvbit, avx, avx2, aes, erms, clmul, bmi1, bmi2, fma, vzeroupper, clflush
Processor Information for all 4 processors :
  Max Mhz: 2601, Current Mhz: 2000, Mhz Limit: 1976

Memory: 4k page, system-wide physical 8122M (488M free)
TotalPageFile size 8122M (AvailPageFile size 158M)
current process WorkingSet (physical memory assigned to process): 976M, peak: 980M
current process commit charge ("private bytes"): 1012M, peak: 1583M

vm_info: OpenJDK 64-Bit Server VM (17.0.14+7) for windows-amd64 JRE (17.0.14+7), built on Jan 21 2025 23:40:15 by "admin" with MS VC++ 17.7 (VS2022)

END.
