#
# There is insufficient memory for the Java Runtime Environment to continue.
# Native memory allocation (malloc) failed to allocate 131488 bytes. Error detail: Chunk::new
# Possible reasons:
#   The system is out of physical RAM or swap space
#   This process is running with CompressedOops enabled, and the Java Heap may be blocking the growth of the native heap
# Possible solutions:
#   Reduce memory load on the system
#   Increase physical memory or swap space
#   Check if swap backing store is full
#   Decrease Java heap size (-Xmx/-Xms)
#   Decrease number of Java threads
#   Decrease Java thread stack sizes (-Xss)
#   Set larger code cache with -XX:ReservedCodeCacheSize=
#   JVM is running with Unscaled Compressed Oops mode in which the Java heap is
#     placed in the first 4GB address space. The Java Heap base address is the
#     maximum limit for the native heap growth. Please use -XX:HeapBaseMinAddress
#     to set the Java Heap base and to place the Java Heap above 4GB virtual address.
# This output file may be truncated or incomplete.
#
#  Out of Memory Error (arena.cpp:168), pid=2356, tid=3640
#
# JRE version: OpenJDK Runtime Environment Temurin-21.0.7+6 (21.0.7+6) (build 21.0.7+6-LTS)
# Java VM: OpenJDK 64-Bit Server VM Temurin-21.0.7+6 (21.0.7+6-LTS, mixed mode, sharing, tiered, compressed oops, compressed class ptrs, parallel gc, windows-amd64)
# No core dump will be written. Minidumps are not enabled by default on client versions of Windows
#

---------------  S U M M A R Y ------------

Command Line: --add-modules=ALL-SYSTEM --add-opens=java.base/java.util=ALL-UNNAMED --add-opens=java.base/java.lang=ALL-UNNAMED --add-opens=java.base/sun.nio.fs=ALL-UNNAMED -Declipse.application=org.eclipse.jdt.ls.core.id1 -Dosgi.bundles.defaultStartLevel=4 -Declipse.product=org.eclipse.jdt.ls.core.product -Djava.import.generatesMetadataFilesAtProjectRoot=false -DDetectVMInstallationsJob.disabled=true -Dfile.encoding=utf8 -XX:+UseParallelGC -XX:GCTimeRatio=4 -XX:AdaptiveSizePolicyWeight=90 -Dsun.zip.disableMemoryMapping=true -Xmx2G -Xms100m -Xlog:disable -javaagent:c:\Users\hp\.vscode\extensions\redhat.java-1.43.1-win32-x64\lombok\lombok-1.18.39-4050.jar c:\Users\hp\.vscode\extensions\redhat.java-1.43.1-win32-x64\server\plugins\org.eclipse.equinox.launcher_1.7.0.v20250519-0528.jar -configuration c:\Users\hp\AppData\Roaming\Code\User\globalStorage\redhat.java\1.43.1\config_ss_win -data c:\Users\hp\AppData\Roaming\Code\User\workspaceStorage\2aa29edd15c5f090c369f62f5a021994\redhat.java\ss_ws --pipe=\\.\pipe\lsp-5dd2ec893e73db54a08a66d8e8e80091-sock

Host: Intel(R) Core(TM) i7-4510U CPU @ 2.00GHz, 4 cores, 7G,  Windows 10 , 64 bit Build 19041 (10.0.19041.5915)
Time: Mon Jul 21 13:48:45 2025 Maroc (heure d64 bit Build 19041 (10.0.19041.5915) elapsed time: 2.995079 seconds (0d 0h 0m 2s)

---------------  T H R E A D  ---------------

Current thread (0x0000014b9149ec30):  JavaThread "C2 CompilerThread0" daemon [_thread_in_native, id=3640, stack(0x0000004600c00000,0x0000004600d00000) (1024K)]


Current CompileTask:
C2:2995 1363       4       jdk.internal.jimage.ImageLocation::verify (218 bytes)

Stack: [0x0000004600c00000,0x0000004600d00000]
Native frames: (J=compiled Java code, j=interpreted, Vv=VM code, C=native code)
V  [jvm.dll+0x6ce119]
V  [jvm.dll+0x8a84a1]
V  [jvm.dll+0x8aa9ce]
V  [jvm.dll+0x8ab0b3]
V  [jvm.dll+0x27f8a6]
V  [jvm.dll+0xc507d]
V  [jvm.dll+0xc55b3]
V  [jvm.dll+0x3b692c]
V  [jvm.dll+0x1dfaab]
V  [jvm.dll+0x247c42]
V  [jvm.dll+0x2470cf]
V  [jvm.dll+0x1c760e]
V  [jvm.dll+0x25695a]
V  [jvm.dll+0x254efa]
V  [jvm.dll+0x3f03f6]
V  [jvm.dll+0x851f6b]
V  [jvm.dll+0x6cc7dd]
C  [ucrtbase.dll+0x21bb2]
C  [KERNEL32.DLL+0x17374]
C  [ntdll.dll+0x4cc91]


---------------  P R O C E S S  ---------------

Threads class SMR info:
_java_thread_list=0x0000014bee492dc0, length=12, elements={
0x0000014b915aedd0, 0x0000014b91494260, 0x0000014b91495c50, 0x0000014b914978c0,
0x0000014b914997e0, 0x0000014b9149d3b0, 0x0000014b9149de00, 0x0000014b9149ec30,
0x0000014b91514590, 0x0000014b9161d8b0, 0x0000014be9e133d0, 0x0000014bee4fdda0
}

Java Threads: ( => current thread )
  0x0000014b915aedd0 JavaThread "main"                              [_thread_in_vm, id=4668, stack(0x0000004600200000,0x0000004600300000) (1024K)]
  0x0000014b91494260 JavaThread "Reference Handler"          daemon [_thread_blocked, id=11756, stack(0x0000004600600000,0x0000004600700000) (1024K)]
  0x0000014b91495c50 JavaThread "Finalizer"                  daemon [_thread_blocked, id=10836, stack(0x0000004600700000,0x0000004600800000) (1024K)]
  0x0000014b914978c0 JavaThread "Signal Dispatcher"          daemon [_thread_blocked, id=3500, stack(0x0000004600800000,0x0000004600900000) (1024K)]
  0x0000014b914997e0 JavaThread "Attach Listener"            daemon [_thread_blocked, id=1240, stack(0x0000004600900000,0x0000004600a00000) (1024K)]
  0x0000014b9149d3b0 JavaThread "Service Thread"             daemon [_thread_blocked, id=13188, stack(0x0000004600a00000,0x0000004600b00000) (1024K)]
  0x0000014b9149de00 JavaThread "Monitor Deflation Thread"   daemon [_thread_blocked, id=11736, stack(0x0000004600b00000,0x0000004600c00000) (1024K)]
=>0x0000014b9149ec30 JavaThread "C2 CompilerThread0"         daemon [_thread_in_native, id=3640, stack(0x0000004600c00000,0x0000004600d00000) (1024K)]
  0x0000014b91514590 JavaThread "C1 CompilerThread0"         daemon [_thread_in_vm, id=12644, stack(0x0000004600d00000,0x0000004600e00000) (1024K)]
  0x0000014b9161d8b0 JavaThread "Common-Cleaner"             daemon [_thread_blocked, id=11648, stack(0x0000004600e00000,0x0000004600f00000) (1024K)]
  0x0000014be9e133d0 JavaThread "Notification Thread"        daemon [_thread_blocked, id=8888, stack(0x0000004600f00000,0x0000004601000000) (1024K)]
  0x0000014bee4fdda0 JavaThread "C2 CompilerThread1"         daemon [_thread_blocked, id=10156, stack(0x0000004601000000,0x0000004601100000) (1024K)]
Total: 12

Other Threads:
  0x0000014b91669e50 VMThread "VM Thread"                           [id=9272, stack(0x0000004600500000,0x0000004600600000) (1024K)]
  0x0000014b9161c120 WatcherThread "VM Periodic Task Thread"        [id=12076, stack(0x0000004600400000,0x0000004600500000) (1024K)]
  0x0000014b915cd360 WorkerThread "GC Thread#0"                     [id=11548, stack(0x0000004600300000,0x0000004600400000) (1024K)]
  0x0000014bee0b9f50 WorkerThread "GC Thread#1"                     [id=9316, stack(0x0000004601100000,0x0000004601200000) (1024K)]
  0x0000014bee3bbd10 WorkerThread "GC Thread#2"                     [id=11036, stack(0x0000004601200000,0x0000004601300000) (1024K)]
  0x0000014bee2f8060 WorkerThread "GC Thread#3"                     [id=4404, stack(0x0000004601300000,0x0000004601400000) (1024K)]
Total: 6

Threads with active compile tasks:
C2 CompilerThread0  3064 1363       4       jdk.internal.jimage.ImageLocation::verify (218 bytes)
C1 CompilerThread0  3064 1372   !   3       sun.net.www.ParseUtil::decode (349 bytes)
Total: 2

VM state: not at safepoint (normal execution)

VM Mutex/Monitor currently owned by a thread:  ([mutex/lock_event])
[0x00007ffdf6c7c308] Metaspace_lock - owner thread: 0x0000014b91514590

OutOfMemory and StackOverflow Exception counts:
OutOfMemoryError java_heap_errors=1
LinkageErrors=20

Heap address: 0x0000000080000000, size: 2048 MB, Compressed Oops mode: 32-bit

CDS archive(s) mapped at: [0x0000014ba8000000-0x0000014ba8ba0000-0x0000014ba8ba0000), size 12189696, SharedBaseAddress: 0x0000014ba8000000, ArchiveRelocationMode: 1.
Compressed class space mapped at: 0x0000014ba9000000-0x0000014be9000000, reserved size: 1073741824
Narrow klass base: 0x0000014ba8000000, Narrow klass shift: 0, Narrow klass range: 0x100000000

GC Precious Log:
 CardTable entry size: 512
 CPUs: 4 total, 4 available
 Memory: 8122M
 Large Page Support: Disabled
 NUMA Support: Disabled
 Compressed Oops: Enabled (32-bit)
 Alignments: Space 512K, Generation 512K, Heap 2M
 Heap Min Capacity: 100M
 Heap Initial Capacity: 100M
 Heap Max Capacity: 2G
 Pre-touch: Disabled
 Parallel Workers: 4

Heap:
 PSYoungGen      total 29696K, used 14349K [0x00000000d5580000, 0x00000000d7680000, 0x0000000100000000)
  eden space 25600K, 43% used [0x00000000d5580000,0x00000000d60477c8,0x00000000d6e80000)
  from space 4096K, 80% used [0x00000000d6e80000,0x00000000d71bbf18,0x00000000d7280000)
  to   space 4096K, 0% used [0x00000000d7280000,0x00000000d7280000,0x00000000d7680000)
 ParOldGen       total 68608K, used 0K [0x0000000080000000, 0x0000000084300000, 0x00000000d5580000)
  object space 68608K, 0% used [0x0000000080000000,0x0000000080000000,0x0000000084300000)
 Metaspace       used 6224K, committed 6400K, reserved 1114112K
  class space    used 618K, committed 704K, reserved 1048576K

Card table byte_map: [0x0000014b90f50000,0x0000014b91360000] _byte_map_base: 0x0000014b90b50000

Marking Bits: (ParMarkBitMap*) 0x00007ffdf6c831f0
 Begin Bits: [0x0000014ba3a50000, 0x0000014ba5a50000)
 End Bits:   [0x0000014ba5a50000, 0x0000014ba7a50000)

Polling page: 0x0000014b8f200000

Metaspace:

Usage:
  Non-class:      5.48 MB used.
      Class:    618.04 KB used.
       Both:      6.08 MB used.

Virtual space:
  Non-class space:       64.00 MB reserved,       5.56 MB (  9%) committed,  1 nodes.
      Class space:        1.00 GB reserved,     704.00 KB ( <1%) committed,  1 nodes.
             Both:        1.06 GB reserved,       6.25 MB ( <1%) committed. 

Chunk freelists:
   Non-Class:  9.89 MB
       Class:  15.31 MB
        Both:  25.20 MB

MaxMetaspaceSize: unlimited
CompressedClassSpaceSize: 1.00 GB
Initial GC threshold: 21.00 MB
Current GC threshold: 21.00 MB
CDS: on
 - commit_granule_bytes: 65536.
 - commit_granule_words: 8192.
 - virtual_space_node_default_size: 8388608.
 - enlarge_chunks_in_place: 1.
 - use_allocation_guard: 0.


Internal statistics:

num_allocs_failed_limit: 0.
num_arena_births: 190.
num_arena_deaths: 0.
num_vsnodes_births: 2.
num_vsnodes_deaths: 0.
num_space_committed: 100.
num_space_uncommitted: 0.
num_chunks_returned_to_freelist: 0.
num_chunks_taken_from_freelist: 317.
num_chunk_merges: 0.
num_chunk_splits: 203.
num_chunks_enlarged: 133.
num_inconsistent_stats: 0.

CodeHeap 'non-profiled nmethods': size=120000Kb used=598Kb max_used=598Kb free=119401Kb
 bounds [0x0000014b9c270000, 0x0000014b9c4e0000, 0x0000014ba37a0000]
CodeHeap 'profiled nmethods': size=120000Kb used=2326Kb max_used=2326Kb free=117674Kb
 bounds [0x0000014b947a0000, 0x0000014b94a10000, 0x0000014b9bcd0000]
CodeHeap 'non-nmethods': size=5760Kb used=1208Kb max_used=1238Kb free=4552Kb
 bounds [0x0000014b9bcd0000, 0x0000014b9bf40000, 0x0000014b9c270000]
 total_blobs=1840 nmethods=1369 adapters=378
 compilation: enabled
              stopped_count=0, restarted_count=0
 full_count=0

Compilation events (20 events):
Event: 2.925 Thread 0x0000014b9149ec30 1360       4       java.lang.StringBuilder::append (8 bytes)
Event: 2.927 Thread 0x0000014b91514590 nmethod 1359 0x0000014b949e3110 code [0x0000014b949e32e0, 0x0000014b949e3518]
Event: 2.932 Thread 0x0000014b91514590 1362       3       java.net.URI::toString (16 bytes)
Event: 2.932 Thread 0x0000014b91514590 nmethod 1362 0x0000014b949e3610 code [0x0000014b949e37c0, 0x0000014b949e3938]
Event: 2.935 Thread 0x0000014b9149ec30 nmethod 1360 0x0000014b9c2fe990 code [0x0000014b9c2feb80, 0x0000014b9c2ff328]
Event: 2.935 Thread 0x0000014b9149ec30 1361       4       java.lang.AbstractStringBuilder::append (45 bytes)
Event: 2.946 Thread 0x0000014b91514590 1364       3       java.net.URI$Parser::scan (53 bytes)
Event: 2.946 Thread 0x0000014b9149ec30 nmethod 1361 0x0000014b9c2ff710 code [0x0000014b9c2ff900, 0x0000014b9c300090]
Event: 2.946 Thread 0x0000014b9149ec30 1363       4       jdk.internal.jimage.ImageLocation::verify (218 bytes)
Event: 2.947 Thread 0x0000014b91514590 nmethod 1364 0x0000014b949e3a10 code [0x0000014b949e3c60, 0x0000014b949e44c8]
Event: 2.964 Thread 0x0000014bee4fdda0 nmethod 1346 0x0000014b9c300490 code [0x0000014b9c300800, 0x0000014b9c3029e0]
Event: 2.965 Thread 0x0000014bee4fdda0 1365       4       org.lombokweb.asm.ClassReader::readUnsignedShort (26 bytes)
Event: 2.966 Thread 0x0000014b91514590 1366       3       java.io.File::<init> (20 bytes)
Event: 2.966 Thread 0x0000014b91514590 nmethod 1366 0x0000014b949e4910 code [0x0000014b949e4ac0, 0x0000014b949e4c60]
Event: 2.967 Thread 0x0000014bee4fdda0 nmethod 1365 0x0000014b9c303c10 code [0x0000014b9c303da0, 0x0000014b9c303ea8]
Event: 2.971 Thread 0x0000014bee4fdda0 1367       4       java.util.concurrent.ConcurrentHashMap$Traverser::advance (188 bytes)
Event: 2.976 Thread 0x0000014bee4fdda0 nmethod 1367 0x0000014b9c303f90 code [0x0000014b9c304120, 0x0000014b9c304330]
Event: 2.988 Thread 0x0000014bee4fdda0 1369       4       jdk.internal.module.ModuleReferenceImpl::hashCode (56 bytes)
Event: 2.989 Thread 0x0000014bee4fdda0 nmethod 1369 0x0000014b9c304890 code [0x0000014b9c304a20, 0x0000014b9c304ac8]
Event: 2.989 Thread 0x0000014bee4fdda0 1370       4       jdk.internal.jimage.ImageStringsReader::hashCode (33 bytes)

GC Heap History (2 events):
Event: 2.257 GC heap before
{Heap before GC invocations=1 (full 0):
 PSYoungGen      total 29696K, used 25600K [0x00000000d5580000, 0x00000000d7680000, 0x0000000100000000)
  eden space 25600K, 100% used [0x00000000d5580000,0x00000000d6e80000,0x00000000d6e80000)
  from space 4096K, 0% used [0x00000000d7280000,0x00000000d7280000,0x00000000d7680000)
  to   space 4096K, 0% used [0x00000000d6e80000,0x00000000d6e80000,0x00000000d7280000)
 ParOldGen       total 68608K, used 0K [0x0000000080000000, 0x0000000084300000, 0x00000000d5580000)
  object space 68608K, 0% used [0x0000000080000000,0x0000000080000000,0x0000000084300000)
 Metaspace       used 4333K, committed 4608K, reserved 1114112K
  class space    used 460K, committed 576K, reserved 1048576K
}
Event: 2.316 GC heap after
{Heap after GC invocations=1 (full 0):
 PSYoungGen      total 29696K, used 3311K [0x00000000d5580000, 0x00000000d7680000, 0x0000000100000000)
  eden space 25600K, 0% used [0x00000000d5580000,0x00000000d5580000,0x00000000d6e80000)
  from space 4096K, 80% used [0x00000000d6e80000,0x00000000d71bbf18,0x00000000d7280000)
  to   space 4096K, 0% used [0x00000000d7280000,0x00000000d7280000,0x00000000d7680000)
 ParOldGen       total 68608K, used 0K [0x0000000080000000, 0x0000000084300000, 0x00000000d5580000)
  object space 68608K, 0% used [0x0000000080000000,0x0000000080000000,0x0000000084300000)
 Metaspace       used 4333K, committed 4608K, reserved 1114112K
  class space    used 460K, committed 576K, reserved 1048576K
}

Dll operation events (8 events):
Event: 0.029 Loaded shared library c:\Users\hp\.vscode\extensions\redhat.java-1.43.1-win32-x64\jre\21.0.7-win32-x86_64\bin\java.dll
Event: 0.138 Loaded shared library c:\Users\hp\.vscode\extensions\redhat.java-1.43.1-win32-x64\jre\21.0.7-win32-x86_64\bin\zip.dll
Event: 0.324 Loaded shared library C:\Users\hp\.vscode\extensions\redhat.java-1.43.1-win32-x64\jre\21.0.7-win32-x86_64\bin\instrument.dll
Event: 0.369 Loaded shared library C:\Users\hp\.vscode\extensions\redhat.java-1.43.1-win32-x64\jre\21.0.7-win32-x86_64\bin\net.dll
Event: 0.384 Loaded shared library C:\Users\hp\.vscode\extensions\redhat.java-1.43.1-win32-x64\jre\21.0.7-win32-x86_64\bin\nio.dll
Event: 0.391 Loaded shared library C:\Users\hp\.vscode\extensions\redhat.java-1.43.1-win32-x64\jre\21.0.7-win32-x86_64\bin\zip.dll
Event: 0.447 Loaded shared library C:\Users\hp\.vscode\extensions\redhat.java-1.43.1-win32-x64\jre\21.0.7-win32-x86_64\bin\jimage.dll
Event: 0.689 Loaded shared library c:\Users\hp\.vscode\extensions\redhat.java-1.43.1-win32-x64\jre\21.0.7-win32-x86_64\bin\verify.dll

Deoptimization events (20 events):
Event: 2.824 Thread 0x0000014b915aedd0 DEOPT PACKING pc=0x0000014b9483f48d sp=0x00000046002f3f20
Event: 2.824 Thread 0x0000014b915aedd0 DEOPT UNPACKING pc=0x0000014b9bd24242 sp=0x00000046002f33d0 mode 0
Event: 2.830 Thread 0x0000014b915aedd0 DEOPT PACKING pc=0x0000014b9483f48d sp=0x00000046002f3f20
Event: 2.830 Thread 0x0000014b915aedd0 DEOPT UNPACKING pc=0x0000014b9bd24242 sp=0x00000046002f33d0 mode 0
Event: 2.865 Thread 0x0000014b915aedd0 DEOPT PACKING pc=0x0000014b9483f48d sp=0x00000046002f79e0
Event: 2.865 Thread 0x0000014b915aedd0 DEOPT UNPACKING pc=0x0000014b9bd24242 sp=0x00000046002f6e90 mode 0
Event: 2.888 Thread 0x0000014b915aedd0 DEOPT PACKING pc=0x0000014b9483f52e sp=0x00000046002f3f50
Event: 2.889 Thread 0x0000014b915aedd0 DEOPT UNPACKING pc=0x0000014b9bd24242 sp=0x00000046002f3400 mode 0
Event: 2.913 Thread 0x0000014b915aedd0 DEOPT PACKING pc=0x0000014b9483f48d sp=0x00000046002f3bd0
Event: 2.914 Thread 0x0000014b915aedd0 DEOPT UNPACKING pc=0x0000014b9bd24242 sp=0x00000046002f3080 mode 0
Event: 2.932 Thread 0x0000014b915aedd0 DEOPT PACKING pc=0x0000014b9483f48d sp=0x00000046002f7570
Event: 2.933 Thread 0x0000014b915aedd0 DEOPT UNPACKING pc=0x0000014b9bd24242 sp=0x00000046002f6a20 mode 0
Event: 2.939 Thread 0x0000014b915aedd0 Uncommon trap: trap_request=0xffffffc6 fr.pc=0x0000014b9c2a9458 relative=0x0000000000000298
Event: 2.939 Thread 0x0000014b915aedd0 Uncommon trap: reason=bimorphic_or_optimized_type_check action=maybe_recompile pc=0x0000014b9c2a9458 method=java.util.Collections$UnmodifiableCollection$1.next()Ljava/lang/Object; @ 4 c2
Event: 2.939 Thread 0x0000014b915aedd0 DEOPT PACKING pc=0x0000014b9c2a9458 sp=0x00000046002f8160
Event: 2.939 Thread 0x0000014b915aedd0 DEOPT UNPACKING pc=0x0000014b9bd23aa2 sp=0x00000046002f8110 mode 2
Event: 2.939 Thread 0x0000014b915aedd0 Uncommon trap: trap_request=0xffffffc6 fr.pc=0x0000014b9c2a9458 relative=0x0000000000000298
Event: 2.939 Thread 0x0000014b915aedd0 Uncommon trap: reason=bimorphic_or_optimized_type_check action=maybe_recompile pc=0x0000014b9c2a9458 method=java.util.Collections$UnmodifiableCollection$1.next()Ljava/lang/Object; @ 4 c2
Event: 2.939 Thread 0x0000014b915aedd0 DEOPT PACKING pc=0x0000014b9c2a9458 sp=0x00000046002f8160
Event: 2.939 Thread 0x0000014b915aedd0 DEOPT UNPACKING pc=0x0000014b9bd23aa2 sp=0x00000046002f8110 mode 2

Classes loaded (20 events):
Event: 2.644 Loading class java/util/concurrent/SynchronousQueue$Transferer
Event: 2.645 Loading class java/util/concurrent/LinkedTransferQueue
Event: 2.645 Loading class java/util/concurrent/TransferQueue
Event: 2.645 Loading class java/util/concurrent/TransferQueue done
Event: 2.645 Loading class java/util/concurrent/LinkedTransferQueue done
Event: 2.645 Loading class java/util/concurrent/SynchronousQueue$Transferer done
Event: 2.645 Loading class java/util/concurrent/LinkedTransferQueue$DualNode
Event: 2.646 Loading class java/util/concurrent/LinkedTransferQueue$DualNode done
Event: 2.647 Loading class java/util/concurrent/RejectedExecutionHandler
Event: 2.647 Loading class java/util/concurrent/RejectedExecutionHandler done
Event: 2.647 Loading class java/util/concurrent/LinkedBlockingQueue
Event: 2.648 Loading class java/util/concurrent/LinkedBlockingQueue done
Event: 2.648 Loading class java/util/concurrent/LinkedBlockingQueue$Node
Event: 2.648 Loading class java/util/concurrent/LinkedBlockingQueue$Node done
Event: 2.667 Loading class java/util/concurrent/Semaphore$NonfairSync
Event: 2.667 Loading class java/util/concurrent/Semaphore$Sync
Event: 2.667 Loading class java/util/concurrent/Semaphore$Sync done
Event: 2.667 Loading class java/util/concurrent/Semaphore$NonfairSync done
Event: 2.771 Loading class java/lang/TypeNotPresentException
Event: 2.772 Loading class java/lang/TypeNotPresentException done

Classes unloaded (0 events):
No events

Classes redefined (0 events):
No events

Internal exceptions (20 events):
Event: 1.484 Thread 0x0000014b915aedd0 Exception <a 'java/io/FileNotFoundException'{0x00000000d64c14a0}> (0x00000000d64c14a0) 
thrown [s\src\hotspot\share\prims\jni.cpp, line 520]
Event: 1.485 Thread 0x0000014b915aedd0 Exception <a 'java/io/FileNotFoundException'{0x00000000d64c2af0}> (0x00000000d64c2af0) 
thrown [s\src\hotspot\share\prims\jni.cpp, line 520]
Event: 1.486 Thread 0x0000014b915aedd0 Exception <a 'java/io/FileNotFoundException'{0x00000000d64c3a60}> (0x00000000d64c3a60) 
thrown [s\src\hotspot\share\prims\jni.cpp, line 520]
Event: 1.487 Thread 0x0000014b915aedd0 Exception <a 'java/io/FileNotFoundException'{0x00000000d64c48c8}> (0x00000000d64c48c8) 
thrown [s\src\hotspot\share\prims\jni.cpp, line 520]
Event: 1.546 Thread 0x0000014b915aedd0 Exception <a 'java/io/FileNotFoundException'{0x00000000d64fed40}> (0x00000000d64fed40) 
thrown [s\src\hotspot\share\prims\jni.cpp, line 520]
Event: 1.625 Thread 0x0000014b915aedd0 Exception <a 'java/lang/NoSuchMethodError'{0x00000000d653a750}: 'java.lang.Object java.lang.invoke.DirectMethodHandle$Holder.invokeInterface(java.lang.Object, java.lang.Object)'> (0x00000000d653a750) 
thrown [s\src\hotspot\share\interpreter\linkResolver.cpp, line 773]
Event: 1.633 Thread 0x0000014b915aedd0 Exception <a 'java/lang/NoSuchMethodError'{0x00000000d654dd30}: 'java.lang.Object java.lang.invoke.Invokers$Holder.invokeExact_MT(java.lang.Object, java.lang.Object, java.lang.Object, java.lang.Object, java.lang.Object, java.lang.Object)'> (0x00000000d654dd30) 
thrown [s\src\hotspot\share\interpreter\linkResolver.cpp, line 773]
Event: 1.638 Thread 0x0000014b915aedd0 Exception <a 'java/lang/NoSuchMethodError'{0x00000000d6564f88}: 'int java.lang.invoke.DirectMethodHandle$Holder.invokeStatic(java.lang.Object, java.lang.Object, java.lang.Object, java.lang.Object, java.lang.Object)'> (0x00000000d6564f88) 
thrown [s\src\hotspot\share\interpreter\linkResolver.cpp, line 773]
Event: 1.687 Thread 0x0000014b915aedd0 Exception <a 'java/lang/NoSuchMethodError'{0x00000000d65f8920}: 'java.lang.Object java.lang.invoke.DirectMethodHandle$Holder.invokeInterface(java.lang.Object, java.lang.Object, int)'> (0x00000000d65f8920) 
thrown [s\src\hotspot\share\interpreter\linkResolver.cpp, line 773]
Event: 2.054 Thread 0x0000014b915aedd0 Exception <a 'java/lang/NoSuchMethodError'{0x00000000d6a736d8}: 'java.lang.ClassLoader java.lang.ClassLoader.getPlatformClassLoader(java.lang.Class)'> (0x00000000d6a736d8) 
thrown [s\src\hotspot\share\interpreter\linkResolver.cpp, line 773]
Event: 2.321 Thread 0x0000014b915aedd0 Exception <a 'java/lang/ClassNotFoundException'{0x00000000d55cdd08}: sun/net/www/protocol/c/Handler> (0x00000000d55cdd08) 
thrown [s\src\hotspot\share\classfile\systemDictionary.cpp, line 312]
Event: 2.322 Thread 0x0000014b915aedd0 Exception <a 'java/lang/ClassNotFoundException'{0x00000000d55cf070}: sun/net/www/protocol/c/Handler> (0x00000000d55cf070) 
thrown [s\src\hotspot\share\classfile\systemDictionary.cpp, line 312]
Event: 2.322 Thread 0x0000014b915aedd0 Exception <a 'java/lang/ClassNotFoundException'{0x00000000d55d0208}: sun/net/www/protocol/c/Handler> (0x00000000d55d0208) 
thrown [s\src\hotspot\share\classfile\systemDictionary.cpp, line 312]
Event: 2.340 Thread 0x0000014b915aedd0 Exception <a 'java/io/FileNotFoundException'{0x00000000d55f4bf8}> (0x00000000d55f4bf8) 
thrown [s\src\hotspot\share\prims\jni.cpp, line 520]
Event: 2.414 Thread 0x0000014b915aedd0 Implicit null exception at 0x0000014b9c2c94c9 to 0x0000014b9c2c9e3c
Event: 2.415 Thread 0x0000014b915aedd0 Implicit null exception at 0x0000014b9c2da51a to 0x0000014b9c2da720
Event: 2.415 Thread 0x0000014b915aedd0 Exception <a 'java/lang/NoSuchMethodError'{0x00000000d57607c0}: 'void java.lang.invoke.DirectMethodHandle$Holder.invokeStatic(java.lang.Object, java.lang.Object, java.lang.Object, java.lang.Object)'> (0x00000000d57607c0) 
thrown [s\src\hotspot\share\interpreter\linkResolver.cpp, line 773]
Event: 2.417 Thread 0x0000014b915aedd0 Implicit null exception at 0x0000014b9c2d199a to 0x0000014b9c2d1ba4
Event: 2.417 Thread 0x0000014b915aedd0 Implicit null exception at 0x0000014b9c2ccc3d to 0x0000014b9c2cccc1
Event: 2.603 Thread 0x0000014b915aedd0 Exception <a 'java/lang/NoSuchMethodError'{0x00000000d59d6268}: 'void java.lang.invoke.DirectMethodHandle$Holder.invokeSpecial(java.lang.Object, java.lang.Object, java.lang.Object)'> (0x00000000d59d6268) 
thrown [s\src\hotspot\share\interpreter\linkResolver.cpp, line 773]

ZGC Phase Switch (0 events):
No events

VM Operations (12 events):
Event: 0.243 Executing VM operation: HandshakeAllThreads (Deoptimize)
Event: 0.244 Executing VM operation: HandshakeAllThreads (Deoptimize) done
Event: 0.474 Executing VM operation: HandshakeAllThreads (Deoptimize)
Event: 0.474 Executing VM operation: HandshakeAllThreads (Deoptimize) done
Event: 1.435 Executing VM operation: HandshakeAllThreads (Deoptimize)
Event: 1.435 Executing VM operation: HandshakeAllThreads (Deoptimize) done
Event: 1.435 Executing VM operation: Cleanup
Event: 1.435 Executing VM operation: Cleanup done
Event: 2.192 Executing VM operation: HandshakeAllThreads (Deoptimize)
Event: 2.192 Executing VM operation: HandshakeAllThreads (Deoptimize) done
Event: 2.257 Executing VM operation: ParallelGCFailedAllocation (Allocation Failure)
Event: 2.316 Executing VM operation: ParallelGCFailedAllocation (Allocation Failure) done

Memory protections (0 events):
No events

Nmethod flushes (0 events):
No events

Events (16 events):
Event: 0.083 Thread 0x0000014b915aedd0 Thread added: 0x0000014b915aedd0
Event: 0.154 Thread 0x0000014b915aedd0 Thread added: 0x0000014b91494260
Event: 0.160 Thread 0x0000014b915aedd0 Thread added: 0x0000014b91495c50
Event: 0.169 Thread 0x0000014b915aedd0 Thread added: 0x0000014b914978c0
Event: 0.169 Thread 0x0000014b915aedd0 Thread added: 0x0000014b914997e0
Event: 0.169 Thread 0x0000014b915aedd0 Thread added: 0x0000014b9149d3b0
Event: 0.169 Thread 0x0000014b915aedd0 Thread added: 0x0000014b9149de00
Event: 0.170 Thread 0x0000014b915aedd0 Thread added: 0x0000014b9149ec30
Event: 0.180 Thread 0x0000014b915aedd0 Thread added: 0x0000014b91514590
Event: 0.223 Thread 0x0000014b915aedd0 Thread added: 0x0000014b9161d8b0
Event: 0.933 Thread 0x0000014b915aedd0 Thread added: 0x0000014be9e133d0
Event: 1.328 Thread 0x0000014b91514590 Thread added: 0x0000014be9e90da0
Event: 1.767 Thread 0x0000014be9e90da0 Thread exited: 0x0000014be9e90da0
Event: 1.834 Thread 0x0000014b9149ec30 Thread added: 0x0000014bee0ea910
Event: 2.316 Thread 0x0000014bee0ea910 Thread exited: 0x0000014bee0ea910
Event: 2.695 Thread 0x0000014b91514590 Thread added: 0x0000014bee4fdda0


Dynamic libraries:
0x00007ff655e90000 - 0x00007ff655e9e000 	c:\Users\hp\.vscode\extensions\redhat.java-1.43.1-win32-x64\jre\21.0.7-win32-x86_64\bin\java.exe
0x00007ffe61a30000 - 0x00007ffe61c28000 	C:\WINDOWS\SYSTEM32\ntdll.dll
0x00007ffe4ec70000 - 0x00007ffe4ec90000 	C:\Program Files\Avast Software\Avast\aswhook.dll
0x00007ffe60cf0000 - 0x00007ffe60db2000 	C:\WINDOWS\System32\KERNEL32.DLL
0x00007ffe5f570000 - 0x00007ffe5f866000 	C:\WINDOWS\System32\KERNELBASE.dll
0x00007ffe5f3c0000 - 0x00007ffe5f4c0000 	C:\WINDOWS\System32\ucrtbase.dll
0x00007ffe41310000 - 0x00007ffe41328000 	c:\Users\hp\.vscode\extensions\redhat.java-1.43.1-win32-x64\jre\21.0.7-win32-x86_64\bin\jli.dll
0x00007ffe60060000 - 0x00007ffe601fd000 	C:\WINDOWS\System32\USER32.dll
0x00007ffe5f160000 - 0x00007ffe5f182000 	C:\WINDOWS\System32\win32u.dll
0x00007ffe604c0000 - 0x00007ffe604eb000 	C:\WINDOWS\System32\GDI32.dll
0x00007ffe5f270000 - 0x00007ffe5f389000 	C:\WINDOWS\System32\gdi32full.dll
0x00007ffe5f0c0000 - 0x00007ffe5f15d000 	C:\WINDOWS\System32\msvcp_win.dll
0x00007ffe408e0000 - 0x00007ffe408fe000 	c:\Users\hp\.vscode\extensions\redhat.java-1.43.1-win32-x64\jre\21.0.7-win32-x86_64\bin\VCRUNTIME140.dll
0x00007ffe4de90000 - 0x00007ffe4e12a000 	C:\WINDOWS\WinSxS\amd64_microsoft.windows.common-controls_6595b64144ccf1df_6.0.19041.5915_none_60b4b9d171f9c7c7\COMCTL32.dll
0x00007ffe60dc0000 - 0x00007ffe60e5e000 	C:\WINDOWS\System32\msvcrt.dll
0x00007ffe610b0000 - 0x00007ffe610df000 	C:\WINDOWS\System32\IMM32.DLL
0x00007ffe57710000 - 0x00007ffe5771c000 	c:\Users\hp\.vscode\extensions\redhat.java-1.43.1-win32-x64\jre\21.0.7-win32-x86_64\bin\vcruntime140_1.dll
0x00007ffe3afa0000 - 0x00007ffe3b02d000 	c:\Users\hp\.vscode\extensions\redhat.java-1.43.1-win32-x64\jre\21.0.7-win32-x86_64\bin\msvcp140.dll
0x00007ffdf5fd0000 - 0x00007ffdf6d60000 	c:\Users\hp\.vscode\extensions\redhat.java-1.43.1-win32-x64\jre\21.0.7-win32-x86_64\bin\server\jvm.dll
0x00007ffe610e0000 - 0x00007ffe61191000 	C:\WINDOWS\System32\ADVAPI32.dll
0x00007ffe60c50000 - 0x00007ffe60cef000 	C:\WINDOWS\System32\sechost.dll
0x00007ffe5fed0000 - 0x00007ffe5fff3000 	C:\WINDOWS\System32\RPCRT4.dll
0x00007ffe5f390000 - 0x00007ffe5f3b7000 	C:\WINDOWS\System32\bcrypt.dll
0x00007ffe604f0000 - 0x00007ffe6055b000 	C:\WINDOWS\System32\WS2_32.dll
0x00007ffe5ef20000 - 0x00007ffe5ef6b000 	C:\WINDOWS\SYSTEM32\POWRPROF.dll
0x00007ffe517e0000 - 0x00007ffe51807000 	C:\WINDOWS\SYSTEM32\WINMM.dll
0x00007ffe57530000 - 0x00007ffe5753a000 	C:\WINDOWS\SYSTEM32\VERSION.dll
0x00007ffe5ef00000 - 0x00007ffe5ef12000 	C:\WINDOWS\SYSTEM32\UMPDC.dll
0x00007ffe5ce60000 - 0x00007ffe5ce72000 	C:\WINDOWS\SYSTEM32\kernel.appcore.dll
0x00007ffe576d0000 - 0x00007ffe576da000 	c:\Users\hp\.vscode\extensions\redhat.java-1.43.1-win32-x64\jre\21.0.7-win32-x86_64\bin\jimage.dll
0x00007ffe534f0000 - 0x00007ffe536f1000 	C:\WINDOWS\SYSTEM32\DBGHELP.DLL
0x00007ffe52ea0000 - 0x00007ffe52ed4000 	C:\WINDOWS\SYSTEM32\dbgcore.DLL
0x00007ffe5f1e0000 - 0x00007ffe5f262000 	C:\WINDOWS\System32\bcryptPrimitives.dll
0x00007ffe55fc0000 - 0x00007ffe55fcf000 	c:\Users\hp\.vscode\extensions\redhat.java-1.43.1-win32-x64\jre\21.0.7-win32-x86_64\bin\instrument.dll
0x00007ffe40400000 - 0x00007ffe4041f000 	c:\Users\hp\.vscode\extensions\redhat.java-1.43.1-win32-x64\jre\21.0.7-win32-x86_64\bin\java.dll
0x00007ffe611a0000 - 0x00007ffe6190e000 	C:\WINDOWS\System32\SHELL32.dll
0x00007ffe5d140000 - 0x00007ffe5d8e4000 	C:\WINDOWS\SYSTEM32\windows.storage.dll
0x00007ffe60870000 - 0x00007ffe60bc3000 	C:\WINDOWS\System32\combase.dll
0x00007ffe5ea20000 - 0x00007ffe5ea4b000 	C:\WINDOWS\SYSTEM32\Wldp.dll
0x00007ffe60560000 - 0x00007ffe6062d000 	C:\WINDOWS\System32\OLEAUT32.dll
0x00007ffe603b0000 - 0x00007ffe6045d000 	C:\WINDOWS\System32\SHCORE.dll
0x00007ffe60200000 - 0x00007ffe6025b000 	C:\WINDOWS\System32\shlwapi.dll
0x00007ffe5eff0000 - 0x00007ffe5f014000 	C:\WINDOWS\SYSTEM32\profapi.dll
0x00007ffe3f960000 - 0x00007ffe3f978000 	c:\Users\hp\.vscode\extensions\redhat.java-1.43.1-win32-x64\jre\21.0.7-win32-x86_64\bin\zip.dll
0x00007ffe55fa0000 - 0x00007ffe55fb0000 	C:\Users\hp\.vscode\extensions\redhat.java-1.43.1-win32-x64\jre\21.0.7-win32-x86_64\bin\net.dll
0x00007ffe57eb0000 - 0x00007ffe57fba000 	C:\WINDOWS\SYSTEM32\WINHTTP.dll
0x00007ffe5e780000 - 0x00007ffe5e7ea000 	C:\WINDOWS\system32\mswsock.dll
0x00007ffe3f940000 - 0x00007ffe3f956000 	C:\Users\hp\.vscode\extensions\redhat.java-1.43.1-win32-x64\jre\21.0.7-win32-x86_64\bin\nio.dll
0x00007ffe4f100000 - 0x00007ffe4f110000 	c:\Users\hp\.vscode\extensions\redhat.java-1.43.1-win32-x64\jre\21.0.7-win32-x86_64\bin\verify.dll

dbghelp: loaded successfully - version: 4.0.5 - missing functions: none
symbol engine: initialized successfully - sym options: 0x614 - pdb path: .;c:\Users\hp\.vscode\extensions\redhat.java-1.43.1-win32-x64\jre\21.0.7-win32-x86_64\bin;C:\WINDOWS\SYSTEM32;C:\Program Files\Avast Software\Avast;C:\WINDOWS\WinSxS\amd64_microsoft.windows.common-controls_6595b64144ccf1df_6.0.19041.5915_none_60b4b9d171f9c7c7;c:\Users\hp\.vscode\extensions\redhat.java-1.43.1-win32-x64\jre\21.0.7-win32-x86_64\bin\server

VM Arguments:
jvm_args: --add-modules=ALL-SYSTEM --add-opens=java.base/java.util=ALL-UNNAMED --add-opens=java.base/java.lang=ALL-UNNAMED --add-opens=java.base/sun.nio.fs=ALL-UNNAMED -Declipse.application=org.eclipse.jdt.ls.core.id1 -Dosgi.bundles.defaultStartLevel=4 -Declipse.product=org.eclipse.jdt.ls.core.product -Djava.import.generatesMetadataFilesAtProjectRoot=false -DDetectVMInstallationsJob.disabled=true -Dfile.encoding=utf8 -XX:+UseParallelGC -XX:GCTimeRatio=4 -XX:AdaptiveSizePolicyWeight=90 -Dsun.zip.disableMemoryMapping=true -Xmx2G -Xms100m -Xlog:disable -javaagent:c:\Users\hp\.vscode\extensions\redhat.java-1.43.1-win32-x64\lombok\lombok-1.18.39-4050.jar 
java_command: c:\Users\hp\.vscode\extensions\redhat.java-1.43.1-win32-x64\server\plugins\org.eclipse.equinox.launcher_1.7.0.v20250519-0528.jar -configuration c:\Users\hp\AppData\Roaming\Code\User\globalStorage\redhat.java\1.43.1\config_ss_win -data c:\Users\hp\AppData\Roaming\Code\User\workspaceStorage\2aa29edd15c5f090c369f62f5a021994\redhat.java\ss_ws --pipe=\\.\pipe\lsp-5dd2ec893e73db54a08a66d8e8e80091-sock
java_class_path (initial): c:\Users\hp\.vscode\extensions\redhat.java-1.43.1-win32-x64\server\plugins\org.eclipse.equinox.launcher_1.7.0.v20250519-0528.jar
Launcher Type: SUN_STANDARD

[Global flags]
    uintx AdaptiveSizePolicyWeight                 = 90                                        {product} {command line}
     intx CICompilerCount                          = 3                                         {product} {ergonomic}
    uintx GCTimeRatio                              = 4                                         {product} {command line}
   size_t InitialHeapSize                          = 104857600                                 {product} {command line}
   size_t MaxHeapSize                              = 2147483648                                {product} {command line}
   size_t MaxNewSize                               = 715653120                                 {product} {ergonomic}
   size_t MinHeapDeltaBytes                        = 524288                                    {product} {ergonomic}
   size_t MinHeapSize                              = 104857600                                 {product} {command line}
   size_t NewSize                                  = 34603008                                  {product} {ergonomic}
    uintx NonNMethodCodeHeapSize                   = 5832780                                {pd product} {ergonomic}
    uintx NonProfiledCodeHeapSize                  = 122912730                              {pd product} {ergonomic}
   size_t OldSize                                  = 70254592                                  {product} {ergonomic}
    uintx ProfiledCodeHeapSize                     = 122912730                              {pd product} {ergonomic}
    uintx ReservedCodeCacheSize                    = 251658240                              {pd product} {ergonomic}
     bool SegmentedCodeCache                       = true                                      {product} {ergonomic}
   size_t SoftMaxHeapSize                          = 2147483648                             {manageable} {ergonomic}
     bool UseCompressedOops                        = true                           {product lp64_product} {ergonomic}
     bool UseLargePagesIndividualAllocation        = false                                  {pd product} {ergonomic}
     bool UseParallelGC                            = true                                      {product} {command line}

Logging:
Log output configuration:
 #0: stdout all=off uptime,level,tags foldmultilines=false
 #1: stderr all=off uptime,level,tags foldmultilines=false

Environment Variables:
PATH=C:\Program Files\Python313\Scripts\;C:\Program Files\Python313\;C:\Python312\Scripts\;C:\Python312\;C:\WINDOWS\system32;C:\WINDOWS;C:\WINDOWS\System32\Wbem;C:\WINDOWS\System32\WindowsPowerShell\v1.0\;C:\WINDOWS\System32\OpenSSH\;C:\Program Files (x86)\NVIDIA Corporation\PhysX\Common;C:\mongosh\bin;C:\Program Files\MongoDB\Server\7.0\bin;C:\ProgramData\chocolatey\bin;C:\Program Files\PuTTY\;C:\Users\hp\AppData\Roaming\nvm;C:\Program Files\nodejs;C:\Program Files\Git\cmd;C:\Program Files\NVIDIA Corporation\NVIDIA app\NvDLISR;C:\Users\hp\AppData\Local\Programs\Python\Python310\Scripts\;C:\Users\hp\AppData\Local\Programs\Python\Python310\;C:\Users\hp\AppData\Local\Microsoft\WindowsApps;C:\Users\hp\AppData\Local\Programs\Microsoft VS Code\bin;C:\dart;C:\src\flutter\bin;C:\Users\hp\AppData\Roaming\npm;C:\Program Files\MySQL\MySQL;C:\Android\platform-tools;%JAVA_HOME%\bin;C:\Program Files\nodejs\;C:\Program Files\MySQL\MySQL Server 8.0\bin;C:\Users\hp\java\jdk-17.0.14+7\bin;C:\msys64\mingw64\bin;C:\msys64\ucrt64\bin;C:\Users\hp\AppData\Local\Android\Sdk\build-tools\35.0.0-rc4\apksigner.exe;C:\Program Files (x86)\GTK2-Runtime\bin;C:\Program Files\Python313\Scripts\;C:\Program Files\Python313\;C:\Python312\Scripts\;C:\Python312\;C:\WINDOWS\system32;C:\WINDOWS;C:\WINDOWS\System32\Wbem;C:\WINDOWS\System32\WindowsPowerShell\v1.0\;C:\WINDOWS\System32\OpenSSH\;C:\Program Files (x86)\NVIDIA Corporation\PhysX\Common;C:\Program Files\ACE Studio;C:\mongosh\bin;C:\Program Files\MongoDB\Server\7.0\bin;C:\ProgramData\chocolatey\bin;C:\Program Files\PuTTY\;C:\Users\hp\AppData\Roaming\nvm;C:\Program Files\nodejs;C:\Program Files\Git\cmd;C:\Program Files\NVIDIA Corporation\NVIDIA app\NvDLISR;C:\Users\hp\AppData\Local\Programs\Python\Python310\Scripts\;C:\Users\hp\AppData\Local\Programs\Python\Python310\;C:\Users\hp\AppData\Local\Microsoft\WindowsApps;C:\Users\hp\AppData\Local\Programs\Microsoft VS Code\bin;C:\dart;C:\src\flutter\bin;C:\Users\hp\AppData\Roaming\npm;C:\Program Files\MySQL\MySQL;C:\Android\platform-tools;%JAVA_HOME%\bin;C:\Program Files\nodejs\;C:\Program Files\MySQL\MySQL Server 8.0\bin;C:\Users\hp\java\jdk-17.0.14+7\bin;C:\msys64\ming
USERNAME=hp
OS=Windows_NT
PROCESSOR_IDENTIFIER=Intel64 Family 6 Model 69 Stepping 1, GenuineIntel
TMP=C:\WINDOWS\TEMP
TEMP=C:\WINDOWS\TEMP




Periodic native trim disabled

---------------  S Y S T E M  ---------------

OS:
 Windows 10 , 64 bit Build 19041 (10.0.19041.5915)
OS uptime: 0 days 7:53 hours

CPU: total 4 (initial active 4) (2 cores per cpu, 2 threads per core) family 6 model 69 stepping 1 microcode 0x25, cx8, cmov, fxsr, ht, mmx, sse, sse2, sse3, ssse3, sse4.1, sse4.2, popcnt, lzcnt, tsc, tscinvbit, avx, avx2, aes, erms, clmul, bmi1, bmi2, fma, vzeroupper, clflush, rdtscp, f16c
Processor Information for the first 4 processors :
  Max Mhz: 2601, Current Mhz: 2000, Mhz Limit: 1976

Memory: 4k page, system-wide physical 8122M (1312M free)
TotalPageFile size 8122M (AvailPageFile size 6M)
current process WorkingSet (physical memory assigned to process): 84M, peak: 85M
current process commit charge ("private bytes"): 225M, peak: 226M

vm_info: OpenJDK 64-Bit Server VM (21.0.7+6-LTS) for windows-amd64 JRE (21.0.7+6-LTS), built on 2025-04-15T00:00:00Z by "admin" with MS VC++ 17.7 (VS2022)

END.
