#
# There is insufficient memory for the Java Runtime Environment to continue.
# Native memory allocation (mmap) failed to map 633339904 bytes. Error detail: G1 virtual space
# Possible reasons:
#   The system is out of physical RAM or swap space
#   This process is running with CompressedOops enabled, and the Java Heap may be blocking the growth of the native heap
# Possible solutions:
#   Reduce memory load on the system
#   Increase physical memory or swap space
#   Check if swap backing store is full
#   Decrease Java heap size (-Xmx/-Xms)
#   Decrease number of Java threads
#   Decrease Java thread stack sizes (-Xss)
#   Set larger code cache with -XX:ReservedCodeCacheSize=
#   JVM is running with Zero Based Compressed Oops mode in which the Java heap is
#     placed in the first 32GB address space. The Java Heap base address is the
#     maximum limit for the native heap growth. Please use -XX:HeapBaseMinAddress
#     to set the Java Heap base and to place the Java Heap above 32GB virtual address.
# This output file may be truncated or incomplete.
#
#  Out of Memory Error (os_windows.cpp:3618), pid=11232, tid=10532
#
# JRE version: OpenJDK Runtime Environment Temurin-17.0.14+7 (17.0.14+7) (build 17.0.14+7)
# Java VM: OpenJDK 64-Bit Server VM Temurin-17.0.14+7 (17.0.14+7, mixed mode, sharing, tiered, compressed oops, compressed class ptrs, g1 gc, windows-amd64)
# No core dump will be written. Minidumps are not enabled by default on client versions of Windows
#

---------------  S U M M A R Y ------------

Command Line: -XX:MaxMetaspaceSize=4G -XX:ReservedCodeCacheSize=512m -XX:+HeapDumpOnOutOfMemoryError --add-opens=java.base/java.util=ALL-UNNAMED --add-opens=java.base/java.lang=ALL-UNNAMED --add-opens=java.base/java.lang.invoke=ALL-UNNAMED --add-opens=java.prefs/java.util.prefs=ALL-UNNAMED --add-exports=jdk.compiler/com.sun.tools.javac.api=ALL-UNNAMED --add-exports=jdk.compiler/com.sun.tools.javac.util=ALL-UNNAMED --add-opens=java.base/java.nio.charset=ALL-UNNAMED --add-opens=java.base/java.net=ALL-UNNAMED --add-opens=java.base/java.util.concurrent.atomic=ALL-UNNAMED -Xmx8G -Dfile.encoding=utf8 -Duser.country=FR -Duser.language=fr -Duser.variant -javaagent:C:\Users\hp\.gradle\wrapper\dists\gradle-8.10.2-all\7iv73wktx1xtkvlq19urqw1wm\gradle-8.10.2\lib\agents\gradle-instrumentation-agent-8.10.2.jar org.gradle.launcher.daemon.bootstrap.GradleDaemon 8.10.2

Host: Intel(R) Core(TM) i7-4510U CPU @ 2.00GHz, 4 cores, 7G,  Windows 10 , 64 bit Build 19041 (10.0.19041.5915)
Time: Mon Jul 21 16:44:18 2025 Maroc (heure d64 bit Build 19041 (10.0.19041.5915) elapsed time: 2800.406984 seconds (0d 0h 46m 40s)

---------------  T H R E A D  ---------------

Current thread (0x000002c4f8100180):  VMThread "VM Thread" [stack: 0x000000c86fc00000,0x000000c86fd00000] [id=10532]

Stack: [0x000000c86fc00000,0x000000c86fd00000]
Native frames: (J=compiled Java code, j=interpreted, Vv=VM code, C=native code)
V  [jvm.dll+0x682eb9]
V  [jvm.dll+0x8399c8]
V  [jvm.dll+0x83b473]
V  [jvm.dll+0x83bae3]
V  [jvm.dll+0x24715f]
V  [jvm.dll+0x67fc99]
V  [jvm.dll+0x674b8a]
V  [jvm.dll+0x304c06]
V  [jvm.dll+0x30c0c6]
V  [jvm.dll+0x35dc3e]
V  [jvm.dll+0x35de7d]
V  [jvm.dll+0x2dbfcc]
V  [jvm.dll+0x2da36f]
V  [jvm.dll+0x2d9adc]
V  [jvm.dll+0x31d2bb]
V  [jvm.dll+0x84031d]
V  [jvm.dll+0x841053]
V  [jvm.dll+0x84157f]
V  [jvm.dll+0x841964]
V  [jvm.dll+0x841a2e]
V  [jvm.dll+0x7e948c]
V  [jvm.dll+0x681d97]
C  [ucrtbase.dll+0x21bb2]
C  [KERNEL32.DLL+0x17374]
C  [ntdll.dll+0x4cc91]

VM_Operation (0x000000c8712f4fc0): G1CollectForAllocation, mode: safepoint, requested by thread 0x000002c540c0e050


---------------  P R O C E S S  ---------------

Threads class SMR info:
_java_thread_list=0x000002c54508f400, length=83, elements={
0x000002c4bd31c1c0, 0x000002c4f8108970, 0x000002c4f81098c0, 0x000002c4f8122bf0,
0x000002c4f81235b0, 0x000002c4f81247e0, 0x000002c4f812a580, 0x000002c4f812ebd0,
0x000002c4f812fa30, 0x000002c4f81327f0, 0x000002c4f80f4bf0, 0x000002c4fa9163e0,
0x000002c540bee840, 0x000002c4fa99e400, 0x000002c5402941b0, 0x000002c54162ba00,
0x000002c4fa897020, 0x000002c4fa7e99a0, 0x000002c540c0e050, 0x000002c5414cc1a0,
0x000002c5414ccbc0, 0x000002c5414cd0d0, 0x000002c5414cd5e0, 0x000002c5414ce000,
0x000002c5414cc6b0, 0x000002c5414cdaf0, 0x000002c5414ce510, 0x000002c5414cea20,
0x000002c5414cef30, 0x000002c5414cbc90, 0x000002c541a215f0, 0x000002c541a23e70,
0x000002c541a24380, 0x000002c541a24890, 0x000002c541a22f40, 0x000002c541a210e0,
0x000002c541a1f790, 0x000002c541a201b0, 0x000002c541a24da0, 0x000002c541a252b0,
0x000002c541a206c0, 0x000002c541a257c0, 0x000002c541a25cd0, 0x000002c541a20bd0,
0x000002c541a22520, 0x000002c541a1e860, 0x000002c541a22a30, 0x000002c541bb0810,
0x000002c552137750, 0x000002c552136d30, 0x000002c552132650, 0x000002c552136820,
0x000002c552131210, 0x000002c552137c60, 0x000002c552137240, 0x000002c552133fa0,
0x000002c552138170, 0x000002c5521358f0, 0x000002c5521353e0, 0x000002c552135e00,
0x000002c543382fd0, 0x000002c543380c60, 0x000002c5433820a0, 0x000002c545171840,
0x000002c545173190, 0x000002c54516efc0, 0x000002c54516c740, 0x000002c54516cc50,
0x000002c54516d160, 0x000002c545172770, 0x000002c545171330, 0x000002c545172260,
0x000002c545172c80, 0x000002c54516db80, 0x000002c545170400, 0x000002c54516e090,
0x000002c54516bd20, 0x000002c545170e20, 0x000002c54516e5a0, 0x000002c54516eab0,
0x000002c54516f4d0, 0x000002c5451736a0, 0x000002c54516fef0
}

Java Threads: ( => current thread )
  0x000002c4bd31c1c0 JavaThread "main" [_thread_blocked, id=10392, stack(0x000000c86f600000,0x000000c86f700000)]
  0x000002c4f8108970 JavaThread "Reference Handler" daemon [_thread_blocked, id=10536, stack(0x000000c86fd00000,0x000000c86fe00000)]
  0x000002c4f81098c0 JavaThread "Finalizer" daemon [_thread_blocked, id=9592, stack(0x000000c86fe00000,0x000000c86ff00000)]
  0x000002c4f8122bf0 JavaThread "Signal Dispatcher" daemon [_thread_blocked, id=10492, stack(0x000000c86ff00000,0x000000c870000000)]
  0x000002c4f81235b0 JavaThread "Attach Listener" daemon [_thread_blocked, id=10500, stack(0x000000c870000000,0x000000c870100000)]
  0x000002c4f81247e0 JavaThread "Service Thread" daemon [_thread_blocked, id=10524, stack(0x000000c870100000,0x000000c870200000)]
  0x000002c4f812a580 JavaThread "Monitor Deflation Thread" daemon [_thread_blocked, id=10528, stack(0x000000c870200000,0x000000c870300000)]
  0x000002c4f812ebd0 JavaThread "C2 CompilerThread0" daemon [_thread_blocked, id=10504, stack(0x000000c870300000,0x000000c870400000)]
  0x000002c4f812fa30 JavaThread "C1 CompilerThread0" daemon [_thread_blocked, id=10488, stack(0x000000c870400000,0x000000c870500000)]
  0x000002c4f81327f0 JavaThread "Sweeper thread" daemon [_thread_blocked, id=10540, stack(0x000000c870500000,0x000000c870600000)]
  0x000002c4f80f4bf0 JavaThread "Common-Cleaner" daemon [_thread_blocked, id=9476, stack(0x000000c870600000,0x000000c870700000)]
  0x000002c4fa9163e0 JavaThread "Notification Thread" daemon [_thread_blocked, id=1780, stack(0x000000c870700000,0x000000c870800000)]
  0x000002c540bee840 JavaThread "Daemon health stats" [_thread_blocked, id=11236, stack(0x000000c870c00000,0x000000c870d00000)]
  0x000002c4fa99e400 JavaThread "Incoming local TCP Connector on port 52418" [_thread_in_native, id=10348, stack(0x000000c870d00000,0x000000c870e00000)]
  0x000002c5402941b0 JavaThread "Daemon periodic checks" [_thread_blocked, id=11140, stack(0x000000c870e00000,0x000000c870f00000)]
  0x000002c54162ba00 JavaThread "Daemon" [_thread_blocked, id=9300, stack(0x000000c870f00000,0x000000c871000000)]
  0x000002c4fa897020 JavaThread "Handler for socket connection from /127.0.0.1:52418 to /127.0.0.1:52421" [_thread_in_native, id=9404, stack(0x000000c871000000,0x000000c871100000)]
  0x000002c4fa7e99a0 JavaThread "Cancel handler" [_thread_blocked, id=9740, stack(0x000000c871100000,0x000000c871200000)]
  0x000002c540c0e050 JavaThread "Daemon worker" [_thread_blocked, id=4412, stack(0x000000c871200000,0x000000c871300000)]
  0x000002c5414cc1a0 JavaThread "Asynchronous log dispatcher for DefaultDaemonConnection: socket connection from /127.0.0.1:52418 to /127.0.0.1:52421" [_thread_blocked, id=5448, stack(0x000000c871300000,0x000000c871400000)]
  0x000002c5414ccbc0 JavaThread "Stdin handler" [_thread_blocked, id=7924, stack(0x000000c871400000,0x000000c871500000)]
  0x000002c5414cd0d0 JavaThread "Daemon client event forwarder" [_thread_blocked, id=9372, stack(0x000000c871500000,0x000000c871600000)]
  0x000002c5414cd5e0 JavaThread "Cache worker for journal cache (C:\Users\hp\.gradle\caches\journal-1)" [_thread_blocked, id=3256, stack(0x000000c871600000,0x000000c871700000)]
  0x000002c5414ce000 JavaThread "File lock request listener" [_thread_in_native, id=8796, stack(0x000000c871700000,0x000000c871800000)]
  0x000002c5414cc6b0 JavaThread "Cache worker for file hash cache (C:\Users\hp\.gradle\caches\8.10.2\fileHashes)" [_thread_blocked, id=5744, stack(0x000000c871800000,0x000000c871900000)]
  0x000002c5414cdaf0 JavaThread "Cache worker for file hash cache (C:\Users\hp\Tiforama_v8\android\.gradle\8.10.2\fileHashes)" [_thread_blocked, id=10060, stack(0x000000c871900000,0x000000c871a00000)]
  0x000002c5414ce510 JavaThread "Cache worker for Build Output Cleanup Cache (C:\Users\hp\Tiforama_v8\android\.gradle\buildOutputCleanup)" [_thread_blocked, id=9908, stack(0x000000c871a00000,0x000000c871b00000)]
  0x000002c5414cea20 JavaThread "File watcher server" daemon [_thread_in_native, id=5568, stack(0x000000c871b00000,0x000000c871c00000)]
  0x000002c5414cef30 JavaThread "File watcher consumer" daemon [_thread_blocked, id=10000, stack(0x000000c871c00000,0x000000c871d00000)]
  0x000002c5414cbc90 JavaThread "Cache worker for checksums cache (C:\Users\hp\Tiforama_v8\android\.gradle\8.10.2\checksums)" [_thread_blocked, id=8156, stack(0x000000c871e00000,0x000000c871f00000)]
  0x000002c541a215f0 JavaThread "Cache worker for file content cache (C:\Users\hp\.gradle\caches\8.10.2\fileContent)" [_thread_blocked, id=10824, stack(0x000000c871f00000,0x000000c872000000)]
  0x000002c541a23e70 JavaThread "Cache worker for cache directory md-rule (C:\Users\hp\.gradle\caches\8.10.2\md-rule)" [_thread_blocked, id=10316, stack(0x000000c871d00000,0x000000c871e00000)]
  0x000002c541a24380 JavaThread "Cache worker for cache directory md-supplier (C:\Users\hp\.gradle\caches\8.10.2\md-supplier)" [_thread_blocked, id=9224, stack(0x000000c872000000,0x000000c872100000)]
  0x000002c541a24890 JavaThread "jar transforms" [_thread_blocked, id=2396, stack(0x000000c872200000,0x000000c872300000)]
  0x000002c541a22f40 JavaThread "jar transforms Thread 2" [_thread_blocked, id=10320, stack(0x000000c872100000,0x000000c872200000)]
  0x000002c541a210e0 JavaThread "Cache worker for Build Output Cleanup Cache (C:\src\flutter\packages\flutter_tools\gradle\.gradle\buildOutputCleanup)" [_thread_blocked, id=8648, stack(0x000000c872300000,0x000000c872400000)]
  0x000002c541a1f790 JavaThread "Unconstrained build operations" [_thread_blocked, id=6480, stack(0x000000c872400000,0x000000c872500000)]
  0x000002c541a201b0 JavaThread "Unconstrained build operations Thread 2" [_thread_blocked, id=6020, stack(0x000000c872500000,0x000000c872600000)]
  0x000002c541a24da0 JavaThread "Unconstrained build operations Thread 3" [_thread_blocked, id=10544, stack(0x000000c872600000,0x000000c872700000)]
  0x000002c541a252b0 JavaThread "Unconstrained build operations Thread 4" [_thread_blocked, id=10736, stack(0x000000c872800000,0x000000c872900000)]
  0x000002c541a206c0 JavaThread "Unconstrained build operations Thread 5" [_thread_blocked, id=10592, stack(0x000000c872900000,0x000000c872a00000)]
  0x000002c541a257c0 JavaThread "Unconstrained build operations Thread 6" [_thread_blocked, id=10748, stack(0x000000c872a00000,0x000000c872b00000)]
  0x000002c541a25cd0 JavaThread "Unconstrained build operations Thread 7" [_thread_blocked, id=10560, stack(0x000000c872700000,0x000000c872800000)]
  0x000002c541a20bd0 JavaThread "Unconstrained build operations Thread 8" [_thread_blocked, id=10512, stack(0x000000c872b00000,0x000000c872c00000)]
  0x000002c541a22520 JavaThread "Unconstrained build operations Thread 9" [_thread_blocked, id=10864, stack(0x000000c872c00000,0x000000c872d00000)]
  0x000002c541a1e860 JavaThread "Memory manager" [_thread_blocked, id=4196, stack(0x000000c86f400000,0x000000c86f500000)]
  0x000002c541a22a30 JavaThread "build event listener" [_thread_blocked, id=7736, stack(0x000000c86f300000,0x000000c86f400000)]
  0x000002c541bb0810 JavaThread "Kotlin DSL Writer" [_thread_blocked, id=9348, stack(0x000000c86f500000,0x000000c86f600000)]
  0x000002c552137750 JavaThread "Execution worker" [_thread_blocked, id=8992, stack(0x000000c873300000,0x000000c873400000)]
  0x000002c552136d30 JavaThread "Execution worker Thread 2" [_thread_blocked, id=9536, stack(0x000000c873400000,0x000000c873500000)]
  0x000002c552132650 JavaThread "Execution worker Thread 3" [_thread_blocked, id=10984, stack(0x000000c873500000,0x000000c873600000)]
  0x000002c552136820 JavaThread "Cache worker for execution history cache (C:\src\flutter\packages\flutter_tools\gradle\.gradle\8.10.2\executionHistory)" [_thread_blocked, id=7768, stack(0x000000c873600000,0x000000c873700000)]
  0x000002c552131210 JavaThread "Unconstrained build operations Thread 10" [_thread_blocked, id=6464, stack(0x000000c872f00000,0x000000c873000000)]
  0x000002c552137c60 JavaThread "Unconstrained build operations Thread 11" [_thread_blocked, id=10596, stack(0x000000c873700000,0x000000c873800000)]
  0x000002c552137240 JavaThread "Unconstrained build operations Thread 12" [_thread_blocked, id=9312, stack(0x000000c873800000,0x000000c873900000)]
  0x000002c552133fa0 JavaThread "Unconstrained build operations Thread 13" [_thread_blocked, id=9540, stack(0x000000c873900000,0x000000c873a00000)]
  0x000002c552138170 JavaThread "Unconstrained build operations Thread 14" [_thread_blocked, id=10628, stack(0x000000c873a00000,0x000000c873b00000)]
  0x000002c5521358f0 JavaThread "Unconstrained build operations Thread 15" [_thread_blocked, id=9260, stack(0x000000c873b00000,0x000000c873c00000)]
  0x000002c5521353e0 JavaThread "Unconstrained build operations Thread 16" [_thread_blocked, id=10236, stack(0x000000c873e00000,0x000000c873f00000)]
  0x000002c552135e00 JavaThread "Unconstrained build operations Thread 17" [_thread_blocked, id=10420, stack(0x000000c873f00000,0x000000c874000000)]
  0x000002c543382fd0 JavaThread "Unconstrained build operations Thread 18" [_thread_blocked, id=9352, stack(0x000000c874000000,0x000000c874100000)]
  0x000002c543380c60 JavaThread "Unconstrained build operations Thread 19" [_thread_blocked, id=9000, stack(0x000000c874100000,0x000000c874200000)]
  0x000002c5433820a0 JavaThread "Unconstrained build operations Thread 20" [_thread_blocked, id=11192, stack(0x000000c874200000,0x000000c874300000)]
  0x000002c545171840 JavaThread "Unconstrained build operations Thread 21" [_thread_blocked, id=10872, stack(0x000000c874300000,0x000000c874400000)]
  0x000002c545173190 JavaThread "Unconstrained build operations Thread 22" [_thread_blocked, id=11036, stack(0x000000c874400000,0x000000c874500000)]
  0x000002c54516efc0 JavaThread "Unconstrained build operations Thread 23" [_thread_blocked, id=10816, stack(0x000000c874500000,0x000000c874600000)]
  0x000002c54516c740 JavaThread "Unconstrained build operations Thread 24" [_thread_blocked, id=8252, stack(0x000000c874600000,0x000000c874700000)]
  0x000002c54516cc50 JavaThread "Unconstrained build operations Thread 25" [_thread_blocked, id=11024, stack(0x000000c874700000,0x000000c874800000)]
  0x000002c54516d160 JavaThread "Unconstrained build operations Thread 26" [_thread_blocked, id=10988, stack(0x000000c874800000,0x000000c874900000)]
  0x000002c545172770 JavaThread "Unconstrained build operations Thread 27" [_thread_blocked, id=10720, stack(0x000000c874900000,0x000000c874a00000)]
  0x000002c545171330 JavaThread "Unconstrained build operations Thread 28" [_thread_blocked, id=9272, stack(0x000000c874a00000,0x000000c874b00000)]
  0x000002c545172260 JavaThread "Unconstrained build operations Thread 29" [_thread_blocked, id=10012, stack(0x000000c874b00000,0x000000c874c00000)]
  0x000002c545172c80 JavaThread "Unconstrained build operations Thread 30" [_thread_blocked, id=10828, stack(0x000000c874c00000,0x000000c874d00000)]
  0x000002c54516db80 JavaThread "Unconstrained build operations Thread 31" [_thread_blocked, id=6992, stack(0x000000c874d00000,0x000000c874e00000)]
  0x000002c545170400 JavaThread "Unconstrained build operations Thread 32" [_thread_blocked, id=9548, stack(0x000000c874e00000,0x000000c874f00000)]
  0x000002c54516e090 JavaThread "Unconstrained build operations Thread 33" [_thread_blocked, id=10292, stack(0x000000c874f00000,0x000000c875000000)]
  0x000002c54516bd20 JavaThread "Unconstrained build operations Thread 34" [_thread_blocked, id=820, stack(0x000000c875000000,0x000000c875100000)]
  0x000002c545170e20 JavaThread "Unconstrained build operations Thread 35" [_thread_blocked, id=5820, stack(0x000000c875100000,0x000000c875200000)]
  0x000002c54516e5a0 JavaThread "Unconstrained build operations Thread 36" [_thread_blocked, id=10572, stack(0x000000c875200000,0x000000c875300000)]
  0x000002c54516eab0 JavaThread "Unconstrained build operations Thread 37" [_thread_blocked, id=9588, stack(0x000000c875300000,0x000000c875400000)]
  0x000002c54516f4d0 JavaThread "Unconstrained build operations Thread 38" [_thread_blocked, id=8264, stack(0x000000c875400000,0x000000c875500000)]
  0x000002c5451736a0 JavaThread "Unconstrained build operations Thread 39" [_thread_blocked, id=9816, stack(0x000000c875500000,0x000000c875600000)]
  0x000002c54516fef0 JavaThread "Unconstrained build operations Thread 40" [_thread_blocked, id=10052, stack(0x000000c875600000,0x000000c875700000)]

Other Threads:
=>0x000002c4f8100180 VMThread "VM Thread" [stack: 0x000000c86fc00000,0x000000c86fd00000] [id=10532]
  0x000002c4fa841940 WatcherThread [stack: 0x000000c870800000,0x000000c870900000] [id=10220]
  0x000002c4bb1ed8b0 GCTaskThread "GC Thread#0" [stack: 0x000000c86f700000,0x000000c86f800000] [id=10388]
  0x000002c4fa96b990 GCTaskThread "GC Thread#1" [stack: 0x000000c870900000,0x000000c870a00000] [id=9528]
  0x000002c4fa970d90 GCTaskThread "GC Thread#2" [stack: 0x000000c870a00000,0x000000c870b00000] [id=8772]
  0x000002c5400b7560 GCTaskThread "GC Thread#3" [stack: 0x000000c870b00000,0x000000c870c00000] [id=8816]
  0x000002c4bb1ee8a0 ConcurrentGCThread "G1 Main Marker" [stack: 0x000000c86f800000,0x000000c86f900000] [id=10424]
  0x000002c4f7f6dba0 ConcurrentGCThread "G1 Conc#0" [stack: 0x000000c86f900000,0x000000c86fa00000] [id=10432]
  0x000002c4f7fc10b0 ConcurrentGCThread "G1 Refine#0" [stack: 0x000000c86fa00000,0x000000c86fb00000] [id=10400]
  0x000002c543611b20 ConcurrentGCThread "G1 Refine#1" [stack: 0x000000c873000000,0x000000c873100000] [id=10556]
  0x000002c543611250 ConcurrentGCThread "G1 Refine#2" [stack: 0x000000c873100000,0x000000c873200000] [id=10552]
  0x000002c544689ae0 ConcurrentGCThread "G1 Refine#3" [stack: 0x000000c873c00000,0x000000c873d00000] [id=4052]
  0x000002c4f7fc1ae0 ConcurrentGCThread "G1 Service" [stack: 0x000000c86fb00000,0x000000c86fc00000] [id=8908]

Threads with active compile tasks:
C2 CompilerThread0  2800746 24425       4       java.util.OptionalInt::of (9 bytes)

VM state: at safepoint (normal execution)

VM Mutex/Monitor currently owned by a thread:  ([mutex/lock_event])
[0x000002c4bd3180a0] Threads_lock - owner thread: 0x000002c4f8100180
[0x000002c4bd318fd0] Heap_lock - owner thread: 0x000002c540c0e050

Heap address: 0x0000000600000000, size: 8192 MB, Compressed Oops mode: Zero based, Oop shift amount: 3

CDS archive(s) mapped at: [0x000002c4fb000000-0x000002c4fbbb0000-0x000002c4fbbb0000), size 12255232, SharedBaseAddress: 0x000002c4fb000000, ArchiveRelocationMode: 1.
Compressed class space mapped at: 0x000002c4fc000000-0x000002c53c000000, reserved size: 1073741824
Narrow klass base: 0x000002c4fb000000, Narrow klass shift: 0, Narrow klass range: 0x100000000

GC Precious Log:
 CPUs: 4 total, 4 available
 Memory: 8122M
 Large Page Support: Disabled
 NUMA Support: Disabled
 Compressed Oops: Enabled (Zero based)
 Heap Region Size: 4M
 Heap Min Capacity: 8M
 Heap Initial Capacity: 128M
 Heap Max Capacity: 8G
 Pre-touch: Disabled
 Parallel Workers: 4
 Concurrent Workers: 1
 Concurrent Refinement Workers: 4
 Periodic GC: Disabled

Heap:
 garbage-first heap   total 696320K, used 233469K [0x0000000600000000, 0x0000000800000000)
  region size 4096K, 2 young (8192K), 2 survivors (8192K)
 Metaspace       used 149202K, committed 150016K, reserved 1179648K
  class space    used 18876K, committed 19264K, reserved 1048576K

Heap Regions: E=young(eden), S=young(survivor), O=old, HS=humongous(starts), HC=humongous(continues), CS=collection set, F=free, OA=open archive, CA=closed archive, TAMS=top-at-mark-start (previous, next)
|   0|0x0000000600000000, 0x0000000600400000, 0x0000000600400000|100%|HS|  |TAMS 0x0000000600400000, 0x0000000600400000| Complete 
|   1|0x0000000600400000, 0x0000000600800000, 0x0000000600800000|100%| O|  |TAMS 0x0000000600800000, 0x0000000600800000| Untracked 
|   2|0x0000000600800000, 0x0000000600c00000, 0x0000000600c00000|100%| O|  |TAMS 0x0000000600c00000, 0x0000000600c00000| Untracked 
|   3|0x0000000600c00000, 0x0000000601000000, 0x0000000601000000|100%| O|  |TAMS 0x0000000601000000, 0x0000000601000000| Untracked 
|   4|0x0000000601000000, 0x0000000601400000, 0x0000000601400000|100%| O|  |TAMS 0x0000000601400000, 0x0000000601400000| Untracked 
|   5|0x0000000601400000, 0x0000000601800000, 0x0000000601800000|100%| O|  |TAMS 0x0000000601800000, 0x0000000601800000| Untracked 
|   6|0x0000000601800000, 0x0000000601c00000, 0x0000000601c00000|100%| O|  |TAMS 0x0000000601c00000, 0x0000000601c00000| Untracked 
|   7|0x0000000601c00000, 0x0000000602000000, 0x0000000602000000|100%| O|  |TAMS 0x0000000602000000, 0x0000000602000000| Untracked 
|   8|0x0000000602000000, 0x0000000602400000, 0x0000000602400000|100%| O|  |TAMS 0x0000000602400000, 0x0000000602400000| Untracked 
|   9|0x0000000602400000, 0x0000000602800000, 0x0000000602800000|100%| O|  |TAMS 0x0000000602800000, 0x0000000602800000| Untracked 
|  10|0x0000000602800000, 0x0000000602c00000, 0x0000000602c00000|100%| O|  |TAMS 0x0000000602c00000, 0x0000000602c00000| Untracked 
|  11|0x0000000602c00000, 0x0000000603000000, 0x0000000603000000|100%|HS|  |TAMS 0x0000000603000000, 0x0000000603000000| Complete 
|  12|0x0000000603000000, 0x0000000603400000, 0x0000000603400000|100%|HS|  |TAMS 0x0000000603400000, 0x0000000603400000| Complete 
|  13|0x0000000603400000, 0x0000000603800000, 0x0000000603800000|100%| O|  |TAMS 0x0000000603800000, 0x0000000603800000| Untracked 
|  14|0x0000000603800000, 0x0000000603c00000, 0x0000000603c00000|100%| O|  |TAMS 0x0000000603c00000, 0x0000000603c00000| Untracked 
|  15|0x0000000603c00000, 0x0000000604000000, 0x0000000604000000|100%| O|  |TAMS 0x0000000604000000, 0x0000000604000000| Untracked 
|  16|0x0000000604000000, 0x0000000604400000, 0x0000000604400000|100%| O|  |TAMS 0x0000000604400000, 0x0000000604400000| Untracked 
|  17|0x0000000604400000, 0x0000000604800000, 0x0000000604800000|100%| O|  |TAMS 0x0000000604800000, 0x0000000604800000| Untracked 
|  18|0x0000000604800000, 0x0000000604c00000, 0x0000000604c00000|100%| O|  |TAMS 0x0000000604c00000, 0x0000000604c00000| Untracked 
|  19|0x0000000604c00000, 0x0000000605000000, 0x0000000605000000|100%| O|  |TAMS 0x0000000605000000, 0x0000000605000000| Untracked 
|  20|0x0000000605000000, 0x0000000605000000, 0x0000000605400000|  0%| F|  |TAMS 0x0000000605000000, 0x0000000605000000| Untracked 
|  21|0x0000000605400000, 0x0000000605800000, 0x0000000605800000|100%| O|  |TAMS 0x0000000605800000, 0x0000000605800000| Untracked 
|  22|0x0000000605800000, 0x0000000605c00000, 0x0000000605c00000|100%| O|  |TAMS 0x0000000605c00000, 0x0000000605c00000| Untracked 
|  23|0x0000000605c00000, 0x0000000606000000, 0x0000000606000000|100%|HS|  |TAMS 0x0000000605c00000, 0x0000000606000000| Complete 
|  24|0x0000000606000000, 0x0000000606400000, 0x0000000606400000|100%| O|  |TAMS 0x0000000606400000, 0x0000000606400000| Untracked 
|  25|0x0000000606400000, 0x0000000606800000, 0x0000000606800000|100%| O|  |TAMS 0x0000000606800000, 0x0000000606800000| Untracked 
|  26|0x0000000606800000, 0x0000000606c00000, 0x0000000606c00000|100%| O|  |TAMS 0x0000000606c00000, 0x0000000606c00000| Untracked 
|  27|0x0000000606c00000, 0x0000000607000000, 0x0000000607000000|100%| O|  |TAMS 0x0000000607000000, 0x0000000607000000| Untracked 
|  28|0x0000000607000000, 0x0000000607400000, 0x0000000607400000|100%| O|  |TAMS 0x00000006072a7e00, 0x0000000607400000| Untracked 
|  29|0x0000000607400000, 0x0000000607800000, 0x0000000607800000|100%| O|  |TAMS 0x0000000607800000, 0x0000000607800000| Untracked 
|  30|0x0000000607800000, 0x0000000607c00000, 0x0000000607c00000|100%| O|  |TAMS 0x0000000607c00000, 0x0000000607c00000| Untracked 
|  31|0x0000000607c00000, 0x0000000608000000, 0x0000000608000000|100%| O|  |TAMS 0x0000000608000000, 0x0000000608000000| Untracked 
|  32|0x0000000608000000, 0x0000000608400000, 0x0000000608400000|100%| O|  |TAMS 0x0000000608400000, 0x0000000608400000| Untracked 
|  33|0x0000000608400000, 0x0000000608800000, 0x0000000608800000|100%| O|  |TAMS 0x0000000608800000, 0x0000000608800000| Untracked 
|  34|0x0000000608800000, 0x0000000608c00000, 0x0000000608c00000|100%| O|  |TAMS 0x0000000608c00000, 0x0000000608c00000| Untracked 
|  35|0x0000000608c00000, 0x0000000609000000, 0x0000000609000000|100%| O|  |TAMS 0x0000000609000000, 0x0000000609000000| Untracked 
|  36|0x0000000609000000, 0x0000000609400000, 0x0000000609400000|100%| O|  |TAMS 0x0000000609400000, 0x0000000609400000| Untracked 
|  37|0x0000000609400000, 0x0000000609800000, 0x0000000609800000|100%| O|  |TAMS 0x0000000609800000, 0x0000000609800000| Untracked 
|  38|0x0000000609800000, 0x0000000609c00000, 0x0000000609c00000|100%| O|  |TAMS 0x0000000609c00000, 0x0000000609c00000| Untracked 
|  39|0x0000000609c00000, 0x000000060a000000, 0x000000060a000000|100%| O|  |TAMS 0x000000060a000000, 0x000000060a000000| Untracked 
|  40|0x000000060a000000, 0x000000060a400000, 0x000000060a400000|100%| O|  |TAMS 0x000000060a400000, 0x000000060a400000| Untracked 
|  41|0x000000060a400000, 0x000000060a800000, 0x000000060a800000|100%| O|  |TAMS 0x000000060a800000, 0x000000060a800000| Untracked 
|  42|0x000000060a800000, 0x000000060ac00000, 0x000000060ac00000|100%| O|  |TAMS 0x000000060ac00000, 0x000000060ac00000| Untracked 
|  43|0x000000060ac00000, 0x000000060b000000, 0x000000060b000000|100%| O|  |TAMS 0x000000060b000000, 0x000000060b000000| Untracked 
|  44|0x000000060b000000, 0x000000060b400000, 0x000000060b400000|100%| O|  |TAMS 0x000000060b400000, 0x000000060b400000| Untracked 
|  45|0x000000060b400000, 0x000000060b800000, 0x000000060b800000|100%| O|  |TAMS 0x000000060b800000, 0x000000060b800000| Untracked 
|  46|0x000000060b800000, 0x000000060bc00000, 0x000000060bc00000|100%| O|  |TAMS 0x000000060bc00000, 0x000000060bc00000| Untracked 
|  47|0x000000060bc00000, 0x000000060c000000, 0x000000060c000000|100%| O|  |TAMS 0x000000060c000000, 0x000000060c000000| Untracked 
|  48|0x000000060c000000, 0x000000060c400000, 0x000000060c400000|100%| O|  |TAMS 0x000000060c400000, 0x000000060c400000| Untracked 
|  49|0x000000060c400000, 0x000000060c800000, 0x000000060c800000|100%| O|  |TAMS 0x000000060c800000, 0x000000060c800000| Untracked 
|  50|0x000000060c800000, 0x000000060cc00000, 0x000000060cc00000|100%| O|  |TAMS 0x000000060cc00000, 0x000000060cc00000| Untracked 
|  51|0x000000060cc00000, 0x000000060d000000, 0x000000060d000000|100%| O|  |TAMS 0x000000060d000000, 0x000000060d000000| Untracked 
|  52|0x000000060d000000, 0x000000060d400000, 0x000000060d400000|100%| O|  |TAMS 0x000000060d400000, 0x000000060d400000| Untracked 
|  53|0x000000060d400000, 0x000000060d800000, 0x000000060d800000|100%| O|  |TAMS 0x000000060d800000, 0x000000060d800000| Untracked 
|  54|0x000000060d800000, 0x000000060dc00000, 0x000000060dc00000|100%| O|  |TAMS 0x000000060d800000, 0x000000060dc00000| Untracked 
|  55|0x000000060dc00000, 0x000000060e000000, 0x000000060e000000|100%| O|  |TAMS 0x000000060dc00000, 0x000000060e000000| Untracked 
|  56|0x000000060e000000, 0x000000060e3df200, 0x000000060e400000| 96%| O|  |TAMS 0x000000060e000000, 0x000000060e3df200| Untracked 
|  57|0x000000060e400000, 0x000000060e400000, 0x000000060e800000|  0%| F|  |TAMS 0x000000060e400000, 0x000000060e400000| Untracked 
|  58|0x000000060e800000, 0x000000060e800000, 0x000000060ec00000|  0%| F|  |TAMS 0x000000060e800000, 0x000000060e800000| Untracked 
|  59|0x000000060ec00000, 0x000000060ec00000, 0x000000060f000000|  0%| F|  |TAMS 0x000000060ec00000, 0x000000060ec00000| Untracked 
|  60|0x000000060f000000, 0x000000060f000000, 0x000000060f400000|  0%| F|  |TAMS 0x000000060f000000, 0x000000060f000000| Untracked 
|  61|0x000000060f400000, 0x000000060f400000, 0x000000060f800000|  0%| F|  |TAMS 0x000000060f400000, 0x000000060f400000| Untracked 
|  62|0x000000060f800000, 0x000000060f800000, 0x000000060fc00000|  0%| F|  |TAMS 0x000000060f800000, 0x000000060f800000| Untracked 
|  63|0x000000060fc00000, 0x000000060fc00000, 0x0000000610000000|  0%| F|  |TAMS 0x000000060fc00000, 0x000000060fc00000| Untracked 
|  64|0x0000000610000000, 0x0000000610000000, 0x0000000610400000|  0%| F|  |TAMS 0x0000000610000000, 0x0000000610000000| Untracked 
|  65|0x0000000610400000, 0x0000000610400000, 0x0000000610800000|  0%| F|  |TAMS 0x0000000610400000, 0x0000000610400000| Untracked 
|  66|0x0000000610800000, 0x0000000610800000, 0x0000000610c00000|  0%| F|  |TAMS 0x0000000610800000, 0x0000000610800000| Untracked 
|  67|0x0000000610c00000, 0x0000000610c00000, 0x0000000611000000|  0%| F|  |TAMS 0x0000000610c00000, 0x0000000610c00000| Untracked 
|  68|0x0000000611000000, 0x0000000611000000, 0x0000000611400000|  0%| F|  |TAMS 0x0000000611000000, 0x0000000611000000| Untracked 
|  69|0x0000000611400000, 0x0000000611400000, 0x0000000611800000|  0%| F|  |TAMS 0x0000000611400000, 0x0000000611400000| Untracked 
|  70|0x0000000611800000, 0x0000000611800000, 0x0000000611c00000|  0%| F|  |TAMS 0x0000000611800000, 0x0000000611800000| Untracked 
|  71|0x0000000611c00000, 0x0000000611c00000, 0x0000000612000000|  0%| F|  |TAMS 0x0000000611c00000, 0x0000000611c00000| Untracked 
|  72|0x0000000612000000, 0x0000000612000000, 0x0000000612400000|  0%| F|  |TAMS 0x0000000612000000, 0x0000000612000000| Untracked 
|  73|0x0000000612400000, 0x0000000612400000, 0x0000000612800000|  0%| F|  |TAMS 0x0000000612400000, 0x0000000612400000| Untracked 
|  74|0x0000000612800000, 0x0000000612800000, 0x0000000612c00000|  0%| F|  |TAMS 0x0000000612800000, 0x0000000612800000| Untracked 
|  75|0x0000000612c00000, 0x0000000612c00000, 0x0000000613000000|  0%| F|  |TAMS 0x0000000612c00000, 0x0000000612c00000| Untracked 
|  76|0x0000000613000000, 0x00000006130204a8, 0x0000000613400000|  3%| S|CS|TAMS 0x0000000613000000, 0x0000000613000000| Complete 
|  77|0x0000000613400000, 0x0000000613800000, 0x0000000613800000|100%| S|CS|TAMS 0x0000000613400000, 0x0000000613400000| Complete 
|  78|0x0000000613800000, 0x0000000613800000, 0x0000000613c00000|  0%| F|  |TAMS 0x0000000613800000, 0x0000000613800000| Untracked 
|  79|0x0000000613c00000, 0x0000000613c00000, 0x0000000614000000|  0%| F|  |TAMS 0x0000000613c00000, 0x0000000613c00000| Untracked 
|  80|0x0000000614000000, 0x0000000614000000, 0x0000000614400000|  0%| F|  |TAMS 0x0000000614000000, 0x0000000614000000| Untracked 
|  81|0x0000000614400000, 0x0000000614400000, 0x0000000614800000|  0%| F|  |TAMS 0x0000000614400000, 0x0000000614400000| Untracked 
|  82|0x0000000614800000, 0x0000000614800000, 0x0000000614c00000|  0%| F|  |TAMS 0x0000000614800000, 0x0000000614800000| Untracked 
|  83|0x0000000614c00000, 0x0000000614c00000, 0x0000000615000000|  0%| F|  |TAMS 0x0000000614c00000, 0x0000000614c00000| Untracked 
|  84|0x0000000615000000, 0x0000000615000000, 0x0000000615400000|  0%| F|  |TAMS 0x0000000615000000, 0x0000000615000000| Untracked 
|  85|0x0000000615400000, 0x0000000615400000, 0x0000000615800000|  0%| F|  |TAMS 0x0000000615400000, 0x0000000615400000| Untracked 
|  86|0x0000000615800000, 0x0000000615800000, 0x0000000615c00000|  0%| F|  |TAMS 0x0000000615800000, 0x0000000615800000| Untracked 
|  87|0x0000000615c00000, 0x0000000615c00000, 0x0000000616000000|  0%| F|  |TAMS 0x0000000615c00000, 0x0000000615c00000| Untracked 
|  88|0x0000000616000000, 0x0000000616000000, 0x0000000616400000|  0%| F|  |TAMS 0x0000000616000000, 0x0000000616000000| Untracked 
|  89|0x0000000616400000, 0x0000000616400000, 0x0000000616800000|  0%| F|  |TAMS 0x0000000616400000, 0x0000000616400000| Untracked 
|  90|0x0000000616800000, 0x0000000616800000, 0x0000000616c00000|  0%| F|  |TAMS 0x0000000616800000, 0x0000000616800000| Untracked 
|  91|0x0000000616c00000, 0x0000000616c00000, 0x0000000617000000|  0%| F|  |TAMS 0x0000000616c00000, 0x0000000616c00000| Untracked 
|  92|0x0000000617000000, 0x0000000617000000, 0x0000000617400000|  0%| F|  |TAMS 0x0000000617000000, 0x0000000617000000| Untracked 
|  93|0x0000000617400000, 0x0000000617400000, 0x0000000617800000|  0%| F|  |TAMS 0x0000000617400000, 0x0000000617400000| Untracked 
|  94|0x0000000617800000, 0x0000000617800000, 0x0000000617c00000|  0%| F|  |TAMS 0x0000000617800000, 0x0000000617800000| Untracked 
|  95|0x0000000617c00000, 0x0000000617c00000, 0x0000000618000000|  0%| F|  |TAMS 0x0000000617c00000, 0x0000000617c00000| Untracked 
|  96|0x0000000618000000, 0x0000000618000000, 0x0000000618400000|  0%| F|  |TAMS 0x0000000618000000, 0x0000000618000000| Untracked 
|  97|0x0000000618400000, 0x0000000618400000, 0x0000000618800000|  0%| F|  |TAMS 0x0000000618400000, 0x0000000618400000| Untracked 
|  98|0x0000000618800000, 0x0000000618800000, 0x0000000618c00000|  0%| F|  |TAMS 0x0000000618800000, 0x0000000618800000| Untracked 
|  99|0x0000000618c00000, 0x0000000618c00000, 0x0000000619000000|  0%| F|  |TAMS 0x0000000618c00000, 0x0000000618c00000| Untracked 
| 100|0x0000000619000000, 0x0000000619000000, 0x0000000619400000|  0%| F|  |TAMS 0x0000000619000000, 0x0000000619000000| Untracked 
| 101|0x0000000619400000, 0x0000000619400000, 0x0000000619800000|  0%| F|  |TAMS 0x0000000619400000, 0x0000000619400000| Untracked 
| 102|0x0000000619800000, 0x0000000619800000, 0x0000000619c00000|  0%| F|  |TAMS 0x0000000619800000, 0x0000000619800000| Untracked 
| 103|0x0000000619c00000, 0x0000000619c00000, 0x000000061a000000|  0%| F|  |TAMS 0x0000000619c00000, 0x0000000619c00000| Untracked 
| 104|0x000000061a000000, 0x000000061a000000, 0x000000061a400000|  0%| F|  |TAMS 0x000000061a000000, 0x000000061a000000| Untracked 
| 105|0x000000061a400000, 0x000000061a400000, 0x000000061a800000|  0%| F|  |TAMS 0x000000061a400000, 0x000000061a400000| Untracked 
| 106|0x000000061a800000, 0x000000061a800000, 0x000000061ac00000|  0%| F|  |TAMS 0x000000061a800000, 0x000000061a800000| Untracked 
| 107|0x000000061ac00000, 0x000000061ac00000, 0x000000061b000000|  0%| F|  |TAMS 0x000000061ac00000, 0x000000061ac00000| Untracked 
| 108|0x000000061b000000, 0x000000061b000000, 0x000000061b400000|  0%| F|  |TAMS 0x000000061b000000, 0x000000061b000000| Untracked 
| 109|0x000000061b400000, 0x000000061b400000, 0x000000061b800000|  0%| F|  |TAMS 0x000000061b400000, 0x000000061b400000| Untracked 
| 110|0x000000061b800000, 0x000000061b800000, 0x000000061bc00000|  0%| F|  |TAMS 0x000000061b800000, 0x000000061b800000| Untracked 
| 111|0x000000061bc00000, 0x000000061bc00000, 0x000000061c000000|  0%| F|  |TAMS 0x000000061bc00000, 0x000000061bc00000| Untracked 
| 112|0x000000061c000000, 0x000000061c000000, 0x000000061c400000|  0%| F|  |TAMS 0x000000061c000000, 0x000000061c000000| Untracked 
| 113|0x000000061c400000, 0x000000061c400000, 0x000000061c800000|  0%| F|  |TAMS 0x000000061c400000, 0x000000061c400000| Untracked 
| 114|0x000000061c800000, 0x000000061c800000, 0x000000061cc00000|  0%| F|  |TAMS 0x000000061c800000, 0x000000061c800000| Untracked 
| 115|0x000000061cc00000, 0x000000061cc00000, 0x000000061d000000|  0%| F|  |TAMS 0x000000061cc00000, 0x000000061cc00000| Untracked 
| 116|0x000000061d000000, 0x000000061d000000, 0x000000061d400000|  0%| F|  |TAMS 0x000000061d000000, 0x000000061d000000| Untracked 
| 117|0x000000061d400000, 0x000000061d400000, 0x000000061d800000|  0%| F|  |TAMS 0x000000061d400000, 0x000000061d400000| Untracked 
| 118|0x000000061d800000, 0x000000061d800000, 0x000000061dc00000|  0%| F|  |TAMS 0x000000061d800000, 0x000000061d800000| Untracked 
| 119|0x000000061dc00000, 0x000000061dc00000, 0x000000061e000000|  0%| F|  |TAMS 0x000000061dc00000, 0x000000061dc00000| Untracked 
| 120|0x000000061e000000, 0x000000061e000000, 0x000000061e400000|  0%| F|  |TAMS 0x000000061e000000, 0x000000061e000000| Untracked 
| 121|0x000000061e400000, 0x000000061e400000, 0x000000061e800000|  0%| F|  |TAMS 0x000000061e400000, 0x000000061e400000| Untracked 
| 122|0x000000061e800000, 0x000000061e800000, 0x000000061ec00000|  0%| F|  |TAMS 0x000000061e800000, 0x000000061e800000| Untracked 
| 123|0x000000061ec00000, 0x000000061ec00000, 0x000000061f000000|  0%| F|  |TAMS 0x000000061ec00000, 0x000000061ec00000| Untracked 
| 124|0x000000061f000000, 0x000000061f000000, 0x000000061f400000|  0%| F|  |TAMS 0x000000061f000000, 0x000000061f000000| Untracked 
| 125|0x000000061f400000, 0x000000061f400000, 0x000000061f800000|  0%| F|  |TAMS 0x000000061f400000, 0x000000061f400000| Untracked 
| 126|0x000000061f800000, 0x000000061f800000, 0x000000061fc00000|  0%| F|  |TAMS 0x000000061f800000, 0x000000061f800000| Untracked 
| 127|0x000000061fc00000, 0x000000061fc00000, 0x0000000620000000|  0%| F|  |TAMS 0x000000061fc00000, 0x000000061fc00000| Untracked 
| 128|0x0000000620000000, 0x0000000620000000, 0x0000000620400000|  0%| F|  |TAMS 0x0000000620000000, 0x0000000620000000| Untracked 
| 129|0x0000000620400000, 0x0000000620400000, 0x0000000620800000|  0%| F|  |TAMS 0x0000000620400000, 0x0000000620400000| Untracked 
| 130|0x0000000620800000, 0x0000000620800000, 0x0000000620c00000|  0%| F|  |TAMS 0x0000000620800000, 0x0000000620800000| Untracked 
| 131|0x0000000620c00000, 0x0000000620c00000, 0x0000000621000000|  0%| F|  |TAMS 0x0000000620c00000, 0x0000000620c00000| Untracked 
| 132|0x0000000621000000, 0x0000000621000000, 0x0000000621400000|  0%| F|  |TAMS 0x0000000621000000, 0x0000000621000000| Untracked 
| 133|0x0000000621400000, 0x0000000621400000, 0x0000000621800000|  0%| F|  |TAMS 0x0000000621400000, 0x0000000621400000| Untracked 
| 134|0x0000000621800000, 0x0000000621800000, 0x0000000621c00000|  0%| F|  |TAMS 0x0000000621800000, 0x0000000621800000| Untracked 
| 135|0x0000000621c00000, 0x0000000621c00000, 0x0000000622000000|  0%| F|  |TAMS 0x0000000621c00000, 0x0000000621c00000| Untracked 
| 136|0x0000000622000000, 0x0000000622000000, 0x0000000622400000|  0%| F|  |TAMS 0x0000000622000000, 0x0000000622000000| Untracked 
| 137|0x0000000622400000, 0x0000000622400000, 0x0000000622800000|  0%| F|  |TAMS 0x0000000622400000, 0x0000000622400000| Untracked 
| 138|0x0000000622800000, 0x0000000622800000, 0x0000000622c00000|  0%| F|  |TAMS 0x0000000622800000, 0x0000000622800000| Untracked 
| 139|0x0000000622c00000, 0x0000000622c00000, 0x0000000623000000|  0%| F|  |TAMS 0x0000000622c00000, 0x0000000622c00000| Untracked 
| 140|0x0000000623000000, 0x0000000623000000, 0x0000000623400000|  0%| F|  |TAMS 0x0000000623000000, 0x0000000623000000| Untracked 
| 141|0x0000000623400000, 0x0000000623400000, 0x0000000623800000|  0%| F|  |TAMS 0x0000000623400000, 0x0000000623400000| Untracked 
| 142|0x0000000623800000, 0x0000000623800000, 0x0000000623c00000|  0%| F|  |TAMS 0x0000000623800000, 0x0000000623800000| Untracked 
| 143|0x0000000623c00000, 0x0000000623c00000, 0x0000000624000000|  0%| F|  |TAMS 0x0000000623c00000, 0x0000000623c00000| Untracked 
| 144|0x0000000624000000, 0x0000000624000000, 0x0000000624400000|  0%| F|  |TAMS 0x0000000624000000, 0x0000000624000000| Untracked 
| 145|0x0000000624400000, 0x0000000624400000, 0x0000000624800000|  0%| F|  |TAMS 0x0000000624400000, 0x0000000624400000| Untracked 
| 146|0x0000000624800000, 0x0000000624800000, 0x0000000624c00000|  0%| F|  |TAMS 0x0000000624800000, 0x0000000624800000| Untracked 
| 147|0x0000000624c00000, 0x0000000624c00000, 0x0000000625000000|  0%| F|  |TAMS 0x0000000624c00000, 0x0000000624c00000| Untracked 
| 148|0x0000000625000000, 0x0000000625000000, 0x0000000625400000|  0%| F|  |TAMS 0x0000000625000000, 0x0000000625000000| Untracked 
| 149|0x0000000625400000, 0x0000000625400000, 0x0000000625800000|  0%| F|  |TAMS 0x0000000625400000, 0x0000000625400000| Untracked 
| 150|0x0000000625800000, 0x0000000625800000, 0x0000000625c00000|  0%| F|  |TAMS 0x0000000625800000, 0x0000000625800000| Untracked 
| 151|0x0000000625c00000, 0x0000000625c00000, 0x0000000626000000|  0%| F|  |TAMS 0x0000000625c00000, 0x0000000625c00000| Untracked 
| 152|0x0000000626000000, 0x0000000626000000, 0x0000000626400000|  0%| F|  |TAMS 0x0000000626000000, 0x0000000626000000| Untracked 
| 153|0x0000000626400000, 0x0000000626400000, 0x0000000626800000|  0%| F|  |TAMS 0x0000000626400000, 0x0000000626400000| Untracked 
| 154|0x0000000626800000, 0x0000000626800000, 0x0000000626c00000|  0%| F|  |TAMS 0x0000000626800000, 0x0000000626800000| Untracked 
| 155|0x0000000626c00000, 0x0000000626c00000, 0x0000000627000000|  0%| F|  |TAMS 0x0000000626c00000, 0x0000000626c00000| Untracked 
| 156|0x0000000627000000, 0x0000000627000000, 0x0000000627400000|  0%| F|  |TAMS 0x0000000627000000, 0x0000000627000000| Untracked 
| 157|0x0000000627400000, 0x0000000627400000, 0x0000000627800000|  0%| F|  |TAMS 0x0000000627400000, 0x0000000627400000| Untracked 
| 158|0x0000000627800000, 0x0000000627800000, 0x0000000627c00000|  0%| F|  |TAMS 0x0000000627800000, 0x0000000627800000| Untracked 
| 159|0x0000000627c00000, 0x0000000627c00000, 0x0000000628000000|  0%| F|  |TAMS 0x0000000627c00000, 0x0000000627c00000| Untracked 
| 160|0x0000000628000000, 0x0000000628000000, 0x0000000628400000|  0%| F|  |TAMS 0x0000000628000000, 0x0000000628000000| Untracked 
| 161|0x0000000628400000, 0x0000000628400000, 0x0000000628800000|  0%| F|  |TAMS 0x0000000628400000, 0x0000000628400000| Untracked 
| 162|0x0000000628800000, 0x0000000628800000, 0x0000000628c00000|  0%| F|  |TAMS 0x0000000628800000, 0x0000000628800000| Untracked 
| 163|0x0000000628c00000, 0x0000000628c00000, 0x0000000629000000|  0%| F|  |TAMS 0x0000000628c00000, 0x0000000628c00000| Untracked 
| 164|0x0000000629000000, 0x0000000629000000, 0x0000000629400000|  0%| F|  |TAMS 0x0000000629000000, 0x0000000629000000| Untracked 
| 165|0x0000000629400000, 0x0000000629400000, 0x0000000629800000|  0%| F|  |TAMS 0x0000000629400000, 0x0000000629400000| Untracked 
| 166|0x0000000629800000, 0x0000000629800000, 0x0000000629c00000|  0%| F|  |TAMS 0x0000000629800000, 0x0000000629800000| Untracked 
| 167|0x0000000629c00000, 0x0000000629c00000, 0x000000062a000000|  0%| F|  |TAMS 0x0000000629c00000, 0x0000000629c00000| Untracked 
| 168|0x000000062a000000, 0x000000062a000000, 0x000000062a400000|  0%| F|  |TAMS 0x000000062a000000, 0x000000062a000000| Untracked 
| 169|0x000000062a400000, 0x000000062a400000, 0x000000062a800000|  0%| F|  |TAMS 0x000000062a400000, 0x000000062a400000| Untracked 

Card table byte_map: [0x000002c4e5f60000,0x000002c4e6f60000] _byte_map_base: 0x000002c4e2f60000

Marking Bits (Prev, Next): (CMBitMap*) 0x000002c4bb1edf10, (CMBitMap*) 0x000002c4bb1eded0
 Prev Bits: [0x000002c4eff60000, 0x000002c4f7f60000)
 Next Bits: [0x000002c4e7f60000, 0x000002c4eff60000)

Polling page: 0x000002c4bb250000

Metaspace:

Usage:
  Non-class:    127.27 MB used.
      Class:     18.43 MB used.
       Both:    145.71 MB used.

Virtual space:
  Non-class space:      128.00 MB reserved,     127.69 MB (>99%) committed,  2 nodes.
      Class space:        1.00 GB reserved,      18.81 MB (  2%) committed,  1 nodes.
             Both:        1.12 GB reserved,     146.50 MB ( 13%) committed. 

Chunk freelists:
   Non-Class:  195.00 KB
       Class:  13.00 MB
        Both:  13.19 MB

MaxMetaspaceSize: 4.00 GB
CompressedClassSpaceSize: 1.00 GB
Initial GC threshold: 21.00 MB
Current GC threshold: 244.19 MB
CDS: on
MetaspaceReclaimPolicy: balanced
 - commit_granule_bytes: 65536.
 - commit_granule_words: 8192.
 - virtual_space_node_default_size: 8388608.
 - enlarge_chunks_in_place: 1.
 - new_chunks_are_fully_committed: 0.
 - uncommit_free_chunks: 1.
 - use_allocation_guard: 0.
 - handle_deallocations: 1.


Internal statistics:

num_allocs_failed_limit: 9.
num_arena_births: 1122.
num_arena_deaths: 2.
num_vsnodes_births: 3.
num_vsnodes_deaths: 0.
num_space_committed: 2342.
num_space_uncommitted: 0.
num_chunks_returned_to_freelist: 15.
num_chunks_taken_from_freelist: 6637.
num_chunk_merges: 9.
num_chunk_splits: 4887.
num_chunks_enlarged: 3793.
num_inconsistent_stats: 0.

CodeHeap 'non-profiled nmethods': size=259264Kb used=16231Kb max_used=16994Kb free=243032Kb
 bounds [0x000002c4d5120000, 0x000002c4d61c0000, 0x000002c4e4e50000]
CodeHeap 'profiled nmethods': size=259264Kb used=39026Kb max_used=40747Kb free=220237Kb
 bounds [0x000002c4c4e50000, 0x000002c4c76c0000, 0x000002c4d4b80000]
CodeHeap 'non-nmethods': size=5760Kb used=2625Kb max_used=2682Kb free=3135Kb
 bounds [0x000002c4d4b80000, 0x000002c4d4e40000, 0x000002c4d5120000]
 total_blobs=20470 nmethods=19284 adapters=1094
 compilation: enabled
              stopped_count=0, restarted_count=0
 full_count=0

Compilation events (20 events):
Event: 2794.763 Thread 0x000002c4f812ebd0 nmethod 24415% 0x000002c4d54de310 code [0x000002c4d54de500, 0x000002c4d54ded30]
Event: 2794.767 Thread 0x000002c4f812ebd0 24416       4       sun.nio.cs.UTF_8$Encoder::encodeBufferLoop (326 bytes)
Event: 2794.784 Thread 0x000002c4f812ebd0 nmethod 24416 0x000002c4d6042310 code [0x000002c4d6042500, 0x000002c4d6042cd0]
Event: 2795.106 Thread 0x000002c4f812ebd0 24417   !   4       java.util.jar.Attributes::read (494 bytes)
Event: 2795.369 Thread 0x000002c4f812ebd0 nmethod 24417 0x000002c4d605e510 code [0x000002c4d605e8a0, 0x000002c4d6063cc8]
Event: 2795.564 Thread 0x000002c4f812fa30 24418 %     3       java.util.jar.Manifest$FastInputStream::readLine @ 86 (296 bytes)
Event: 2795.565 Thread 0x000002c4f812fa30 nmethod 24418% 0x000002c4c5a07310 code [0x000002c4c5a07540, 0x000002c4c5a07fc8]
Event: 2795.566 Thread 0x000002c4f812fa30 24419       3       java.util.jar.Manifest$FastInputStream::readLine (296 bytes)
Event: 2795.566 Thread 0x000002c4f812fa30 nmethod 24419 0x000002c4c59ba490 code [0x000002c4c59ba6c0, 0x000002c4c59baf68]
Event: 2795.567 Thread 0x000002c4f812ebd0 24420       4       java.util.jar.Manifest$FastInputStream::readLine (296 bytes)
Event: 2795.580 Thread 0x000002c4f812ebd0 nmethod 24420 0x000002c4d605ae90 code [0x000002c4d605b040, 0x000002c4d605b808]
Event: 2795.580 Thread 0x000002c4f812ebd0 24421       4       java.util.jar.Manifest::parseName (84 bytes)
Event: 2795.583 Thread 0x000002c4f812ebd0 nmethod 24421 0x000002c4d5511190 code [0x000002c4d5511340, 0x000002c4d55115c8]
Event: 2795.855 Thread 0x000002c4f812ebd0 24422       4       org.gradle.tooling.internal.provider.runner.BuildPhaseOperationListener::started (50 bytes)
Event: 2795.862 Thread 0x000002c4f812ebd0 nmethod 24422 0x000002c4d603fe90 code [0x000002c4d6040080, 0x000002c4d60404b0]
Event: 2795.862 Thread 0x000002c4f812ebd0 24423       4       org.gradle.tooling.internal.provider.runner.TestTaskExecutionTracker::started (100 bytes)
Event: 2795.864 Thread 0x000002c4f812ebd0 nmethod 24423 0x000002c4d5f93490 code [0x000002c4d5f93640, 0x000002c4d5f93808]
Event: 2795.864 Thread 0x000002c4f812ebd0 24424   !   4       org.gradle.internal.operations.notify.BuildOperationNotificationBridge$Adapter::started (175 bytes)
Event: 2795.901 Thread 0x000002c4f812ebd0 nmethod 24424 0x000002c4d60ac310 code [0x000002c4d60ac5c0, 0x000002c4d60ade40]
Event: 2799.872 Thread 0x000002c4f812ebd0 24425       4       java.util.OptionalInt::of (9 bytes)

GC Heap History (20 events):
Event: 2757.576 GC heap after
{Heap after GC invocations=106 (full 0):
 garbage-first heap   total 696320K, used 213419K [0x0000000600000000, 0x0000000800000000)
  region size 4096K, 1 young (4096K), 1 survivors (4096K)
 Metaspace       used 149090K, committed 149952K, reserved 1179648K
  class space    used 18876K, committed 19264K, reserved 1048576K
}
Event: 2762.414 GC heap before
{Heap before GC invocations=106 (full 0):
 garbage-first heap   total 696320K, used 590251K [0x0000000600000000, 0x0000000800000000)
  region size 4096K, 93 young (380928K), 1 survivors (4096K)
 Metaspace       used 149102K, committed 149952K, reserved 1179648K
  class space    used 18876K, committed 19264K, reserved 1048576K
}
Event: 2762.419 GC heap after
{Heap after GC invocations=107 (full 0):
 garbage-first heap   total 696320K, used 215515K [0x0000000600000000, 0x0000000800000000)
  region size 4096K, 1 young (4096K), 1 survivors (4096K)
 Metaspace       used 149102K, committed 149952K, reserved 1179648K
  class space    used 18876K, committed 19264K, reserved 1048576K
}
Event: 2765.513 GC heap before
{Heap before GC invocations=108 (full 0):
 garbage-first heap   total 696320K, used 596443K [0x0000000600000000, 0x0000000800000000)
  region size 4096K, 94 young (385024K), 1 survivors (4096K)
 Metaspace       used 149103K, committed 149952K, reserved 1179648K
  class space    used 18876K, committed 19264K, reserved 1048576K
}
Event: 2765.523 GC heap after
{Heap after GC invocations=109 (full 0):
 garbage-first heap   total 696320K, used 218870K [0x0000000600000000, 0x0000000800000000)
  region size 4096K, 2 young (8192K), 2 survivors (8192K)
 Metaspace       used 149103K, committed 149952K, reserved 1179648K
  class space    used 18876K, committed 19264K, reserved 1048576K
}
Event: 2765.782 GC heap before
{Heap before GC invocations=109 (full 0):
 garbage-first heap   total 696320K, used 243446K [0x0000000600000000, 0x0000000800000000)
  region size 4096K, 8 young (32768K), 2 survivors (8192K)
 Metaspace       used 149103K, committed 149952K, reserved 1179648K
  class space    used 18876K, committed 19264K, reserved 1048576K
}
Event: 2765.790 GC heap after
{Heap after GC invocations=110 (full 0):
 garbage-first heap   total 696320K, used 216770K [0x0000000600000000, 0x0000000800000000)
  region size 4096K, 1 young (4096K), 1 survivors (4096K)
 Metaspace       used 149103K, committed 149952K, reserved 1179648K
  class space    used 18876K, committed 19264K, reserved 1048576K
}
Event: 2775.739 GC heap before
{Heap before GC invocations=110 (full 0):
 garbage-first heap   total 696320K, used 597698K [0x0000000600000000, 0x0000000800000000)
  region size 4096K, 94 young (385024K), 1 survivors (4096K)
 Metaspace       used 149165K, committed 150016K, reserved 1179648K
  class space    used 18876K, committed 19264K, reserved 1048576K
}
Event: 2775.750 GC heap after
{Heap after GC invocations=111 (full 0):
 garbage-first heap   total 696320K, used 219747K [0x0000000600000000, 0x0000000800000000)
  region size 4096K, 1 young (4096K), 1 survivors (4096K)
 Metaspace       used 149165K, committed 150016K, reserved 1179648K
  class space    used 18876K, committed 19264K, reserved 1048576K
}
Event: 2779.472 GC heap before
{Heap before GC invocations=112 (full 0):
 garbage-first heap   total 696320K, used 604771K [0x0000000600000000, 0x0000000800000000)
  region size 4096K, 95 young (389120K), 1 survivors (4096K)
 Metaspace       used 149172K, committed 150016K, reserved 1179648K
  class space    used 18876K, committed 19264K, reserved 1048576K
}
Event: 2779.484 GC heap after
{Heap after GC invocations=113 (full 0):
 garbage-first heap   total 696320K, used 220704K [0x0000000600000000, 0x0000000800000000)
  region size 4096K, 2 young (8192K), 2 survivors (8192K)
 Metaspace       used 149172K, committed 150016K, reserved 1179648K
  class space    used 18876K, committed 19264K, reserved 1048576K
}
Event: 2779.808 GC heap before
{Heap before GC invocations=113 (full 0):
 garbage-first heap   total 696320K, used 245280K [0x0000000600000000, 0x0000000800000000)
  region size 4096K, 8 young (32768K), 2 survivors (8192K)
 Metaspace       used 149172K, committed 150016K, reserved 1179648K
  class space    used 18876K, committed 19264K, reserved 1048576K
}
Event: 2779.819 GC heap after
{Heap after GC invocations=114 (full 0):
 garbage-first heap   total 696320K, used 218012K [0x0000000600000000, 0x0000000800000000)
  region size 4096K, 1 young (4096K), 1 survivors (4096K)
 Metaspace       used 149172K, committed 150016K, reserved 1179648K
  class space    used 18876K, committed 19264K, reserved 1048576K
}
Event: 2787.521 GC heap before
{Heap before GC invocations=114 (full 0):
 garbage-first heap   total 696320K, used 603036K [0x0000000600000000, 0x0000000800000000)
  region size 4096K, 97 young (397312K), 1 survivors (4096K)
 Metaspace       used 149188K, committed 150016K, reserved 1179648K
  class space    used 18876K, committed 19264K, reserved 1048576K
}
Event: 2787.531 GC heap after
{Heap after GC invocations=115 (full 0):
 garbage-first heap   total 696320K, used 219553K [0x0000000600000000, 0x0000000800000000)
  region size 4096K, 1 young (4096K), 1 survivors (4096K)
 Metaspace       used 149188K, committed 150016K, reserved 1179648K
  class space    used 18876K, committed 19264K, reserved 1048576K
}
Event: 2792.748 GC heap before
{Heap before GC invocations=116 (full 0):
 garbage-first heap   total 696320K, used 604577K [0x0000000600000000, 0x0000000800000000)
  region size 4096K, 95 young (389120K), 1 survivors (4096K)
 Metaspace       used 149196K, committed 150016K, reserved 1179648K
  class space    used 18876K, committed 19264K, reserved 1048576K
}
Event: 2792.775 GC heap after
{Heap after GC invocations=117 (full 0):
 garbage-first heap   total 696320K, used 232927K [0x0000000600000000, 0x0000000800000000)
  region size 4096K, 4 young (16384K), 4 survivors (16384K)
 Metaspace       used 149196K, committed 150016K, reserved 1179648K
  class space    used 18876K, committed 19264K, reserved 1048576K
}
Event: 2792.884 GC heap before
{Heap before GC invocations=117 (full 0):
 garbage-first heap   total 696320K, used 249311K [0x0000000600000000, 0x0000000800000000)
  region size 4096K, 8 young (32768K), 4 survivors (16384K)
 Metaspace       used 149196K, committed 150016K, reserved 1179648K
  class space    used 18876K, committed 19264K, reserved 1048576K
}
Event: 2792.906 GC heap after
{Heap after GC invocations=118 (full 0):
 garbage-first heap   total 696320K, used 230947K [0x0000000600000000, 0x0000000800000000)
  region size 4096K, 1 young (4096K), 1 survivors (4096K)
 Metaspace       used 149196K, committed 150016K, reserved 1179648K
  class space    used 18876K, committed 19264K, reserved 1048576K
}
Event: 2799.873 GC heap before
{Heap before GC invocations=118 (full 0):
 garbage-first heap   total 696320K, used 603683K [0x0000000600000000, 0x0000000800000000)
  region size 4096K, 92 young (376832K), 1 survivors (4096K)
 Metaspace       used 149202K, committed 150016K, reserved 1179648K
  class space    used 18876K, committed 19264K, reserved 1048576K
}

Dll operation events (15 events):
Event: 0.181 Loaded shared library C:\Users\hp\java\jdk-17.0.14+7\bin\java.dll
Event: 0.939 Loaded shared library C:\Users\hp\java\jdk-17.0.14+7\bin\jsvml.dll
Event: 1.717 Loaded shared library C:\Users\hp\java\jdk-17.0.14+7\bin\zip.dll
Event: 1.779 Loaded shared library C:\Users\hp\java\jdk-17.0.14+7\bin\instrument.dll
Event: 1.872 Loaded shared library C:\Users\hp\java\jdk-17.0.14+7\bin\net.dll
Event: 1.920 Loaded shared library C:\Users\hp\java\jdk-17.0.14+7\bin\nio.dll
Event: 1.923 Loaded shared library C:\Users\hp\java\jdk-17.0.14+7\bin\zip.dll
Event: 4.118 Loaded shared library C:\Users\hp\java\jdk-17.0.14+7\bin\jimage.dll
Event: 5.883 Loaded shared library C:\Users\hp\java\jdk-17.0.14+7\bin\verify.dll
Event: 8.739 Loaded shared library C:\Users\hp\.gradle\native\c067742578af261105cb4f569cf0c3c89f3d7b1fecec35dd04571415982c5e48\windows-amd64\native-platform.dll
Event: 8.867 Loaded shared library C:\Users\hp\.gradle\native\100fb08df4bc3b14c8652ba06237920a3bd2aa13389f12d3474272988ae205f9\windows-amd64\native-platform-file-events.dll
Event: 14.645 Loaded shared library C:\Users\hp\java\jdk-17.0.14+7\bin\management.dll
Event: 14.764 Loaded shared library C:\Users\hp\java\jdk-17.0.14+7\bin\management_ext.dll
Event: 18.654 Loaded shared library C:\Users\hp\java\jdk-17.0.14+7\bin\extnet.dll
Event: 20.845 Loaded shared library C:\Users\hp\java\jdk-17.0.14+7\bin\sunmscapi.dll

Deoptimization events (20 events):
Event: 2793.654 Thread 0x000002c540c0e050 DEOPT PACKING pc=0x000002c4c760f982 sp=0x000000c8712f4b00
Event: 2793.654 Thread 0x000002c540c0e050 DEOPT UNPACKING pc=0x000002c4d4bd7143 sp=0x000000c8712f4210 mode 0
Event: 2793.657 Thread 0x000002c540c0e050 DEOPT PACKING pc=0x000002c4c760f982 sp=0x000000c8712f4b00
Event: 2793.657 Thread 0x000002c540c0e050 DEOPT UNPACKING pc=0x000002c4d4bd7143 sp=0x000000c8712f4210 mode 0
Event: 2794.346 Thread 0x000002c540c0e050 Uncommon trap: trap_request=0xffffff45 fr.pc=0x000002c4d53109f4 relative=0x0000000000000334
Event: 2794.346 Thread 0x000002c540c0e050 Uncommon trap: reason=unstable_if action=reinterpret pc=0x000002c4d53109f4 method=sun.nio.cs.UTF_8$Encoder.encodeBufferLoop(Ljava/nio/CharBuffer;Ljava/nio/ByteBuffer;)Ljava/nio/charset/CoderResult; @ 23 c2
Event: 2794.346 Thread 0x000002c540c0e050 DEOPT PACKING pc=0x000002c4d53109f4 sp=0x000000c8712f50a0
Event: 2794.346 Thread 0x000002c540c0e050 DEOPT UNPACKING pc=0x000002c4d4bd69a3 sp=0x000000c8712f5048 mode 2
Event: 2794.767 Thread 0x000002c540c0e050 DEOPT PACKING pc=0x000002c4c5473266 sp=0x000000c8712f5130
Event: 2794.767 Thread 0x000002c540c0e050 DEOPT UNPACKING pc=0x000002c4d4bd7143 sp=0x000000c8712f4608 mode 0
Event: 2794.783 Thread 0x000002c540c0e050 DEOPT PACKING pc=0x000002c4c5473266 sp=0x000000c8712f5130
Event: 2794.783 Thread 0x000002c540c0e050 DEOPT UNPACKING pc=0x000002c4d4bd7143 sp=0x000000c8712f4608 mode 0
Event: 2795.106 Thread 0x000002c54516db80 DEOPT PACKING pc=0x000002c4c52f075f sp=0x000000c874dfab70
Event: 2795.106 Thread 0x000002c54516db80 DEOPT UNPACKING pc=0x000002c4d4bd7143 sp=0x000000c874dfa100 mode 0
Event: 2795.107 Thread 0x000002c54516db80 DEOPT PACKING pc=0x000002c4c52f075f sp=0x000000c874dfab70
Event: 2795.107 Thread 0x000002c54516db80 DEOPT UNPACKING pc=0x000002c4d4bd7143 sp=0x000000c874dfa100 mode 0
Event: 2795.564 Thread 0x000002c545172260 Uncommon trap: trap_request=0xffffff45 fr.pc=0x000002c4d51a4f48 relative=0x0000000000000608
Event: 2795.564 Thread 0x000002c545172260 Uncommon trap: reason=unstable_if action=reinterpret pc=0x000002c4d51a4f48 method=java.util.jar.Manifest$FastInputStream.readLine([BII)I @ 130 c2
Event: 2795.564 Thread 0x000002c545172260 DEOPT PACKING pc=0x000002c4d51a4f48 sp=0x000000c874bfad00
Event: 2795.564 Thread 0x000002c545172260 DEOPT UNPACKING pc=0x000002c4d4bd69a3 sp=0x000000c874bfac90 mode 2

Classes loaded (20 events):
Event: 279.757 Loading class java/util/Collections$ReverseComparator2
Event: 279.757 Loading class java/util/Collections$ReverseComparator2 done
Event: 284.375 Loading class jdk/internal/misc/ScopedMemoryAccess$Scope$Handle
Event: 284.927 Loading class jdk/internal/misc/ScopedMemoryAccess$Scope$Handle done
Event: 702.668 Loading class sun/security/ssl/Alert
Event: 702.847 Loading class sun/security/ssl/Alert done
Event: 702.847 Loading class sun/security/ssl/Alert$AlertConsumer
Event: 702.890 Loading class sun/security/ssl/Alert$AlertConsumer done
Event: 702.890 Loading class sun/security/ssl/Alert$Level
Event: 702.890 Loading class sun/security/ssl/Alert$Level done
Event: 764.903 Loading class javax/crypto/AEADBadTagException
Event: 764.949 Loading class javax/crypto/BadPaddingException
Event: 764.949 Loading class javax/crypto/BadPaddingException done
Event: 764.949 Loading class javax/crypto/AEADBadTagException done
Event: 764.953 Loading class java/lang/Throwable$WrappedPrintWriter
Event: 764.979 Loading class java/lang/Throwable$PrintStreamOrWriter
Event: 764.985 Loading class java/lang/Throwable$PrintStreamOrWriter done
Event: 764.985 Loading class java/lang/Throwable$WrappedPrintWriter done
Event: 764.985 Loading class java/lang/StackTraceElement$HashedModules
Event: 764.996 Loading class java/lang/StackTraceElement$HashedModules done

Classes unloaded (5 events):
Event: 81.156 Thread 0x000002c4f8100180 Unloading class 0x000002c4fc584918 '_BuildScript_$_run_closure1$_closure2'
Event: 81.156 Thread 0x000002c4f8100180 Unloading class 0x000002c4fc584530 '_BuildScript_$_run_closure1'
Event: 81.156 Thread 0x000002c4f8100180 Unloading class 0x000002c4fc584000 '_BuildScript_'
Event: 81.156 Thread 0x000002c4f8100180 Unloading class 0x000002c4fc578ab0 'GradleAnnotationProcessorPatchPlugin$AnnotationProcessorModelBuilder'
Event: 81.156 Thread 0x000002c4f8100180 Unloading class 0x000002c4fc578800 'GradleAnnotationProcessorPatchPlugin'

Classes redefined (0 events):
No events

Internal exceptions (20 events):
Event: 2784.457 Thread 0x000002c545172260 Exception <a 'sun/nio/fs/WindowsException'{0x000000061cc26488}> (0x000000061cc26488) 
thrown [s\src\hotspot\share\prims\jni.cpp, line 516]
Event: 2785.188 Thread 0x000002c540c0e050 Exception <a 'sun/nio/fs/WindowsException'{0x000000061d35c870}> (0x000000061d35c870) 
thrown [s\src\hotspot\share\prims\jni.cpp, line 516]
Event: 2785.783 Thread 0x000002c54516db80 Exception <a 'sun/nio/fs/WindowsException'{0x000000061560f868}> (0x000000061560f868) 
thrown [s\src\hotspot\share\prims\jni.cpp, line 516]
Event: 2785.801 Thread 0x000002c545172260 Exception <a 'sun/nio/fs/WindowsException'{0x00000006169e5eb8}> (0x00000006169e5eb8) 
thrown [s\src\hotspot\share\prims\jni.cpp, line 516]
Event: 2787.078 Thread 0x000002c540c0e050 Exception <a 'sun/nio/fs/WindowsException'{0x0000000613cea350}> (0x0000000613cea350) 
thrown [s\src\hotspot\share\prims\jni.cpp, line 516]
Event: 2787.218 Thread 0x000002c545171330 Exception <a 'sun/nio/fs/WindowsException'{0x0000000613f7e7e0}> (0x0000000613f7e7e0) 
thrown [s\src\hotspot\share\prims\jni.cpp, line 516]
Event: 2787.307 Thread 0x000002c545172260 Exception <a 'sun/nio/fs/WindowsException'{0x0000000613b896c8}> (0x0000000613b896c8) 
thrown [s\src\hotspot\share\prims\jni.cpp, line 516]
Event: 2787.353 Thread 0x000002c54516db80 Exception <a 'sun/nio/fs/WindowsException'{0x00000006138e7ea0}> (0x00000006138e7ea0) 
thrown [s\src\hotspot\share\prims\jni.cpp, line 516]
Event: 2788.714 Thread 0x000002c540c0e050 Exception <a 'sun/nio/fs/WindowsException'{0x0000000626445c20}> (0x0000000626445c20) 
thrown [s\src\hotspot\share\prims\jni.cpp, line 516]
Event: 2789.119 Thread 0x000002c54516db80 Exception <a 'sun/nio/fs/WindowsException'{0x0000000626b73648}> (0x0000000626b73648) 
thrown [s\src\hotspot\share\prims\jni.cpp, line 516]
Event: 2789.760 Thread 0x000002c545172260 Exception <a 'sun/nio/fs/WindowsException'{0x0000000626a00dd8}> (0x0000000626a00dd8) 
thrown [s\src\hotspot\share\prims\jni.cpp, line 516]
Event: 2790.536 Thread 0x000002c545172260 Exception <a 'sun/nio/fs/WindowsException'{0x0000000624dcc5b0}> (0x0000000624dcc5b0) 
thrown [s\src\hotspot\share\prims\jni.cpp, line 516]
Event: 2790.536 Thread 0x000002c54516db80 Exception <a 'sun/nio/fs/WindowsException'{0x0000000623270c60}> (0x0000000623270c60) 
thrown [s\src\hotspot\share\prims\jni.cpp, line 516]
Event: 2791.262 Thread 0x000002c54516db80 Exception <a 'sun/nio/fs/WindowsException'{0x00000006213d4e78}> (0x00000006213d4e78) 
thrown [s\src\hotspot\share\prims\jni.cpp, line 516]
Event: 2791.427 Thread 0x000002c545172260 Exception <a 'sun/nio/fs/WindowsException'{0x000000061fda2bd0}> (0x000000061fda2bd0) 
thrown [s\src\hotspot\share\prims\jni.cpp, line 516]
Event: 2792.452 Thread 0x000002c54516db80 Exception <a 'sun/nio/fs/WindowsException'{0x0000000617a5edc8}> (0x0000000617a5edc8) 
thrown [s\src\hotspot\share\prims\jni.cpp, line 516]
Event: 2793.815 Thread 0x000002c54516db80 Exception <a 'sun/nio/fs/WindowsException'{0x000000062a076cd8}> (0x000000062a076cd8) 
thrown [s\src\hotspot\share\prims\jni.cpp, line 516]
Event: 2794.625 Thread 0x000002c545172260 Exception <a 'sun/nio/fs/WindowsException'{0x0000000628969850}> (0x0000000628969850) 
thrown [s\src\hotspot\share\prims\jni.cpp, line 516]
Event: 2794.912 Thread 0x000002c54516db80 Exception <a 'sun/nio/fs/WindowsException'{0x0000000620c187a0}> (0x0000000620c187a0) 
thrown [s\src\hotspot\share\prims\jni.cpp, line 516]
Event: 2795.340 Thread 0x000002c545172260 Exception <a 'sun/nio/fs/WindowsException'{0x000000061dd52778}> (0x000000061dd52778) 
thrown [s\src\hotspot\share\prims\jni.cpp, line 516]

VM Operations (20 events):
Event: 2788.164 Executing VM operation: G1PauseCleanup done
Event: 2789.164 Executing VM operation: Cleanup
Event: 2789.164 Executing VM operation: Cleanup done
Event: 2791.164 Executing VM operation: Cleanup
Event: 2791.164 Executing VM operation: Cleanup done
Event: 2791.719 Executing VM operation: HandshakeAllThreads
Event: 2791.719 Executing VM operation: HandshakeAllThreads done
Event: 2791.775 Executing VM operation: HandshakeAllThreads
Event: 2791.776 Executing VM operation: HandshakeAllThreads done
Event: 2791.912 Executing VM operation: HandshakeAllThreads
Event: 2791.914 Executing VM operation: HandshakeAllThreads done
Event: 2792.748 Executing VM operation: G1CollectForAllocation
Event: 2792.775 Executing VM operation: G1CollectForAllocation done
Event: 2792.884 Executing VM operation: G1CollectForAllocation
Event: 2792.906 Executing VM operation: G1CollectForAllocation done
Event: 2793.906 Executing VM operation: Cleanup
Event: 2793.906 Executing VM operation: Cleanup done
Event: 2794.907 Executing VM operation: Cleanup
Event: 2794.907 Executing VM operation: Cleanup done
Event: 2799.873 Executing VM operation: G1CollectForAllocation

Memory protections (0 events):
No events

Nmethod flushes (20 events):
Event: 2791.953 Thread 0x000002c4f81327f0 flushing  nmethod 0x000002c4c6e24a10
Event: 2791.957 Thread 0x000002c4f81327f0 flushing  nmethod 0x000002c4c72b3690
Event: 2791.958 Thread 0x000002c4f81327f0 flushing  nmethod 0x000002c4c73bec10
Event: 2791.958 Thread 0x000002c4f81327f0 flushing osr nmethod 0x000002c4c73dcf10
Event: 2791.958 Thread 0x000002c4f81327f0 flushing  nmethod 0x000002c4c73e5710
Event: 2791.958 Thread 0x000002c4f81327f0 flushing osr nmethod 0x000002c4c73edb10
Event: 2791.958 Thread 0x000002c4f81327f0 flushing osr nmethod 0x000002c4c73fd690
Event: 2791.959 Thread 0x000002c4f81327f0 flushing  nmethod 0x000002c4c7487010
Event: 2791.959 Thread 0x000002c4f81327f0 flushing  nmethod 0x000002c4c74b7910
Event: 2791.959 Thread 0x000002c4f81327f0 flushing  nmethod 0x000002c4c74d6790
Event: 2791.959 Thread 0x000002c4f81327f0 flushing  nmethod 0x000002c4c74ef710
Event: 2791.960 Thread 0x000002c4f81327f0 flushing  nmethod 0x000002c4c7517a10
Event: 2791.960 Thread 0x000002c4f81327f0 flushing  nmethod 0x000002c4c757c390
Event: 2791.960 Thread 0x000002c4f81327f0 flushing  nmethod 0x000002c4c7588110
Event: 2791.960 Thread 0x000002c4f81327f0 flushing  nmethod 0x000002c4c75c3e90
Event: 2791.960 Thread 0x000002c4f81327f0 flushing  nmethod 0x000002c4c75d3590
Event: 2791.960 Thread 0x000002c4f81327f0 flushing  nmethod 0x000002c4c75ed110
Event: 2791.960 Thread 0x000002c4f81327f0 flushing  nmethod 0x000002c4c7619b10
Event: 2791.960 Thread 0x000002c4f81327f0 flushing  nmethod 0x000002c4c7619f90
Event: 2791.960 Thread 0x000002c4f81327f0 flushing  nmethod 0x000002c4c761ba90

Events (20 events):
Event: 2745.153 Thread 0x000002c4f812ebd0 Thread added: 0x000002c552097b30
Event: 2746.222 Thread 0x000002c552097b30 Thread exited: 0x000002c552097b30
Event: 2746.393 Thread 0x000002c4f812ebd0 Thread added: 0x000002c5441d9350
Event: 2747.211 Thread 0x000002c5441d9350 Thread exited: 0x000002c5441d9350
Event: 2749.151 Thread 0x000002c4f812fa30 Thread added: 0x000002c54591caf0
Event: 2750.447 Thread 0x000002c54591caf0 Thread exited: 0x000002c54591caf0
Event: 2759.597 Thread 0x000002c4f812fa30 Thread added: 0x000002c5441d7370
Event: 2760.090 Thread 0x000002c5441d7370 Thread exited: 0x000002c5441d7370
Event: 2761.302 Thread 0x000002c4f812ebd0 Thread added: 0x000002c552098080
Event: 2761.446 Thread 0x000002c552098080 Thread exited: 0x000002c552098080
Event: 2761.538 Thread 0x000002c4f812fa30 Thread added: 0x000002c54591d040
Event: 2762.344 Thread 0x000002c54591d040 Thread exited: 0x000002c54591d040
Event: 2763.207 Thread 0x000002c4f812ebd0 Thread added: 0x000002c54591c050
Event: 2763.483 Thread 0x000002c54591c050 Thread exited: 0x000002c54591c050
Event: 2763.647 Thread 0x000002c4f812fa30 Thread added: 0x000002c552dacf90
Event: 2764.651 Thread 0x000002c552dacf90 Thread exited: 0x000002c552dacf90
Event: 2773.800 Thread 0x000002c4f812fa30 Thread added: 0x000002c552dae4d0
Event: 2774.112 Thread 0x000002c552dae4d0 Thread exited: 0x000002c552dae4d0
Event: 2791.379 Thread 0x000002c4f812fa30 Thread added: 0x000002c54591c050
Event: 2794.139 Thread 0x000002c54591c050 Thread exited: 0x000002c54591c050


Dynamic libraries:
0x00007ff70f430000 - 0x00007ff70f43e000 	C:\Users\hp\java\jdk-17.0.14+7\bin\java.exe
0x00007ff8a9b50000 - 0x00007ff8a9d48000 	C:\WINDOWS\SYSTEM32\ntdll.dll
0x00007ff896360000 - 0x00007ff896380000 	C:\Program Files\Avast Software\Avast\aswhook.dll
0x00007ff8a9a30000 - 0x00007ff8a9af2000 	C:\WINDOWS\System32\KERNEL32.DLL
0x00007ff8a72c0000 - 0x00007ff8a75b6000 	C:\WINDOWS\System32\KERNELBASE.dll
0x00007ff8a7890000 - 0x00007ff8a7990000 	C:\WINDOWS\System32\ucrtbase.dll
0x00007ff895ad0000 - 0x00007ff895aee000 	C:\Users\hp\java\jdk-17.0.14+7\bin\VCRUNTIME140.dll
0x00007ff88a8c0000 - 0x00007ff88a8d7000 	C:\Users\hp\java\jdk-17.0.14+7\bin\jli.dll
0x00007ff8a9810000 - 0x00007ff8a99ad000 	C:\WINDOWS\System32\USER32.dll
0x00007ff8a7290000 - 0x00007ff8a72b2000 	C:\WINDOWS\System32\win32u.dll
0x00007ff896a70000 - 0x00007ff896d0a000 	C:\WINDOWS\WinSxS\amd64_microsoft.windows.common-controls_6595b64144ccf1df_6.0.19041.5915_none_60b4b9d171f9c7c7\COMCTL32.dll
0x00007ff8a9060000 - 0x00007ff8a908b000 	C:\WINDOWS\System32\GDI32.dll
0x00007ff8a79c0000 - 0x00007ff8a7ad9000 	C:\WINDOWS\System32\gdi32full.dll
0x00007ff8a75c0000 - 0x00007ff8a765d000 	C:\WINDOWS\System32\msvcp_win.dll
0x00007ff8a9090000 - 0x00007ff8a912e000 	C:\WINDOWS\System32\msvcrt.dll
0x00007ff8a9740000 - 0x00007ff8a976f000 	C:\WINDOWS\System32\IMM32.DLL
0x00007ff895cd0000 - 0x00007ff895cdc000 	C:\Users\hp\java\jdk-17.0.14+7\bin\vcruntime140_1.dll
0x00007ff8771b0000 - 0x00007ff87723d000 	C:\Users\hp\java\jdk-17.0.14+7\bin\msvcp140.dll
0x00007ff85b000000 - 0x00007ff85bc6b000 	C:\Users\hp\java\jdk-17.0.14+7\bin\server\jvm.dll
0x00007ff8a7bd0000 - 0x00007ff8a7c81000 	C:\WINDOWS\System32\ADVAPI32.dll
0x00007ff8a9770000 - 0x00007ff8a980f000 	C:\WINDOWS\System32\sechost.dll
0x00007ff8a84b0000 - 0x00007ff8a85d3000 	C:\WINDOWS\System32\RPCRT4.dll
0x00007ff8a7990000 - 0x00007ff8a79b7000 	C:\WINDOWS\System32\bcrypt.dll
0x00007ff8a9260000 - 0x00007ff8a92cb000 	C:\WINDOWS\System32\WS2_32.dll
0x00007ff8a7040000 - 0x00007ff8a708b000 	C:\WINDOWS\SYSTEM32\POWRPROF.dll
0x00007ff89ac30000 - 0x00007ff89ac57000 	C:\WINDOWS\SYSTEM32\WINMM.dll
0x00007ff89d760000 - 0x00007ff89d76a000 	C:\WINDOWS\SYSTEM32\VERSION.dll
0x00007ff8a7020000 - 0x00007ff8a7032000 	C:\WINDOWS\SYSTEM32\UMPDC.dll
0x00007ff8a4f80000 - 0x00007ff8a4f92000 	C:\WINDOWS\SYSTEM32\kernel.appcore.dll
0x00007ff88cd90000 - 0x00007ff88cd9a000 	C:\Users\hp\java\jdk-17.0.14+7\bin\jimage.dll
0x00007ff89c160000 - 0x00007ff89c361000 	C:\WINDOWS\SYSTEM32\DBGHELP.DLL
0x00007ff89bb00000 - 0x00007ff89bb34000 	C:\WINDOWS\SYSTEM32\dbgcore.DLL
0x00007ff8a7ae0000 - 0x00007ff8a7b62000 	C:\WINDOWS\System32\bcryptPrimitives.dll
0x00007ff88ccd0000 - 0x00007ff88ccde000 	C:\Users\hp\java\jdk-17.0.14+7\bin\instrument.dll
0x00007ff8728c0000 - 0x00007ff8728e5000 	C:\Users\hp\java\jdk-17.0.14+7\bin\java.dll
0x00007ff86ec30000 - 0x00007ff86ed07000 	C:\Users\hp\java\jdk-17.0.14+7\bin\jsvml.dll
0x00007ff8a85e0000 - 0x00007ff8a8d4e000 	C:\WINDOWS\System32\SHELL32.dll
0x00007ff8a5260000 - 0x00007ff8a5a04000 	C:\WINDOWS\SYSTEM32\windows.storage.dll
0x00007ff8a9330000 - 0x00007ff8a9683000 	C:\WINDOWS\System32\combase.dll
0x00007ff8a6b40000 - 0x00007ff8a6b6b000 	C:\WINDOWS\SYSTEM32\Wldp.dll
0x00007ff8a7c90000 - 0x00007ff8a7d5d000 	C:\WINDOWS\System32\OLEAUT32.dll
0x00007ff8a7f30000 - 0x00007ff8a7fdd000 	C:\WINDOWS\System32\SHCORE.dll
0x00007ff8a92d0000 - 0x00007ff8a932b000 	C:\WINDOWS\System32\shlwapi.dll
0x00007ff8a7110000 - 0x00007ff8a7134000 	C:\WINDOWS\SYSTEM32\profapi.dll
0x00007ff88aef0000 - 0x00007ff88af08000 	C:\Users\hp\java\jdk-17.0.14+7\bin\zip.dll
0x00007ff88aed0000 - 0x00007ff88aee9000 	C:\Users\hp\java\jdk-17.0.14+7\bin\net.dll
0x00007ff8a02b0000 - 0x00007ff8a03ba000 	C:\WINDOWS\SYSTEM32\WINHTTP.dll
0x00007ff8a68a0000 - 0x00007ff8a690a000 	C:\WINDOWS\system32\mswsock.dll
0x00007ff88a900000 - 0x00007ff88a916000 	C:\Users\hp\java\jdk-17.0.14+7\bin\nio.dll
0x00007ff88a8f0000 - 0x00007ff88a900000 	C:\Users\hp\java\jdk-17.0.14+7\bin\verify.dll
0x00007ff888b90000 - 0x00007ff888bb7000 	C:\Users\hp\.gradle\native\c067742578af261105cb4f569cf0c3c89f3d7b1fecec35dd04571415982c5e48\windows-amd64\native-platform.dll
0x00007ff870e30000 - 0x00007ff870f74000 	C:\Users\hp\.gradle\native\100fb08df4bc3b14c8652ba06237920a3bd2aa13389f12d3474272988ae205f9\windows-amd64\native-platform-file-events.dll
0x00007ff88a8e0000 - 0x00007ff88a8ea000 	C:\Users\hp\java\jdk-17.0.14+7\bin\management.dll
0x00007ff889cb0000 - 0x00007ff889cbb000 	C:\Users\hp\java\jdk-17.0.14+7\bin\management_ext.dll
0x00007ff8a9b00000 - 0x00007ff8a9b08000 	C:\WINDOWS\System32\PSAPI.DLL
0x00007ff8a6a90000 - 0x00007ff8a6aa8000 	C:\WINDOWS\SYSTEM32\CRYPTSP.dll
0x00007ff8a61c0000 - 0x00007ff8a61f8000 	C:\WINDOWS\system32\rsaenh.dll
0x00007ff8a7090000 - 0x00007ff8a70be000 	C:\WINDOWS\SYSTEM32\USERENV.dll
0x00007ff8a6ab0000 - 0x00007ff8a6abc000 	C:\WINDOWS\SYSTEM32\CRYPTBASE.dll
0x00007ff8a6580000 - 0x00007ff8a65bb000 	C:\WINDOWS\SYSTEM32\IPHLPAPI.DLL
0x00007ff8a9130000 - 0x00007ff8a9138000 	C:\WINDOWS\System32\NSI.dll
0x00007ff8a0b00000 - 0x00007ff8a0b17000 	C:\WINDOWS\SYSTEM32\dhcpcsvc6.DLL
0x00007ff8a0de0000 - 0x00007ff8a0dfd000 	C:\WINDOWS\SYSTEM32\dhcpcsvc.DLL
0x00007ff8a65c0000 - 0x00007ff8a668a000 	C:\WINDOWS\SYSTEM32\DNSAPI.dll
0x00007ff888a40000 - 0x00007ff888a49000 	C:\Users\hp\java\jdk-17.0.14+7\bin\extnet.dll
0x00007ff888710000 - 0x00007ff88871e000 	C:\Users\hp\java\jdk-17.0.14+7\bin\sunmscapi.dll
0x00007ff8a76b0000 - 0x00007ff8a780d000 	C:\WINDOWS\System32\CRYPT32.dll
0x00007ff8a6bb0000 - 0x00007ff8a6bd7000 	C:\WINDOWS\SYSTEM32\ncrypt.dll
0x00007ff8a6b70000 - 0x00007ff8a6bab000 	C:\WINDOWS\SYSTEM32\NTASN1.dll
0x00007ff88cda0000 - 0x00007ff88cda7000 	C:\WINDOWS\system32\wshunix.dll
0x00007ff889de0000 - 0x00007ff889df7000 	C:\WINDOWS\system32\napinsp.dll
0x00007ff889e00000 - 0x00007ff889e1b000 	C:\WINDOWS\system32\pnrpnsp.dll
0x00007ff889f20000 - 0x00007ff889f3d000 	C:\WINDOWS\system32\wshbth.dll
0x00007ff8a33a0000 - 0x00007ff8a33bd000 	C:\WINDOWS\system32\NLAapi.dll
0x00007ff889f80000 - 0x00007ff889f92000 	C:\WINDOWS\System32\winrnr.dll
0x00000000616e0000 - 0x0000000061706000 	C:\Program Files\Bonjour\mdnsNSP.dll
0x00007ff8965d0000 - 0x00007ff8965da000 	C:\Windows\System32\rasadhlp.dll
0x00007ff897050000 - 0x00007ff8970d0000 	C:\WINDOWS\System32\fwpuclnt.dll

dbghelp: loaded successfully - version: 4.0.5 - missing functions: none
symbol engine: initialized successfully - sym options: 0x614 - pdb path: .;C:\Users\hp\java\jdk-17.0.14+7\bin;C:\WINDOWS\SYSTEM32;C:\Program Files\Avast Software\Avast;C:\WINDOWS\WinSxS\amd64_microsoft.windows.common-controls_6595b64144ccf1df_6.0.19041.5915_none_60b4b9d171f9c7c7;C:\Users\hp\java\jdk-17.0.14+7\bin\server;C:\Users\hp\.gradle\native\c067742578af261105cb4f569cf0c3c89f3d7b1fecec35dd04571415982c5e48\windows-amd64;C:\Users\hp\.gradle\native\100fb08df4bc3b14c8652ba06237920a3bd2aa13389f12d3474272988ae205f9\windows-amd64;C:\Program Files\Bonjour

VM Arguments:
jvm_args: -XX:MaxMetaspaceSize=4G -XX:ReservedCodeCacheSize=512m -XX:+HeapDumpOnOutOfMemoryError --add-opens=java.base/java.util=ALL-UNNAMED --add-opens=java.base/java.lang=ALL-UNNAMED --add-opens=java.base/java.lang.invoke=ALL-UNNAMED --add-opens=java.prefs/java.util.prefs=ALL-UNNAMED --add-exports=jdk.compiler/com.sun.tools.javac.api=ALL-UNNAMED --add-exports=jdk.compiler/com.sun.tools.javac.util=ALL-UNNAMED --add-opens=java.base/java.nio.charset=ALL-UNNAMED --add-opens=java.base/java.net=ALL-UNNAMED --add-opens=java.base/java.util.concurrent.atomic=ALL-UNNAMED -Xmx8G -Dfile.encoding=utf8 -Duser.country=FR -Duser.language=fr -Duser.variant -javaagent:C:\Users\hp\.gradle\wrapper\dists\gradle-8.10.2-all\7iv73wktx1xtkvlq19urqw1wm\gradle-8.10.2\lib\agents\gradle-instrumentation-agent-8.10.2.jar 
java_command: org.gradle.launcher.daemon.bootstrap.GradleDaemon 8.10.2
java_class_path (initial): C:\Users\hp\.gradle\wrapper\dists\gradle-8.10.2-all\7iv73wktx1xtkvlq19urqw1wm\gradle-8.10.2\lib\gradle-daemon-main-8.10.2.jar
Launcher Type: SUN_STANDARD

[Global flags]
     intx CICompilerCount                          = 3                                         {product} {ergonomic}
     uint ConcGCThreads                            = 1                                         {product} {ergonomic}
     uint G1ConcRefinementThreads                  = 4                                         {product} {ergonomic}
   size_t G1HeapRegionSize                         = 4194304                                   {product} {ergonomic}
    uintx GCDrainStackTargetSize                   = 64                                        {product} {ergonomic}
     bool HeapDumpOnOutOfMemoryError               = true                                   {manageable} {command line}
   size_t InitialHeapSize                          = 134217728                                 {product} {ergonomic}
   size_t MarkStackSize                            = 4194304                                   {product} {ergonomic}
   size_t MaxHeapSize                              = 8589934592                                {product} {command line}
   size_t MaxMetaspaceSize                         = 4294967296                                {product} {command line}
   size_t MaxNewSize                               = 5150605312                                {product} {ergonomic}
   size_t MinHeapDeltaBytes                        = 4194304                                   {product} {ergonomic}
   size_t MinHeapSize                              = 8388608                                   {product} {ergonomic}
    uintx NonNMethodCodeHeapSize                   = 5832780                                {pd product} {ergonomic}
    uintx NonProfiledCodeHeapSize                  = 265519066                              {pd product} {ergonomic}
    uintx ProfiledCodeHeapSize                     = 265519066                              {pd product} {ergonomic}
    uintx ReservedCodeCacheSize                    = 536870912                              {pd product} {command line}
     bool SegmentedCodeCache                       = true                                      {product} {ergonomic}
   size_t SoftMaxHeapSize                          = 8589934592                             {manageable} {ergonomic}
   double SweeperThreshold                         = 0.234375                                  {product} {ergonomic}
     bool UseCompressedClassPointers               = true                           {product lp64_product} {ergonomic}
     bool UseCompressedOops                        = true                           {product lp64_product} {ergonomic}
     bool UseG1GC                                  = true                                      {product} {ergonomic}
     bool UseLargePagesIndividualAllocation        = false                                  {pd product} {ergonomic}

Logging:
Log output configuration:
 #0: stdout all=warning uptime,level,tags
 #1: stderr all=off uptime,level,tags

Environment Variables:
PATH=C:\Program Files\Python313\Scripts\;C:\Program Files\Python313\;C:\Python312\Scripts\;C:\Python312\;C:\WINDOWS\system32;C:\WINDOWS;C:\WINDOWS\System32\Wbem;C:\WINDOWS\System32\WindowsPowerShell\v1.0\;C:\WINDOWS\System32\OpenSSH\;C:\Program Files (x86)\NVIDIA Corporation\PhysX\Common;C:\mongosh\bin;C:\Program Files\MongoDB\Server\7.0\bin;C:\ProgramData\chocolatey\bin;C:\Program Files\PuTTY\;C:\Users\hp\AppData\Roaming\nvm;C:\Program Files\nodejs;C:\Program Files\Git\cmd;C:\Program Files\NVIDIA Corporation\NVIDIA app\NvDLISR;C:\Users\hp\AppData\Local\Programs\Python\Python310\Scripts\;C:\Users\hp\AppData\Local\Programs\Python\Python310\;C:\Users\hp\AppData\Local\Microsoft\WindowsApps;C:\Users\hp\AppData\Local\Programs\Microsoft VS Code\bin;C:\dart;C:\src\flutter\bin;C:\Users\hp\AppData\Roaming\npm;C:\Program Files\MySQL\MySQL;C:\Android\platform-tools;%JAVA_HOME%\bin;C:\Program Files\nodejs\;C:\Program Files\MySQL\MySQL Server 8.0\bin;C:\Users\hp\java\jdk-17.0.14+7\bin;C:\msys64\mingw64\bin;C:\msys64\ucrt64\bin;C:\Users\hp\AppData\Local\Android\Sdk\build-tools\35.0.0-rc4\apksigner.exe;C:\Program Files (x86)\GTK2-Runtime\bin;C:\Program Files\Python313\Scripts\;C:\Program Files\Python313\;C:\Python312\Scripts\;C:\Python312\;C:\WINDOWS\system32;C:\WINDOWS;C:\WINDOWS\System32\Wbem;C:\WINDOWS\System32\WindowsPowerShell\v1.0\;C:\WINDOWS\System32\OpenSSH\;C:\Program Files (x86)\NVIDIA Corporation\PhysX\Common;C:\Program Files\ACE Studio;C:\mongosh\bin;C:\Program Files\MongoDB\Server\7.0\bin;C:\ProgramData\chocolatey\bin;C:\Program Files\PuTTY\;C:\Users\hp\AppData\Roaming\nvm;C:\Program Files\nodejs;C:\Program Files\Git\cmd;C:\Program Files\NVIDIA Corporation\NVIDIA app\NvDLISR;C:\Users\hp\AppData\Local\Programs\Python\Python310\Scripts\;C:\Users\hp\AppData\Local\Programs\Python\Python310\;C:\Users\hp\AppData\Local\Microsoft\WindowsApps;C:\Users\hp\AppData\Local\Programs\Microsoft VS Code\bin;C:\dart;C:\src\flutter\bin;C:\Users\hp\AppData\Roaming\npm;C:\Program Files\MySQL\MySQL;C:\Android\platform-tools;%JAVA_HOME%\bin;C:\Program Files\nodejs\;C:\Program Files\MySQL\MySQL Server 8.0\bin;C:\Users\hp\java\jdk-17.0.14+7\bin;C:\msys64\ming
USERNAME=hp
OS=Windows_NT
PROCESSOR_IDENTIFIER=Intel64 Family 6 Model 69 Stepping 1, GenuineIntel
TMP=C:\WINDOWS\TEMP
TEMP=C:\WINDOWS\TEMP



Periodic native trim disabled


---------------  S Y S T E M  ---------------

OS:
 Windows 10 , 64 bit Build 19041 (10.0.19041.5915)
OS uptime: 0 days 2:12 hours

CPU: total 4 (initial active 4) (2 cores per cpu, 2 threads per core) family 6 model 69 stepping 1 microcode 0x25, cx8, cmov, fxsr, ht, mmx, sse, sse2, sse3, ssse3, sse4.1, sse4.2, popcnt, lzcnt, tsc, tscinvbit, avx, avx2, aes, erms, clmul, bmi1, bmi2, fma, vzeroupper, clflush
Processor Information for all 4 processors :
  Max Mhz: 2601, Current Mhz: 2000, Mhz Limit: 1976

Memory: 4k page, system-wide physical 8122M (512M free)
TotalPageFile size 8122M (AvailPageFile size 372M)
current process WorkingSet (physical memory assigned to process): 1073M, peak: 1083M
current process commit charge ("private bytes"): 1106M, peak: 1710M

vm_info: OpenJDK 64-Bit Server VM (17.0.14+7) for windows-amd64 JRE (17.0.14+7), built on Jan 21 2025 23:40:15 by "admin" with MS VC++ 17.7 (VS2022)

END.
