#
# There is insufficient memory for the Java Runtime Environment to continue.
# Native memory allocation (malloc) failed to allocate 236496 bytes. Error detail: Chunk::new
# Possible reasons:
#   The system is out of physical RAM or swap space
#   This process is running with CompressedOops enabled, and the Java Heap may be blocking the growth of the native heap
# Possible solutions:
#   Reduce memory load on the system
#   Increase physical memory or swap space
#   Check if swap backing store is full
#   Decrease Java heap size (-Xmx/-Xms)
#   Decrease number of Java threads
#   Decrease Java thread stack sizes (-Xss)
#   Set larger code cache with -XX:ReservedCodeCacheSize=
#   JVM is running with Unscaled Compressed Oops mode in which the Java heap is
#     placed in the first 4GB address space. The Java Heap base address is the
#     maximum limit for the native heap growth. Please use -XX:HeapBaseMinAddress
#     to set the Java Heap base and to place the Java Heap above 4GB virtual address.
# This output file may be truncated or incomplete.
#
#  Out of Memory Error (arena.cpp:168), pid=12160, tid=9528
#
# JRE version: OpenJDK Runtime Environment Temurin-21.0.7+6 (21.0.7+6) (build 21.0.7+6-LTS)
# Java VM: OpenJDK 64-Bit Server VM Temurin-21.0.7+6 (21.0.7+6-LTS, mixed mode, sharing, tiered, compressed oops, compressed class ptrs, parallel gc, windows-amd64)
# No core dump will be written. Minidumps are not enabled by default on client versions of Windows
#

---------------  S U M M A R Y ------------

Command Line: --add-modules=ALL-SYSTEM --add-opens=java.base/java.util=ALL-UNNAMED --add-opens=java.base/java.lang=ALL-UNNAMED --add-opens=java.base/sun.nio.fs=ALL-UNNAMED -Declipse.application=org.eclipse.jdt.ls.core.id1 -Dosgi.bundles.defaultStartLevel=4 -Declipse.product=org.eclipse.jdt.ls.core.product -Djava.import.generatesMetadataFilesAtProjectRoot=false -DDetectVMInstallationsJob.disabled=true -Dfile.encoding=utf8 -XX:+UseParallelGC -XX:GCTimeRatio=4 -XX:AdaptiveSizePolicyWeight=90 -Dsun.zip.disableMemoryMapping=true -Xmx2G -Xms100m -Xlog:disable -javaagent:c:\Users\hp\.vscode\extensions\redhat.java-1.43.1-win32-x64\lombok\lombok-1.18.39-4050.jar -XX:+HeapDumpOnOutOfMemoryError -XX:HeapDumpPath=c:\Users\hp\AppData\Roaming\Code\User\workspaceStorage\2aa29edd15c5f090c369f62f5a021994\redhat.java -Daether.dependencyCollector.impl=bf c:\Users\hp\.vscode\extensions\redhat.java-1.43.1-win32-x64\server\plugins\org.eclipse.equinox.launcher_1.7.0.v20250519-0528.jar -configuration c:\Users\hp\AppData\Roaming\Code\User\globalStorage\redhat.java\1.43.1\config_win -data c:\Users\hp\AppData\Roaming\Code\User\workspaceStorage\2aa29edd15c5f090c369f62f5a021994\redhat.java\jdt_ws --pipe=\\.\pipe\lsp-762fc2e5bf1171e82a4aa5b3f40ca93a-sock

Host: Intel(R) Core(TM) i7-4510U CPU @ 2.00GHz, 4 cores, 7G,  Windows 10 , 64 bit Build 19041 (10.0.19041.5915)
Time: Mon Jul 21 13:52:17 2025 Maroc (heure d64 bit Build 19041 (10.0.19041.5915) elapsed time: 14.241728 seconds (0d 0h 0m 14s)

---------------  T H R E A D  ---------------

Current thread (0x00000207f9a00da0):  JavaThread "C2 CompilerThread0" daemon [_thread_in_native, id=9528, stack(0x000000cb32b00000,0x000000cb32c00000) (1024K)]


Current CompileTask:
C2:14241 2183       4       java.util.Properties$LineReader::readLine (584 bytes)

Stack: [0x000000cb32b00000,0x000000cb32c00000]
Native frames: (J=compiled Java code, j=interpreted, Vv=VM code, C=native code)
V  [jvm.dll+0x6ce119]
V  [jvm.dll+0x8a84a1]
V  [jvm.dll+0x8aa9ce]
V  [jvm.dll+0x8ab0b3]
V  [jvm.dll+0x27f8a6]
V  [jvm.dll+0xc507d]
V  [jvm.dll+0xc55b3]
V  [jvm.dll+0x3b68f2]
V  [jvm.dll+0x382aa5]
V  [jvm.dll+0x381f0a]
V  [jvm.dll+0x247af0]
V  [jvm.dll+0x2470cf]
V  [jvm.dll+0x1c760e]
V  [jvm.dll+0x25695a]
V  [jvm.dll+0x254efa]
V  [jvm.dll+0x3f03f6]
V  [jvm.dll+0x851f6b]
V  [jvm.dll+0x6cc7dd]
C  [ucrtbase.dll+0x21bb2]
C  [KERNEL32.DLL+0x17374]
C  [ntdll.dll+0x4cc91]


---------------  P R O C E S S  ---------------

Threads class SMR info:
_java_thread_list=0x00000207ff5dc110, length=15, elements={
0x00000207e0d555b0, 0x00000207f99e3750, 0x00000207f99e5050, 0x00000207f99e8be0,
0x00000207f99ea4e0, 0x00000207f99edcf0, 0x00000207f99ef7f0, 0x00000207f9a00da0,
0x00000207f9a074a0, 0x00000207f9aae880, 0x00000207fa8ede20, 0x00000207ff7a2b80,
0x00000207ff69bcb0, 0x00000207ff790560, 0x00000207ff76d970
}

Java Threads: ( => current thread )
  0x00000207e0d555b0 JavaThread "main"                              [_thread_blocked, id=11236, stack(0x000000cb32000000,0x000000cb32100000) (1024K)]
  0x00000207f99e3750 JavaThread "Reference Handler"          daemon [_thread_blocked, id=10016, stack(0x000000cb32500000,0x000000cb32600000) (1024K)]
  0x00000207f99e5050 JavaThread "Finalizer"                  daemon [_thread_blocked, id=13080, stack(0x000000cb32600000,0x000000cb32700000) (1024K)]
  0x00000207f99e8be0 JavaThread "Signal Dispatcher"          daemon [_thread_blocked, id=11696, stack(0x000000cb32700000,0x000000cb32800000) (1024K)]
  0x00000207f99ea4e0 JavaThread "Attach Listener"            daemon [_thread_blocked, id=3264, stack(0x000000cb32800000,0x000000cb32900000) (1024K)]
  0x00000207f99edcf0 JavaThread "Service Thread"             daemon [_thread_blocked, id=8748, stack(0x000000cb32900000,0x000000cb32a00000) (1024K)]
  0x00000207f99ef7f0 JavaThread "Monitor Deflation Thread"   daemon [_thread_blocked, id=5760, stack(0x000000cb32a00000,0x000000cb32b00000) (1024K)]
=>0x00000207f9a00da0 JavaThread "C2 CompilerThread0"         daemon [_thread_in_native, id=9528, stack(0x000000cb32b00000,0x000000cb32c00000) (1024K)]
  0x00000207f9a074a0 JavaThread "C1 CompilerThread0"         daemon [_thread_blocked, id=7748, stack(0x000000cb32c00000,0x000000cb32d00000) (1024K)]
  0x00000207f9aae880 JavaThread "Common-Cleaner"             daemon [_thread_blocked, id=7908, stack(0x000000cb32d00000,0x000000cb32e00000) (1024K)]
  0x00000207fa8ede20 JavaThread "Notification Thread"        daemon [_thread_blocked, id=11424, stack(0x000000cb32e00000,0x000000cb32f00000) (1024K)]
  0x00000207ff7a2b80 JavaThread "Active Thread: Equinox Container: 4deb34f0-d535-4658-be84-b26f1edea3eb"        [_thread_blocked, id=12388, stack(0x000000cb32f00000,0x000000cb33000000) (1024K)]
  0x00000207ff69bcb0 JavaThread "Refresh Thread: Equinox Container: 4deb34f0-d535-4658-be84-b26f1edea3eb" daemon [_thread_blocked, id=6976, stack(0x000000cb33400000,0x000000cb33500000) (1024K)]
  0x00000207ff790560 JavaThread "Framework Event Dispatcher: Equinox Container: 4deb34f0-d535-4658-be84-b26f1edea3eb" daemon [_thread_blocked, id=11296, stack(0x000000cb33500000,0x000000cb33600000) (1024K)]
  0x00000207ff76d970 JavaThread "Start Level: Equinox Container: 4deb34f0-d535-4658-be84-b26f1edea3eb" daemon [_thread_in_native, id=6160, stack(0x000000cb33600000,0x000000cb33700000) (1024K)]
Total: 15

Other Threads:
  0x00000207e30c8680 VMThread "VM Thread"                           [id=11088, stack(0x000000cb32300000,0x000000cb32400000) (1024K)]
  0x00000207e3073bf0 WatcherThread "VM Periodic Task Thread"        [id=9100, stack(0x000000cb32200000,0x000000cb32300000) (1024K)]
  0x00000207e3026100 WorkerThread "GC Thread#0"                     [id=8408, stack(0x000000cb32100000,0x000000cb32200000) (1024K)]
  0x00000207ff15e080 WorkerThread "GC Thread#1"                     [id=5256, stack(0x000000cb33000000,0x000000cb33100000) (1024K)]
  0x00000207ff2d1030 WorkerThread "GC Thread#2"                     [id=11312, stack(0x000000cb33100000,0x000000cb33200000) (1024K)]
  0x00000207ff2d13d0 WorkerThread "GC Thread#3"                     [id=6860, stack(0x000000cb33200000,0x000000cb33300000) (1024K)]
Total: 6

Threads with active compile tasks:
C2 CompilerThread0  14532 2183       4       java.util.Properties$LineReader::readLine (584 bytes)
Total: 1

VM state: not at safepoint (normal execution)

VM Mutex/Monitor currently owned by a thread: None

Heap address: 0x0000000080000000, size: 2048 MB, Compressed Oops mode: 32-bit

CDS archive(s) mapped at: [0x0000020780000000-0x0000020780ba0000-0x0000020780ba0000), size 12189696, SharedBaseAddress: 0x0000020780000000, ArchiveRelocationMode: 1.
Compressed class space mapped at: 0x0000020781000000-0x00000207c1000000, reserved size: 1073741824
Narrow klass base: 0x0000020780000000, Narrow klass shift: 0, Narrow klass range: 0x100000000

GC Precious Log:
 CardTable entry size: 512
 CPUs: 4 total, 4 available
 Memory: 8122M
 Large Page Support: Disabled
 NUMA Support: Disabled
 Compressed Oops: Enabled (32-bit)
 Alignments: Space 512K, Generation 512K, Heap 2M
 Heap Min Capacity: 100M
 Heap Initial Capacity: 100M
 Heap Max Capacity: 2G
 Pre-touch: Disabled
 Parallel Workers: 4

Heap:
 PSYoungGen      total 29696K, used 5439K [0x00000000d5580000, 0x00000000d7680000, 0x0000000100000000)
  eden space 25600K, 5% used [0x00000000d5580000,0x00000000d56d2900,0x00000000d6e80000)
  from space 4096K, 99% used [0x00000000d6e80000,0x00000000d727d620,0x00000000d7280000)
  to   space 4096K, 0% used [0x00000000d7280000,0x00000000d7280000,0x00000000d7680000)
 ParOldGen       total 68608K, used 5054K [0x0000000080000000, 0x0000000084300000, 0x00000000d5580000)
  object space 68608K, 7% used [0x0000000080000000,0x00000000804efb68,0x0000000084300000)
 Metaspace       used 9320K, committed 9728K, reserved 1114112K
  class space    used 968K, committed 1152K, reserved 1048576K

Card table byte_map: [0x00000207e29e0000,0x00000207e2df0000] _byte_map_base: 0x00000207e25e0000

Marking Bits: (ParMarkBitMap*) 0x00007ffdf6c831f0
 Begin Bits: [0x00000207f54b0000, 0x00000207f74b0000)
 End Bits:   [0x00000207f74b0000, 0x00000207f94b0000)

Polling page: 0x00000207e27d0000

Metaspace:

Usage:
  Non-class:      8.16 MB used.
      Class:    968.17 KB used.
       Both:      9.10 MB used.

Virtual space:
  Non-class space:       64.00 MB reserved,       8.38 MB ( 13%) committed,  1 nodes.
      Class space:        1.00 GB reserved,       1.12 MB ( <1%) committed,  1 nodes.
             Both:        1.06 GB reserved,       9.50 MB ( <1%) committed. 

Chunk freelists:
   Non-Class:  6.86 MB
       Class:  14.79 MB
        Both:  21.65 MB

MaxMetaspaceSize: unlimited
CompressedClassSpaceSize: 1.00 GB
Initial GC threshold: 21.00 MB
Current GC threshold: 21.00 MB
CDS: on
 - commit_granule_bytes: 65536.
 - commit_granule_words: 8192.
 - virtual_space_node_default_size: 8388608.
 - enlarge_chunks_in_place: 1.
 - use_allocation_guard: 0.


Internal statistics:

num_allocs_failed_limit: 0.
num_arena_births: 256.
num_arena_deaths: 0.
num_vsnodes_births: 2.
num_vsnodes_deaths: 0.
num_space_committed: 152.
num_space_uncommitted: 0.
num_chunks_returned_to_freelist: 0.
num_chunks_taken_from_freelist: 497.
num_chunk_merges: 0.
num_chunk_splits: 316.
num_chunks_enlarged: 213.
num_inconsistent_stats: 0.

CodeHeap 'non-profiled nmethods': size=120000Kb used=985Kb max_used=985Kb free=119014Kb
 bounds [0x00000207edcd0000, 0x00000207edf40000, 0x00000207f5200000]
CodeHeap 'profiled nmethods': size=120000Kb used=3892Kb max_used=3892Kb free=116107Kb
 bounds [0x00000207e6200000, 0x00000207e65d0000, 0x00000207ed730000]
CodeHeap 'non-nmethods': size=5760Kb used=1228Kb max_used=1257Kb free=4532Kb
 bounds [0x00000207ed730000, 0x00000207ed9a0000, 0x00000207edcd0000]
 total_blobs=2677 nmethods=2184 adapters=399
 compilation: enabled
              stopped_count=0, restarted_count=0
 full_count=0

Compilation events (20 events):
Event: 13.797 Thread 0x00000207f9a074a0 nmethod 2173 0x00000207e65c6c90 code [0x00000207e65c6e40, 0x00000207e65c6ff0]
Event: 13.801 Thread 0x00000207f9a074a0 2175       3       java.nio.ByteBuffer::array (35 bytes)
Event: 13.802 Thread 0x00000207f9a074a0 nmethod 2175 0x00000207e65c7110 code [0x00000207e65c72e0, 0x00000207e65c7598]
Event: 14.053 Thread 0x00000207f9a074a0 2176   !   3       java.lang.ref.NativeReferenceQueue::enqueue (20 bytes)
Event: 14.054 Thread 0x00000207f9a074a0 nmethod 2176 0x00000207e65c7690 code [0x00000207e65c7840, 0x00000207e65c7a70]
Event: 14.054 Thread 0x00000207f9a074a0 2178       3       java.lang.ref.NativeReferenceQueue::signal (8 bytes)
Event: 14.054 Thread 0x00000207f9a074a0 nmethod 2178 0x00000207e65c7b90 code [0x00000207e65c7d40, 0x00000207e65c7e80]
Event: 14.059 Thread 0x00000207f9a00da0 2179       4       java.lang.String::endsWith (15 bytes)
Event: 14.060 Thread 0x00000207f9a074a0 2180       3       java.nio.Buffer::mark (10 bytes)
Event: 14.060 Thread 0x00000207f9a074a0 nmethod 2180 0x00000207e65c7f90 code [0x00000207e65c8120, 0x00000207e65c8238]
Event: 14.060 Thread 0x00000207f9a074a0 2181   !   3       java.util.concurrent.ConcurrentHashMap::transfer (849 bytes)
Event: 14.063 Thread 0x00000207f9a074a0 nmethod 2181 0x00000207e65c8310 code [0x00000207e65c8740, 0x00000207e65ca948]
Event: 14.063 Thread 0x00000207f9a074a0 2182       1       java.nio.Buffer::capacity (5 bytes)
Event: 14.063 Thread 0x00000207f9a074a0 nmethod 2182 0x00000207eddc5b90 code [0x00000207eddc5d20, 0x00000207eddc5de8]
Event: 14.064 Thread 0x00000207f9a00da0 nmethod 2179 0x00000207eddc5e90 code [0x00000207eddc6040, 0x00000207eddc62e8]
Event: 14.227 Thread 0x00000207f9a00da0 2183       4       java.util.Properties$LineReader::readLine (584 bytes)
Event: 14.227 Thread 0x00000207f9a074a0 2184       3       java.nio.HeapByteBuffer::ix (7 bytes)
Event: 14.227 Thread 0x00000207f9a074a0 nmethod 2184 0x00000207e65cc010 code [0x00000207e65cc1a0, 0x00000207e65cc2b0]
Event: 14.227 Thread 0x00000207f9a074a0 2185       3       java.lang.ThreadLocal::getCarrierThreadLocal (29 bytes)
Event: 14.228 Thread 0x00000207f9a074a0 nmethod 2185 0x00000207e65cc310 code [0x00000207e65cc4c0, 0x00000207e65cc628]

GC Heap History (6 events):
Event: 2.066 GC heap before
{Heap before GC invocations=1 (full 0):
 PSYoungGen      total 29696K, used 25600K [0x00000000d5580000, 0x00000000d7680000, 0x0000000100000000)
  eden space 25600K, 100% used [0x00000000d5580000,0x00000000d6e80000,0x00000000d6e80000)
  from space 4096K, 0% used [0x00000000d7280000,0x00000000d7280000,0x00000000d7680000)
  to   space 4096K, 0% used [0x00000000d6e80000,0x00000000d6e80000,0x00000000d7280000)
 ParOldGen       total 68608K, used 0K [0x0000000080000000, 0x0000000084300000, 0x00000000d5580000)
  object space 68608K, 0% used [0x0000000080000000,0x0000000080000000,0x0000000084300000)
 Metaspace       used 4325K, committed 4608K, reserved 1114112K
  class space    used 460K, committed 576K, reserved 1048576K
}
Event: 2.111 GC heap after
{Heap after GC invocations=1 (full 0):
 PSYoungGen      total 29696K, used 3335K [0x00000000d5580000, 0x00000000d7680000, 0x0000000100000000)
  eden space 25600K, 0% used [0x00000000d5580000,0x00000000d5580000,0x00000000d6e80000)
  from space 4096K, 81% used [0x00000000d6e80000,0x00000000d71c1c68,0x00000000d7280000)
  to   space 4096K, 0% used [0x00000000d7280000,0x00000000d7280000,0x00000000d7680000)
 ParOldGen       total 68608K, used 0K [0x0000000080000000, 0x0000000084300000, 0x00000000d5580000)
  object space 68608K, 0% used [0x0000000080000000,0x0000000080000000,0x0000000084300000)
 Metaspace       used 4325K, committed 4608K, reserved 1114112K
  class space    used 460K, committed 576K, reserved 1048576K
}
Event: 4.253 GC heap before
{Heap before GC invocations=2 (full 0):
 PSYoungGen      total 29696K, used 28935K [0x00000000d5580000, 0x00000000d7680000, 0x0000000100000000)
  eden space 25600K, 100% used [0x00000000d5580000,0x00000000d6e80000,0x00000000d6e80000)
  from space 4096K, 81% used [0x00000000d6e80000,0x00000000d71c1c68,0x00000000d7280000)
  to   space 4096K, 0% used [0x00000000d7280000,0x00000000d7280000,0x00000000d7680000)
 ParOldGen       total 68608K, used 0K [0x0000000080000000, 0x0000000084300000, 0x00000000d5580000)
  object space 68608K, 0% used [0x0000000080000000,0x0000000080000000,0x0000000084300000)
 Metaspace       used 7975K, committed 8320K, reserved 1114112K
  class space    used 808K, committed 960K, reserved 1048576K
}
Event: 4.261 GC heap after
{Heap after GC invocations=2 (full 0):
 PSYoungGen      total 29696K, used 4069K [0x00000000d5580000, 0x00000000d7680000, 0x0000000100000000)
  eden space 25600K, 0% used [0x00000000d5580000,0x00000000d5580000,0x00000000d6e80000)
  from space 4096K, 99% used [0x00000000d7280000,0x00000000d76795d0,0x00000000d7680000)
  to   space 4096K, 0% used [0x00000000d6e80000,0x00000000d6e80000,0x00000000d7280000)
 ParOldGen       total 68608K, used 1697K [0x0000000080000000, 0x0000000084300000, 0x00000000d5580000)
  object space 68608K, 2% used [0x0000000080000000,0x00000000801a86a8,0x0000000084300000)
 Metaspace       used 7975K, committed 8320K, reserved 1114112K
  class space    used 808K, committed 960K, reserved 1048576K
}
Event: 14.046 GC heap before
{Heap before GC invocations=3 (full 0):
 PSYoungGen      total 29696K, used 29669K [0x00000000d5580000, 0x00000000d7680000, 0x0000000100000000)
  eden space 25600K, 100% used [0x00000000d5580000,0x00000000d6e80000,0x00000000d6e80000)
  from space 4096K, 99% used [0x00000000d7280000,0x00000000d76795d0,0x00000000d7680000)
  to   space 4096K, 0% used [0x00000000d6e80000,0x00000000d6e80000,0x00000000d7280000)
 ParOldGen       total 68608K, used 1697K [0x0000000080000000, 0x0000000084300000, 0x00000000d5580000)
  object space 68608K, 2% used [0x0000000080000000,0x00000000801a86a8,0x0000000084300000)
 Metaspace       used 9317K, committed 9728K, reserved 1114112K
  class space    used 968K, committed 1152K, reserved 1048576K
}
Event: 14.053 GC heap after
{Heap after GC invocations=3 (full 0):
 PSYoungGen      total 29696K, used 4085K [0x00000000d5580000, 0x00000000d7680000, 0x0000000100000000)
  eden space 25600K, 0% used [0x00000000d5580000,0x00000000d5580000,0x00000000d6e80000)
  from space 4096K, 99% used [0x00000000d6e80000,0x00000000d727d620,0x00000000d7280000)
  to   space 4096K, 0% used [0x00000000d7280000,0x00000000d7280000,0x00000000d7680000)
 ParOldGen       total 68608K, used 5054K [0x0000000080000000, 0x0000000084300000, 0x00000000d5580000)
  object space 68608K, 7% used [0x0000000080000000,0x00000000804efb68,0x0000000084300000)
 Metaspace       used 9317K, committed 9728K, reserved 1114112K
  class space    used 968K, committed 1152K, reserved 1048576K
}

Dll operation events (9 events):
Event: 0.153 Loaded shared library c:\Users\hp\.vscode\extensions\redhat.java-1.43.1-win32-x64\jre\21.0.7-win32-x86_64\bin\java.dll
Event: 0.208 Loaded shared library c:\Users\hp\.vscode\extensions\redhat.java-1.43.1-win32-x64\jre\21.0.7-win32-x86_64\bin\zip.dll
Event: 0.367 Loaded shared library C:\Users\hp\.vscode\extensions\redhat.java-1.43.1-win32-x64\jre\21.0.7-win32-x86_64\bin\instrument.dll
Event: 0.384 Loaded shared library C:\Users\hp\.vscode\extensions\redhat.java-1.43.1-win32-x64\jre\21.0.7-win32-x86_64\bin\net.dll
Event: 0.389 Loaded shared library C:\Users\hp\.vscode\extensions\redhat.java-1.43.1-win32-x64\jre\21.0.7-win32-x86_64\bin\nio.dll
Event: 0.397 Loaded shared library C:\Users\hp\.vscode\extensions\redhat.java-1.43.1-win32-x64\jre\21.0.7-win32-x86_64\bin\zip.dll
Event: 0.435 Loaded shared library C:\Users\hp\.vscode\extensions\redhat.java-1.43.1-win32-x64\jre\21.0.7-win32-x86_64\bin\jimage.dll
Event: 0.660 Loaded shared library c:\Users\hp\.vscode\extensions\redhat.java-1.43.1-win32-x64\jre\21.0.7-win32-x86_64\bin\verify.dll
Event: 4.454 Loaded shared library C:\Users\hp\AppData\Roaming\Code\User\globalStorage\redhat.java\1.43.1\config_win\org.eclipse.equinox.launcher\org.eclipse.equinox.launcher.win32.win32.x86_64_1.2.1300.v20250331-1702\eclipse_11911.dll

Deoptimization events (20 events):
Event: 9.978 Thread 0x00000207ff76d970 DEOPT PACKING pc=0x00000207edd9c364 sp=0x000000cb336fdc90
Event: 9.978 Thread 0x00000207ff76d970 DEOPT UNPACKING pc=0x00000207ed783aa2 sp=0x000000cb336fdc48 mode 2
Event: 9.978 Thread 0x00000207ff76d970 Uncommon trap: trap_request=0xffffffde fr.pc=0x00000207edd9c364 relative=0x0000000000000304
Event: 9.978 Thread 0x00000207ff76d970 Uncommon trap: reason=class_check action=maybe_recompile pc=0x00000207edd9c364 method=java.util.regex.Pattern$BmpCharPropertyGreedy.match(Ljava/util/regex/Matcher;ILjava/lang/CharSequence;)Z @ 26 c2
Event: 9.978 Thread 0x00000207ff76d970 DEOPT PACKING pc=0x00000207edd9c364 sp=0x000000cb336fdb90
Event: 9.978 Thread 0x00000207ff76d970 DEOPT UNPACKING pc=0x00000207ed783aa2 sp=0x000000cb336fdb28 mode 2
Event: 9.978 Thread 0x00000207ff76d970 Uncommon trap: trap_request=0xffffffde fr.pc=0x00000207edd9c364 relative=0x0000000000000304
Event: 9.978 Thread 0x00000207ff76d970 Uncommon trap: reason=class_check action=maybe_recompile pc=0x00000207edd9c364 method=java.util.regex.Pattern$BmpCharPropertyGreedy.match(Ljava/util/regex/Matcher;ILjava/lang/CharSequence;)Z @ 26 c2
Event: 9.978 Thread 0x00000207ff76d970 DEOPT PACKING pc=0x00000207edd9c364 sp=0x000000cb336fdc90
Event: 9.978 Thread 0x00000207ff76d970 DEOPT UNPACKING pc=0x00000207ed783aa2 sp=0x000000cb336fdc48 mode 2
Event: 9.978 Thread 0x00000207ff76d970 Uncommon trap: trap_request=0xffffffde fr.pc=0x00000207edd9c364 relative=0x0000000000000304
Event: 9.978 Thread 0x00000207ff76d970 Uncommon trap: reason=class_check action=maybe_recompile pc=0x00000207edd9c364 method=java.util.regex.Pattern$BmpCharPropertyGreedy.match(Ljava/util/regex/Matcher;ILjava/lang/CharSequence;)Z @ 26 c2
Event: 9.978 Thread 0x00000207ff76d970 DEOPT PACKING pc=0x00000207edd9c364 sp=0x000000cb336fdb90
Event: 9.978 Thread 0x00000207ff76d970 DEOPT UNPACKING pc=0x00000207ed783aa2 sp=0x000000cb336fdb28 mode 2
Event: 14.059 Thread 0x00000207ff76d970 Uncommon trap: trap_request=0xffffff45 fr.pc=0x00000207eddabedc relative=0x00000000000005fc
Event: 14.059 Thread 0x00000207ff76d970 Uncommon trap: reason=unstable_if action=reinterpret pc=0x00000207eddabedc method=java.util.jar.Manifest$FastInputStream.readLine([BII)I @ 130 c2
Event: 14.059 Thread 0x00000207ff76d970 DEOPT PACKING pc=0x00000207eddabedc sp=0x000000cb336fd970
Event: 14.059 Thread 0x00000207ff76d970 DEOPT UNPACKING pc=0x00000207ed783aa2 sp=0x000000cb336fd8a8 mode 2
Event: 14.227 Thread 0x00000207ff76d970 DEOPT PACKING pc=0x00000207e6318626 sp=0x000000cb336fe190
Event: 14.227 Thread 0x00000207ff76d970 DEOPT UNPACKING pc=0x00000207ed784242 sp=0x000000cb336fd688 mode 0

Classes loaded (20 events):
Event: 5.683 Loading class sun/util/logging/resources/logging_fr_FR
Event: 5.683 Loading class sun/util/logging/resources/logging_fr_FR done
Event: 5.684 Loading class sun/util/logging/resources/logging_fr_FR
Event: 5.684 Loading class sun/util/logging/resources/logging_fr_FR done
Event: 5.686 Loading class java/util/Formatter$DateTime
Event: 5.686 Loading class java/util/Formatter$DateTime done
Event: 5.686 Loading class java/util/Formatter$FixedString
Event: 5.686 Loading class java/util/Formatter$FixedString done
Event: 5.724 Loading class java/time/ZonedDateTime$1
Event: 5.724 Loading class java/time/ZonedDateTime$1 done
Event: 5.753 Loading class jdk/internal/module/ModulePatcher$PatchedModuleReader
Event: 5.753 Loading class jdk/internal/module/ModulePatcher$PatchedModuleReader done
Event: 5.761 Loading class sun/util/resources/LocaleData$CommonResourceBundleProvider
Event: 5.761 Loading class sun/util/resources/LocaleData$LocaleDataResourceBundleProvider
Event: 5.761 Loading class java/util/spi/ResourceBundleProvider
Event: 5.761 Loading class java/util/spi/ResourceBundleProvider done
Event: 5.761 Loading class sun/util/resources/LocaleData$LocaleDataResourceBundleProvider done
Event: 5.761 Loading class sun/util/resources/LocaleData$CommonResourceBundleProvider done
Event: 5.763 Loading class sun/util/resources/Bundles$2
Event: 5.763 Loading class sun/util/resources/Bundles$2 done

Classes unloaded (0 events):
No events

Classes redefined (0 events):
No events

Internal exceptions (20 events):
Event: 2.114 Thread 0x00000207e0d555b0 Exception <a 'java/lang/ClassNotFoundException'{0x00000000d558c5f8}: sun/net/www/protocol/c/Handler> (0x00000000d558c5f8) 
thrown [s\src\hotspot\share\classfile\systemDictionary.cpp, line 312]
Event: 2.132 Thread 0x00000207e0d555b0 Exception <a 'java/io/FileNotFoundException'{0x00000000d55b4c38}> (0x00000000d55b4c38) 
thrown [s\src\hotspot\share\prims\jni.cpp, line 520]
Event: 2.168 Thread 0x00000207e0d555b0 Implicit null exception at 0x00000207edd258c9 to 0x00000207edd26234
Event: 2.169 Thread 0x00000207e0d555b0 Implicit null exception at 0x00000207edd2cb1a to 0x00000207edd2cd28
Event: 2.170 Thread 0x00000207e0d555b0 Exception <a 'java/lang/NoSuchMethodError'{0x00000000d57a1608}: 'void java.lang.invoke.DirectMethodHandle$Holder.invokeStatic(java.lang.Object, java.lang.Object, java.lang.Object, java.lang.Object)'> (0x00000000d57a1608) 
thrown [s\src\hotspot\share\interpreter\linkResolver.cpp, line 773]
Event: 2.173 Thread 0x00000207e0d555b0 Implicit null exception at 0x00000207edd3061a to 0x00000207edd30828
Event: 2.174 Thread 0x00000207e0d555b0 Implicit null exception at 0x00000207edd2743d to 0x00000207edd274c1
Event: 2.551 Thread 0x00000207e0d555b0 Exception <a 'java/lang/NoSuchMethodError'{0x00000000d5a356d8}: 'void java.lang.invoke.DirectMethodHandle$Holder.invokeSpecial(java.lang.Object, java.lang.Object, java.lang.Object)'> (0x00000000d5a356d8) 
thrown [s\src\hotspot\share\interpreter\linkResolver.cpp, line 773]
Event: 3.095 Thread 0x00000207e0d555b0 Exception <a 'java/lang/NoSuchMethodError'{0x00000000d64339b0}: 'int java.lang.invoke.DirectMethodHandle$Holder.invokeVirtual(java.lang.Object, java.lang.Object)'> (0x00000000d64339b0) 
thrown [s\src\hotspot\share\interpreter\linkResolver.cpp, line 773]
Event: 3.792 Thread 0x00000207e0d555b0 Exception <a 'java/lang/NoSuchMethodError'{0x00000000d65b9e80}: 'int java.lang.invoke.DirectMethodHandle$Holder.invokeStaticInit(java.lang.Object, java.lang.Object, java.lang.Object, java.lang.Object)'> (0x00000000d65b9e80) 
thrown [s\src\hotspot\share\interpreter\linkResolver.cpp, line 773]
Event: 3.796 Thread 0x00000207e0d555b0 Exception <a 'java/lang/IncompatibleClassChangeError'{0x00000000d65c2308}: Found class java.lang.Object, but interface was expected> (0x00000000d65c2308) 
thrown [s\src\hotspot\share\interpreter\linkResolver.cpp, line 840]
Event: 3.797 Thread 0x00000207e0d555b0 Exception <a 'java/lang/NoSuchMethodError'{0x00000000d65c91f8}: 'void java.lang.invoke.DirectMethodHandle$Holder.invokeStaticInit(java.lang.Object, java.lang.Object)'> (0x00000000d65c91f8) 
thrown [s\src\hotspot\share\interpreter\linkResolver.cpp, line 773]
Event: 3.798 Thread 0x00000207e0d555b0 Exception <a 'java/lang/NoSuchMethodError'{0x00000000d65d2d10}: 'int java.lang.invoke.DirectMethodHandle$Holder.invokeStaticInit(java.lang.Object, java.lang.Object)'> (0x00000000d65d2d10) 
thrown [s\src\hotspot\share\interpreter\linkResolver.cpp, line 773]
Event: 3.878 Thread 0x00000207e0d555b0 Exception <a 'java/lang/NoSuchMethodError'{0x00000000d68309c0}: 'java.lang.Object java.lang.invoke.DirectMethodHandle$Holder.newInvokeSpecial(java.lang.Object, int, java.lang.Object)'> (0x00000000d68309c0) 
thrown [s\src\hotspot\share\interpreter\linkResolver.cpp, line 773]
Event: 3.971 Thread 0x00000207e0d555b0 Exception <a 'java/lang/ClassNotFoundException'{0x00000000d6a3fd70}: sun/net/www/protocol/plurl/Handler> (0x00000000d6a3fd70) 
thrown [s\src\hotspot\share\classfile\systemDictionary.cpp, line 312]
Event: 4.271 Thread 0x00000207e0d555b0 Exception <a 'java/lang/UnsatisfiedLinkError'{0x00000000d55f60d0}: 'void org.eclipse.equinox.launcher.JNIBridge._update_splash()'> (0x00000000d55f60d0) 
thrown [s\src\hotspot\share\prims\nativeLookup.cpp, line 415]
Event: 5.431 Thread 0x00000207ff76d970 Exception <a 'java/lang/NoSuchMethodError'{0x00000000d5bbdfb0}: 'java.lang.Object java.lang.invoke.DirectMethodHandle$Holder.newInvokeSpecial(java.lang.Object, java.lang.Object, int, java.lang.Object)'> (0x00000000d5bbdfb0) 
thrown [s\src\hotspot\share\interpreter\linkResolver.cpp, line 773]
Event: 5.432 Thread 0x00000207ff76d970 Exception <a 'java/lang/NoSuchMethodError'{0x00000000d5bc1e20}: 'java.lang.Object java.lang.invoke.DirectMethodHandle$Holder.invokeSpecial(java.lang.Object, java.lang.Object, java.lang.Object, int, java.lang.Object)'> (0x00000000d5bc1e20) 
thrown [s\src\hotspot\share\interpreter\linkResolver.cpp, line 773]
Event: 5.485 Thread 0x00000207ff76d970 Exception <a 'java/lang/NoClassDefFoundError'{0x00000000d5c61ed8}: jakarta/servlet/ServletContainerInitializer> (0x00000000d5c61ed8) 
thrown [s\src\hotspot\share\classfile\systemDictionary.cpp, line 301]
Event: 5.680 Thread 0x00000207ff76d970 Exception <a 'java/lang/ClassNotFoundException'{0x00000000d5dd0b40}: sun/util/logging/resources/spi/loggingProvider> (0x00000000d5dd0b40) 
thrown [s\src\hotspot\share\classfile\systemDictionary.cpp, line 312]

ZGC Phase Switch (0 events):
No events

VM Operations (20 events):
Event: 5.772 Executing VM operation: HandshakeAllThreads (Deoptimize)
Event: 5.772 Executing VM operation: HandshakeAllThreads (Deoptimize) done
Event: 5.784 Executing VM operation: HandshakeAllThreads (Deoptimize)
Event: 5.784 Executing VM operation: HandshakeAllThreads (Deoptimize) done
Event: 6.784 Executing VM operation: Cleanup
Event: 6.784 Executing VM operation: Cleanup done
Event: 7.784 Executing VM operation: Cleanup
Event: 7.784 Executing VM operation: Cleanup done
Event: 9.784 Executing VM operation: Cleanup
Event: 9.784 Executing VM operation: Cleanup done
Event: 10.785 Executing VM operation: Cleanup
Event: 10.785 Executing VM operation: Cleanup done
Event: 11.785 Executing VM operation: Cleanup
Event: 11.785 Executing VM operation: Cleanup done
Event: 12.785 Executing VM operation: Cleanup
Event: 12.786 Executing VM operation: Cleanup done
Event: 13.786 Executing VM operation: Cleanup
Event: 13.786 Executing VM operation: Cleanup done
Event: 14.046 Executing VM operation: ParallelGCFailedAllocation (Allocation Failure)
Event: 14.053 Executing VM operation: ParallelGCFailedAllocation (Allocation Failure) done

Memory protections (0 events):
No events

Nmethod flushes (0 events):
No events

Events (20 events):
Event: 0.229 Thread 0x00000207e0d555b0 Thread added: 0x00000207f99edcf0
Event: 0.230 Thread 0x00000207e0d555b0 Thread added: 0x00000207f99ef7f0
Event: 0.230 Thread 0x00000207e0d555b0 Thread added: 0x00000207f9a00da0
Event: 0.230 Thread 0x00000207e0d555b0 Thread added: 0x00000207f9a074a0
Event: 0.258 Thread 0x00000207e0d555b0 Thread added: 0x00000207f9aae880
Event: 0.835 Thread 0x00000207e0d555b0 Thread added: 0x00000207fa8ede20
Event: 1.045 Thread 0x00000207f9a074a0 Thread added: 0x00000207fa98aed0
Event: 1.463 Thread 0x00000207fa98aed0 Thread exited: 0x00000207fa98aed0
Event: 1.691 Thread 0x00000207f9a074a0 Thread added: 0x00000207fa96d030
Event: 2.124 Thread 0x00000207fa96d030 Thread exited: 0x00000207fa96d030
Event: 2.743 Thread 0x00000207f9a074a0 Thread added: 0x00000207ff515410
Event: 3.707 Thread 0x00000207ff515410 Thread exited: 0x00000207ff515410
Event: 3.823 Thread 0x00000207e0d555b0 Thread added: 0x00000207ff7a2b80
Event: 4.270 Thread 0x00000207e0d555b0 Thread added: 0x00000207ff69bcb0
Event: 4.278 Thread 0x00000207f9a074a0 Thread added: 0x00000207ff7f36e0
Event: 4.336 Thread 0x00000207ff69bcb0 Thread added: 0x00000207ff790560
Event: 4.458 Thread 0x00000207e0d555b0 Thread added: 0x00000207ff76d970
Event: 4.911 Thread 0x00000207ff7f36e0 Thread exited: 0x00000207ff7f36e0
Event: 6.162 Thread 0x00000207f9a00da0 Thread added: 0x00000207ff746a50
Event: 6.298 Thread 0x00000207ff746a50 Thread exited: 0x00000207ff746a50


Dynamic libraries:
0x00007ff655e90000 - 0x00007ff655e9e000 	c:\Users\hp\.vscode\extensions\redhat.java-1.43.1-win32-x64\jre\21.0.7-win32-x86_64\bin\java.exe
0x00007ffe61a30000 - 0x00007ffe61c28000 	C:\WINDOWS\SYSTEM32\ntdll.dll
0x00007ffe4ec70000 - 0x00007ffe4ec90000 	C:\Program Files\Avast Software\Avast\aswhook.dll
0x00007ffe60cf0000 - 0x00007ffe60db2000 	C:\WINDOWS\System32\KERNEL32.DLL
0x00007ffe5f570000 - 0x00007ffe5f866000 	C:\WINDOWS\System32\KERNELBASE.dll
0x00007ffe5f3c0000 - 0x00007ffe5f4c0000 	C:\WINDOWS\System32\ucrtbase.dll
0x00007ffe41310000 - 0x00007ffe41328000 	c:\Users\hp\.vscode\extensions\redhat.java-1.43.1-win32-x64\jre\21.0.7-win32-x86_64\bin\jli.dll
0x00007ffe60060000 - 0x00007ffe601fd000 	C:\WINDOWS\System32\USER32.dll
0x00007ffe5f160000 - 0x00007ffe5f182000 	C:\WINDOWS\System32\win32u.dll
0x00007ffe604c0000 - 0x00007ffe604eb000 	C:\WINDOWS\System32\GDI32.dll
0x00007ffe5f270000 - 0x00007ffe5f389000 	C:\WINDOWS\System32\gdi32full.dll
0x00007ffe5f0c0000 - 0x00007ffe5f15d000 	C:\WINDOWS\System32\msvcp_win.dll
0x00007ffe408e0000 - 0x00007ffe408fe000 	c:\Users\hp\.vscode\extensions\redhat.java-1.43.1-win32-x64\jre\21.0.7-win32-x86_64\bin\VCRUNTIME140.dll
0x00007ffe4de90000 - 0x00007ffe4e12a000 	C:\WINDOWS\WinSxS\amd64_microsoft.windows.common-controls_6595b64144ccf1df_6.0.19041.5915_none_60b4b9d171f9c7c7\COMCTL32.dll
0x00007ffe60dc0000 - 0x00007ffe60e5e000 	C:\WINDOWS\System32\msvcrt.dll
0x00007ffe610b0000 - 0x00007ffe610df000 	C:\WINDOWS\System32\IMM32.DLL
0x00007ffe57710000 - 0x00007ffe5771c000 	c:\Users\hp\.vscode\extensions\redhat.java-1.43.1-win32-x64\jre\21.0.7-win32-x86_64\bin\vcruntime140_1.dll
0x00007ffe3afa0000 - 0x00007ffe3b02d000 	c:\Users\hp\.vscode\extensions\redhat.java-1.43.1-win32-x64\jre\21.0.7-win32-x86_64\bin\msvcp140.dll
0x00007ffdf5fd0000 - 0x00007ffdf6d60000 	c:\Users\hp\.vscode\extensions\redhat.java-1.43.1-win32-x64\jre\21.0.7-win32-x86_64\bin\server\jvm.dll
0x00007ffe610e0000 - 0x00007ffe61191000 	C:\WINDOWS\System32\ADVAPI32.dll
0x00007ffe60c50000 - 0x00007ffe60cef000 	C:\WINDOWS\System32\sechost.dll
0x00007ffe5fed0000 - 0x00007ffe5fff3000 	C:\WINDOWS\System32\RPCRT4.dll
0x00007ffe5f390000 - 0x00007ffe5f3b7000 	C:\WINDOWS\System32\bcrypt.dll
0x00007ffe604f0000 - 0x00007ffe6055b000 	C:\WINDOWS\System32\WS2_32.dll
0x00007ffe5ef20000 - 0x00007ffe5ef6b000 	C:\WINDOWS\SYSTEM32\POWRPROF.dll
0x00007ffe517e0000 - 0x00007ffe51807000 	C:\WINDOWS\SYSTEM32\WINMM.dll
0x00007ffe57530000 - 0x00007ffe5753a000 	C:\WINDOWS\SYSTEM32\VERSION.dll
0x00007ffe5ef00000 - 0x00007ffe5ef12000 	C:\WINDOWS\SYSTEM32\UMPDC.dll
0x00007ffe5ce60000 - 0x00007ffe5ce72000 	C:\WINDOWS\SYSTEM32\kernel.appcore.dll
0x00007ffe576d0000 - 0x00007ffe576da000 	c:\Users\hp\.vscode\extensions\redhat.java-1.43.1-win32-x64\jre\21.0.7-win32-x86_64\bin\jimage.dll
0x00007ffe534f0000 - 0x00007ffe536f1000 	C:\WINDOWS\SYSTEM32\DBGHELP.DLL
0x00007ffe52ea0000 - 0x00007ffe52ed4000 	C:\WINDOWS\SYSTEM32\dbgcore.DLL
0x00007ffe5f1e0000 - 0x00007ffe5f262000 	C:\WINDOWS\System32\bcryptPrimitives.dll
0x00007ffe55fc0000 - 0x00007ffe55fcf000 	c:\Users\hp\.vscode\extensions\redhat.java-1.43.1-win32-x64\jre\21.0.7-win32-x86_64\bin\instrument.dll
0x00007ffe40400000 - 0x00007ffe4041f000 	c:\Users\hp\.vscode\extensions\redhat.java-1.43.1-win32-x64\jre\21.0.7-win32-x86_64\bin\java.dll
0x00007ffe611a0000 - 0x00007ffe6190e000 	C:\WINDOWS\System32\SHELL32.dll
0x00007ffe5d140000 - 0x00007ffe5d8e4000 	C:\WINDOWS\SYSTEM32\windows.storage.dll
0x00007ffe60870000 - 0x00007ffe60bc3000 	C:\WINDOWS\System32\combase.dll
0x00007ffe5ea20000 - 0x00007ffe5ea4b000 	C:\WINDOWS\SYSTEM32\Wldp.dll
0x00007ffe60560000 - 0x00007ffe6062d000 	C:\WINDOWS\System32\OLEAUT32.dll
0x00007ffe603b0000 - 0x00007ffe6045d000 	C:\WINDOWS\System32\SHCORE.dll
0x00007ffe60200000 - 0x00007ffe6025b000 	C:\WINDOWS\System32\shlwapi.dll
0x00007ffe5eff0000 - 0x00007ffe5f014000 	C:\WINDOWS\SYSTEM32\profapi.dll
0x00007ffe3f960000 - 0x00007ffe3f978000 	c:\Users\hp\.vscode\extensions\redhat.java-1.43.1-win32-x64\jre\21.0.7-win32-x86_64\bin\zip.dll
0x00007ffe55fa0000 - 0x00007ffe55fb0000 	C:\Users\hp\.vscode\extensions\redhat.java-1.43.1-win32-x64\jre\21.0.7-win32-x86_64\bin\net.dll
0x00007ffe57eb0000 - 0x00007ffe57fba000 	C:\WINDOWS\SYSTEM32\WINHTTP.dll
0x00007ffe5e780000 - 0x00007ffe5e7ea000 	C:\WINDOWS\system32\mswsock.dll
0x00007ffe3f940000 - 0x00007ffe3f956000 	C:\Users\hp\.vscode\extensions\redhat.java-1.43.1-win32-x64\jre\21.0.7-win32-x86_64\bin\nio.dll
0x00007ffe4f100000 - 0x00007ffe4f110000 	c:\Users\hp\.vscode\extensions\redhat.java-1.43.1-win32-x64\jre\21.0.7-win32-x86_64\bin\verify.dll
0x00007ffe3c210000 - 0x00007ffe3c255000 	C:\Users\hp\AppData\Roaming\Code\User\globalStorage\redhat.java\1.43.1\config_win\org.eclipse.equinox.launcher\org.eclipse.equinox.launcher.win32.win32.x86_64_1.2.1300.v20250331-1702\eclipse_11911.dll
0x00007ffe60260000 - 0x00007ffe6038b000 	C:\WINDOWS\System32\ole32.dll

dbghelp: loaded successfully - version: 4.0.5 - missing functions: none
symbol engine: initialized successfully - sym options: 0x614 - pdb path: .;c:\Users\hp\.vscode\extensions\redhat.java-1.43.1-win32-x64\jre\21.0.7-win32-x86_64\bin;C:\WINDOWS\SYSTEM32;C:\Program Files\Avast Software\Avast;C:\WINDOWS\WinSxS\amd64_microsoft.windows.common-controls_6595b64144ccf1df_6.0.19041.5915_none_60b4b9d171f9c7c7;c:\Users\hp\.vscode\extensions\redhat.java-1.43.1-win32-x64\jre\21.0.7-win32-x86_64\bin\server;C:\Users\hp\AppData\Roaming\Code\User\globalStorage\redhat.java\1.43.1\config_win\org.eclipse.equinox.launcher\org.eclipse.equinox.launcher.win32.win32.x86_64_1.2.1300.v20250331-1702

VM Arguments:
jvm_args: --add-modules=ALL-SYSTEM --add-opens=java.base/java.util=ALL-UNNAMED --add-opens=java.base/java.lang=ALL-UNNAMED --add-opens=java.base/sun.nio.fs=ALL-UNNAMED -Declipse.application=org.eclipse.jdt.ls.core.id1 -Dosgi.bundles.defaultStartLevel=4 -Declipse.product=org.eclipse.jdt.ls.core.product -Djava.import.generatesMetadataFilesAtProjectRoot=false -DDetectVMInstallationsJob.disabled=true -Dfile.encoding=utf8 -XX:+UseParallelGC -XX:GCTimeRatio=4 -XX:AdaptiveSizePolicyWeight=90 -Dsun.zip.disableMemoryMapping=true -Xmx2G -Xms100m -Xlog:disable -javaagent:c:\Users\hp\.vscode\extensions\redhat.java-1.43.1-win32-x64\lombok\lombok-1.18.39-4050.jar -XX:+HeapDumpOnOutOfMemoryError -XX:HeapDumpPath=c:\Users\hp\AppData\Roaming\Code\User\workspaceStorage\2aa29edd15c5f090c369f62f5a021994\redhat.java -Daether.dependencyCollector.impl=bf 
java_command: c:\Users\hp\.vscode\extensions\redhat.java-1.43.1-win32-x64\server\plugins\org.eclipse.equinox.launcher_1.7.0.v20250519-0528.jar -configuration c:\Users\hp\AppData\Roaming\Code\User\globalStorage\redhat.java\1.43.1\config_win -data c:\Users\hp\AppData\Roaming\Code\User\workspaceStorage\2aa29edd15c5f090c369f62f5a021994\redhat.java\jdt_ws --pipe=\\.\pipe\lsp-762fc2e5bf1171e82a4aa5b3f40ca93a-sock
java_class_path (initial): c:\Users\hp\.vscode\extensions\redhat.java-1.43.1-win32-x64\server\plugins\org.eclipse.equinox.launcher_1.7.0.v20250519-0528.jar
Launcher Type: SUN_STANDARD

[Global flags]
    uintx AdaptiveSizePolicyWeight                 = 90                                        {product} {command line}
     intx CICompilerCount                          = 3                                         {product} {ergonomic}
    uintx GCTimeRatio                              = 4                                         {product} {command line}
     bool HeapDumpOnOutOfMemoryError               = true                                   {manageable} {command line}
    ccstr HeapDumpPath                             = c:\Users\hp\AppData\Roaming\Code\User\workspaceStorage\2aa29edd15c5f090c369f62f5a021994\redhat.java         {manageable} {command line}
   size_t InitialHeapSize                          = 104857600                                 {product} {command line}
   size_t MaxHeapSize                              = 2147483648                                {product} {command line}
   size_t MaxNewSize                               = 715653120                                 {product} {ergonomic}
   size_t MinHeapDeltaBytes                        = 524288                                    {product} {ergonomic}
   size_t MinHeapSize                              = 104857600                                 {product} {command line}
   size_t NewSize                                  = 34603008                                  {product} {ergonomic}
    uintx NonNMethodCodeHeapSize                   = 5832780                                {pd product} {ergonomic}
    uintx NonProfiledCodeHeapSize                  = 122912730                              {pd product} {ergonomic}
   size_t OldSize                                  = 70254592                                  {product} {ergonomic}
    uintx ProfiledCodeHeapSize                     = 122912730                              {pd product} {ergonomic}
    uintx ReservedCodeCacheSize                    = 251658240                              {pd product} {ergonomic}
     bool SegmentedCodeCache                       = true                                      {product} {ergonomic}
   size_t SoftMaxHeapSize                          = 2147483648                             {manageable} {ergonomic}
     bool UseCompressedOops                        = true                           {product lp64_product} {ergonomic}
     bool UseLargePagesIndividualAllocation        = false                                  {pd product} {ergonomic}
     bool UseParallelGC                            = true                                      {product} {command line}

Logging:
Log output configuration:
 #0: stdout all=off uptime,level,tags foldmultilines=false
 #1: stderr all=off uptime,level,tags foldmultilines=false

Environment Variables:
PATH=C:\Program Files\Python313\Scripts\;C:\Program Files\Python313\;C:\Python312\Scripts\;C:\Python312\;C:\WINDOWS\system32;C:\WINDOWS;C:\WINDOWS\System32\Wbem;C:\WINDOWS\System32\WindowsPowerShell\v1.0\;C:\WINDOWS\System32\OpenSSH\;C:\Program Files (x86)\NVIDIA Corporation\PhysX\Common;C:\mongosh\bin;C:\Program Files\MongoDB\Server\7.0\bin;C:\ProgramData\chocolatey\bin;C:\Program Files\PuTTY\;C:\Users\hp\AppData\Roaming\nvm;C:\Program Files\nodejs;C:\Program Files\Git\cmd;C:\Program Files\NVIDIA Corporation\NVIDIA app\NvDLISR;C:\Users\hp\AppData\Local\Programs\Python\Python310\Scripts\;C:\Users\hp\AppData\Local\Programs\Python\Python310\;C:\Users\hp\AppData\Local\Microsoft\WindowsApps;C:\Users\hp\AppData\Local\Programs\Microsoft VS Code\bin;C:\dart;C:\src\flutter\bin;C:\Users\hp\AppData\Roaming\npm;C:\Program Files\MySQL\MySQL;C:\Android\platform-tools;%JAVA_HOME%\bin;C:\Program Files\nodejs\;C:\Program Files\MySQL\MySQL Server 8.0\bin;C:\Users\hp\java\jdk-17.0.14+7\bin;C:\msys64\mingw64\bin;C:\msys64\ucrt64\bin;C:\Users\hp\AppData\Local\Android\Sdk\build-tools\35.0.0-rc4\apksigner.exe;C:\Program Files (x86)\GTK2-Runtime\bin;C:\Program Files\Python313\Scripts\;C:\Program Files\Python313\;C:\Python312\Scripts\;C:\Python312\;C:\WINDOWS\system32;C:\WINDOWS;C:\WINDOWS\System32\Wbem;C:\WINDOWS\System32\WindowsPowerShell\v1.0\;C:\WINDOWS\System32\OpenSSH\;C:\Program Files (x86)\NVIDIA Corporation\PhysX\Common;C:\Program Files\ACE Studio;C:\mongosh\bin;C:\Program Files\MongoDB\Server\7.0\bin;C:\ProgramData\chocolatey\bin;C:\Program Files\PuTTY\;C:\Users\hp\AppData\Roaming\nvm;C:\Program Files\nodejs;C:\Program Files\Git\cmd;C:\Program Files\NVIDIA Corporation\NVIDIA app\NvDLISR;C:\Users\hp\AppData\Local\Programs\Python\Python310\Scripts\;C:\Users\hp\AppData\Local\Programs\Python\Python310\;C:\Users\hp\AppData\Local\Microsoft\WindowsApps;C:\Users\hp\AppData\Local\Programs\Microsoft VS Code\bin;C:\dart;C:\src\flutter\bin;C:\Users\hp\AppData\Roaming\npm;C:\Program Files\MySQL\MySQL;C:\Android\platform-tools;%JAVA_HOME%\bin;C:\Program Files\nodejs\;C:\Program Files\MySQL\MySQL Server 8.0\bin;C:\Users\hp\java\jdk-17.0.14+7\bin;C:\msys64\ming
USERNAME=hp
OS=Windows_NT
PROCESSOR_IDENTIFIER=Intel64 Family 6 Model 69 Stepping 1, GenuineIntel
TMP=C:\WINDOWS\TEMP
TEMP=C:\WINDOWS\TEMP




Periodic native trim disabled

---------------  S Y S T E M  ---------------

OS:
 Windows 10 , 64 bit Build 19041 (10.0.19041.5915)
OS uptime: 0 days 7:57 hours

CPU: total 4 (initial active 4) (2 cores per cpu, 2 threads per core) family 6 model 69 stepping 1 microcode 0x25, cx8, cmov, fxsr, ht, mmx, sse, sse2, sse3, ssse3, sse4.1, sse4.2, popcnt, lzcnt, tsc, tscinvbit, avx, avx2, aes, erms, clmul, bmi1, bmi2, fma, vzeroupper, clflush, rdtscp, f16c
Processor Information for the first 4 processors :
  Max Mhz: 2601, Current Mhz: 2000, Mhz Limit: 1976

Memory: 4k page, system-wide physical 8122M (1393M free)
TotalPageFile size 8122M (AvailPageFile size 4M)
current process WorkingSet (physical memory assigned to process): 100M, peak: 100M
current process commit charge ("private bytes"): 230M, peak: 232M

vm_info: OpenJDK 64-Bit Server VM (21.0.7+6-LTS) for windows-amd64 JRE (21.0.7+6-LTS), built on 2025-04-15T00:00:00Z by "admin" with MS VC++ 17.7 (VS2022)

END.
